2025-06-10 19:06:55.300 +05:00 [DBG] Registered model binder providers, in the following order: ["Microsoft.AspNetCore.Mvc.ModelBinding.Binders.BinderTypeModelBinderProvider","Microsoft.AspNetCore.Mvc.ModelBinding.Binders.ServicesModelBinderProvider","Microsoft.AspNetCore.Mvc.ModelBinding.Binders.BodyModelBinderProvider","Microsoft.AspNetCore.Mvc.ModelBinding.Binders.HeaderModelBinderProvider","Microsoft.AspNetCore.Mvc.ModelBinding.Binders.FloatingPointTypeModelBinderProvider","Microsoft.AspNetCore.Mvc.ModelBinding.Binders.EnumTypeModelBinderProvider","Microsoft.AspNetCore.Mvc.ModelBinding.Binders.DateTimeModelBinderProvider","Microsoft.AspNetCore.Mvc.ModelBinding.Binders.SimpleTypeModelBinderProvider","Microsoft.AspNetCore.Mvc.ModelBinding.Binders.TryParseModelBinderProvider","Microsoft.AspNetCore.Mvc.ModelBinding.Binders.CancellationTokenModelBinderProvider","Microsoft.AspNetCore.Mvc.ModelBinding.Binders.ByteArrayModelBinderProvider","Microsoft.AspNetCore.Mvc.ModelBinding.Binders.FormFileModelBinderProvider","Microsoft.AspNetCore.Mvc.ModelBinding.Binders.FormCollectionModelBinderProvider","Microsoft.AspNetCore.Mvc.ModelBinding.Binders.KeyValuePairModelBinderProvider","Microsoft.AspNetCore.Mvc.ModelBinding.Binders.DictionaryModelBinderProvider","Microsoft.AspNetCore.Mvc.ModelBinding.Binders.ArrayModelBinderProvider","Microsoft.AspNetCore.Mvc.ModelBinding.Binders.CollectionModelBinderProvider","Microsoft.AspNetCore.Mvc.ModelBinding.Binders.ComplexObjectModelBinderProvider"]
2025-06-10 19:06:55.368 +05:00 [DBG] Hosting starting
2025-06-10 19:06:55.644 +05:00 [INF] Now listening on: https://localhost:7142
2025-06-10 19:06:55.646 +05:00 [INF] Now listening on: http://localhost:5217
2025-06-10 19:06:55.648 +05:00 [DBG] Loaded hosting startup assembly Extractify.Api
2025-06-10 19:06:55.649 +05:00 [DBG] Loaded hosting startup assembly Microsoft.WebTools.ApiEndpointDiscovery
2025-06-10 19:06:55.651 +05:00 [DBG] Loaded hosting startup assembly Microsoft.AspNetCore.Watch.BrowserRefresh
2025-06-10 19:06:55.652 +05:00 [DBG] Loaded hosting startup assembly Microsoft.WebTools.BrowserLink.Net
2025-06-10 19:06:55.763 +05:00 [INF] Application started. Press Ctrl+C to shut down.
2025-06-10 19:06:55.766 +05:00 [INF] Hosting environment: Development
2025-06-10 19:06:55.767 +05:00 [INF] Content root path: F:\codeFirst\Extractify\Extractify
2025-06-10 19:06:55.769 +05:00 [DBG] Hosting started
2025-06-10 19:06:55.975 +05:00 [DBG] Connection id "0HND8507FF3MR" accepted.
2025-06-10 19:06:55.978 +05:00 [DBG] Connection id "0HND8507FF3MR" received FIN.
2025-06-10 19:06:55.980 +05:00 [DBG] Connection id "0HND8507FF3MS" received FIN.
2025-06-10 19:06:56.010 +05:00 [DBG] Connection id "0HND8507FF3MR" started.
2025-06-10 19:06:56.025 +05:00 [DBG] Connection id "0HND8507FF3MS" accepted.
2025-06-10 19:06:56.061 +05:00 [DBG] Connection id "0HND8507FF3MS" started.
2025-06-10 19:06:56.654 +05:00 [DBG] Failed to authenticate HTTPS connection.
System.IO.IOException: Received an unexpected EOF or 0 bytes from the transport stream.
   at System.Net.Security.SslStream.ReceiveHandshakeFrameAsync[TIOAdapter](CancellationToken cancellationToken)
   at System.Net.Security.SslStream.ForceAuthenticationAsync[TIOAdapter](Boolean receiveFirst, Byte[] reAuthenticationData, CancellationToken cancellationToken)
   at System.Net.Security.SslStream.ProcessAuthenticationWithTelemetryAsync(Boolean isAsync, CancellationToken cancellationToken)
   at Microsoft.AspNetCore.Server.Kestrel.Https.Internal.HttpsConnectionMiddleware.OnConnectionAsync(ConnectionContext context)
2025-06-10 19:06:56.654 +05:00 [DBG] Failed to authenticate HTTPS connection.
System.IO.IOException: Received an unexpected EOF or 0 bytes from the transport stream.
   at System.Net.Security.SslStream.ReceiveHandshakeFrameAsync[TIOAdapter](CancellationToken cancellationToken)
   at System.Net.Security.SslStream.ForceAuthenticationAsync[TIOAdapter](Boolean receiveFirst, Byte[] reAuthenticationData, CancellationToken cancellationToken)
   at System.Net.Security.SslStream.ProcessAuthenticationWithTelemetryAsync(Boolean isAsync, CancellationToken cancellationToken)
   at Microsoft.AspNetCore.Server.Kestrel.Https.Internal.HttpsConnectionMiddleware.OnConnectionAsync(ConnectionContext context)
2025-06-10 19:06:56.700 +05:00 [DBG] Connection id "0HND8507FF3MS" stopped.
2025-06-10 19:06:56.701 +05:00 [DBG] Connection id "0HND8507FF3MR" stopped.
2025-06-10 19:06:56.708 +05:00 [DBG] Connection id "0HND8507FF3MR" sending FIN because: "The Socket transport's send loop completed gracefully."
2025-06-10 19:06:56.708 +05:00 [DBG] Connection id "0HND8507FF3MS" sending FIN because: "The Socket transport's send loop completed gracefully."
2025-06-10 19:06:59.510 +05:00 [DBG] Connection id "0HND8507FF3MT" accepted.
2025-06-10 19:06:59.514 +05:00 [DBG] Connection id "0HND8507FF3MT" started.
2025-06-10 19:06:59.603 +05:00 [DBG] Connection 0HND8507FF3MT established using the following protocol: "Tls12"
2025-06-10 19:06:59.704 +05:00 [INF] Request starting HTTP/2 GET https://localhost:7142/swagger/index.html - null null
2025-06-10 19:07:00.057 +05:00 [DBG] Wildcard detected, all requests with hosts will be allowed.
2025-06-10 19:07:00.095 +05:00 [DBG] No candidates found for the request path '/swagger/index.html'
2025-06-10 19:07:00.097 +05:00 [DBG] Request did not match any endpoints
2025-06-10 19:07:00.315 +05:00 [DBG] Response markup is scheduled to include Browser Link script injection.
2025-06-10 19:07:00.345 +05:00 [DBG] Response markup is scheduled to include browser refresh script injection.
2025-06-10 19:07:00.586 +05:00 [DBG] Response markup was updated to include Browser Link script injection.
2025-06-10 19:07:00.594 +05:00 [DBG] Response markup was updated to include browser refresh script injection.
2025-06-10 19:07:00.610 +05:00 [INF] Request finished HTTP/2 GET https://localhost:7142/swagger/index.html - 200 null text/html;charset=utf-8 904.8585ms
2025-06-10 19:07:00.923 +05:00 [INF] Request starting HTTP/2 GET https://localhost:7142/_framework/aspnetcore-browser-refresh.js - null null
2025-06-10 19:07:01.031 +05:00 [INF] Request finished HTTP/2 GET https://localhost:7142/_framework/aspnetcore-browser-refresh.js - 200 13764 application/javascript; charset=utf-8 108.0234ms
2025-06-10 19:07:01.402 +05:00 [INF] Request starting HTTP/2 GET https://localhost:7142/_vs/browserLink - null null
2025-06-10 19:07:01.591 +05:00 [INF] Request finished HTTP/2 GET https://localhost:7142/_vs/browserLink - 200 null text/javascript; charset=UTF-8 188.781ms
2025-06-10 19:07:02.639 +05:00 [INF] Request starting HTTP/2 GET https://localhost:7142/swagger/v1/swagger.json - null null
2025-06-10 19:07:02.677 +05:00 [DBG] No candidates found for the request path '/swagger/v1/swagger.json'
2025-06-10 19:07:02.697 +05:00 [DBG] Request did not match any endpoints
2025-06-10 19:07:02.872 +05:00 [INF] Request finished HTTP/2 GET https://localhost:7142/swagger/v1/swagger.json - 200 null application/json;charset=utf-8 232.5364ms
2025-06-10 19:07:04.915 +05:00 [DBG] Connection id "0HND8507FF3MT" received FIN.
2025-06-10 19:07:04.924 +05:00 [DBG] The connection queue processing loop for 0HND8507FF3MT completed.
2025-06-10 19:07:04.928 +05:00 [DBG] Connection id "0HND8507FF3MT" is closed. The last processed stream ID was 7.
2025-06-10 19:07:04.930 +05:00 [DBG] Connection id "0HND8507FF3MT" sending FIN because: "The Socket transport's send loop completed gracefully."
2025-06-10 19:07:04.938 +05:00 [DBG] Connection id "0HND8507FF3MT" stopped.
2025-06-10 19:07:07.709 +05:00 [DBG] Connection id "0HND8507FF3MU" accepted.
2025-06-10 19:07:07.714 +05:00 [DBG] Connection id "0HND8507FF3MU" started.
2025-06-10 19:07:07.738 +05:00 [DBG] Connection 0HND8507FF3MU established using the following protocol: "Tls12"
2025-06-10 19:07:07.772 +05:00 [INF] Request starting HTTP/2 GET https://localhost:7142/api/ScrapingTasks - null null
2025-06-10 19:07:07.781 +05:00 [DBG] 1 candidate(s) found for the request path '/api/ScrapingTasks'
2025-06-10 19:07:07.792 +05:00 [DBG] Endpoint 'Extractify.Api.Controllers.ScrapingTasksController.GetAllTasks (Extractify.Api)' with route pattern 'api/ScrapingTasks' is valid for the request path '/api/ScrapingTasks'
2025-06-10 19:07:07.796 +05:00 [DBG] Request matched endpoint 'Extractify.Api.Controllers.ScrapingTasksController.GetAllTasks (Extractify.Api)'
2025-06-10 19:07:07.807 +05:00 [DBG] Static files was skipped as the request already matched an endpoint.
2025-06-10 19:07:07.817 +05:00 [INF] Executing endpoint 'Extractify.Api.Controllers.ScrapingTasksController.GetAllTasks (Extractify.Api)'
2025-06-10 19:07:07.858 +05:00 [INF] Route matched with {action = "GetAllTasks", controller = "ScrapingTasks"}. Executing controller action with signature System.Threading.Tasks.Task`1[Microsoft.AspNetCore.Mvc.IActionResult] GetAllTasks() on controller Extractify.Api.Controllers.ScrapingTasksController (Extractify.Api).
2025-06-10 19:07:07.863 +05:00 [DBG] Execution plan of authorization filters (in the following order): ["None"]
2025-06-10 19:07:07.869 +05:00 [DBG] Execution plan of resource filters (in the following order): ["None"]
2025-06-10 19:07:07.872 +05:00 [DBG] Execution plan of action filters (in the following order): ["Microsoft.AspNetCore.Mvc.ModelBinding.UnsupportedContentTypeFilter (Order: -3000)","Microsoft.AspNetCore.Mvc.Infrastructure.ModelStateInvalidFilter (Order: -2000)"]
2025-06-10 19:07:07.876 +05:00 [DBG] Execution plan of exception filters (in the following order): ["None"]
2025-06-10 19:07:07.878 +05:00 [DBG] Execution plan of result filters (in the following order): ["Microsoft.AspNetCore.Mvc.Infrastructure.ClientErrorResultFilter (Order: -2000)"]
2025-06-10 19:07:07.884 +05:00 [DBG] Executing controller factory for controller Extractify.Api.Controllers.ScrapingTasksController (Extractify.Api)
2025-06-10 19:07:07.908 +05:00 [DBG] Executed controller factory for controller Extractify.Api.Controllers.ScrapingTasksController (Extractify.Api)
2025-06-10 19:07:08.054 +05:00 [INF] Executing action method Extractify.Api.Controllers.ScrapingTasksController.GetAllTasks (Extractify.Api) - Validation state: "Valid"
2025-06-10 19:07:25.895 +05:00 [DBG] Entity Framework Core 8.0.16 initialized 'ApplicationDbContext' using provider 'Microsoft.EntityFrameworkCore.SqlServer:8.0.16' with options: None
2025-06-10 19:07:36.769 +05:00 [DBG] Compiling query expression: 
'DbSet<ScrapingTask>()'
2025-06-10 19:07:37.530 +05:00 [DBG] Generated query execution expression: 
'queryContext => new SingleQueryingEnumerable<ScrapingTask>(
    (RelationalQueryContext)queryContext, 
    RelationalCommandCache.QueryExpression(
        Projection Mapping:
            EmptyProjectionMember -> Dictionary<IProperty, int> { [Property: ScrapingTask.ScrapingTaskId (int) Required PK AfterSave:Throw ValueGenerated.OnAdd, 0], [Property: ScrapingTask.CompletedAt (DateTime?), 1], [Property: ScrapingTask.CreatedAt (DateTime) Required, 2], [Property: ScrapingTask.ImageUrl (string), 3], [Property: ScrapingTask.Selector (string) Required, 4], [Property: ScrapingTask.Status (string) Required, 5], [Property: ScrapingTask.Url (string) Required, 6] }
        SELECT s.ScrapingTaskId, s.CompletedAt, s.CreatedAt, s.ImageUrl, s.Selector, s.Status, s.Url
        FROM ScrapingTasks AS s), 
    null, 
    Func<QueryContext, DbDataReader, ResultContext, SingleQueryResultCoordinator, ScrapingTask>, 
    Extractify.Infrastructure.Data.ApplicationDbContext, 
    False, 
    False, 
    True
)'
2025-06-10 19:07:38.512 +05:00 [DBG] Creating DbConnection.
2025-06-10 19:07:38.561 +05:00 [DBG] Created DbConnection. (45ms).
2025-06-10 19:07:38.645 +05:00 [DBG] Opening connection to database 'ExtractifyDB' on server 'DESKTOP-6R2M2KQ'.
2025-06-10 19:07:39.221 +05:00 [DBG] Opened connection to database 'ExtractifyDB' on server 'DESKTOP-6R2M2KQ'.
2025-06-10 19:07:39.229 +05:00 [DBG] Creating DbCommand for 'ExecuteReader'.
2025-06-10 19:07:39.237 +05:00 [DBG] Created DbCommand for 'ExecuteReader' (8ms).
2025-06-10 19:07:39.243 +05:00 [DBG] Initialized DbCommand for 'ExecuteReader' (14ms).
2025-06-10 19:07:39.256 +05:00 [DBG] Executing DbCommand [Parameters=[], CommandType='"Text"', CommandTimeout='30']
SELECT [s].[ScrapingTaskId], [s].[CompletedAt], [s].[CreatedAt], [s].[ImageUrl], [s].[Selector], [s].[Status], [s].[Url]
FROM [ScrapingTasks] AS [s]
2025-06-10 19:07:39.324 +05:00 [ERR] Failed executing DbCommand (68ms) [Parameters=[], CommandType='"Text"', CommandTimeout='30']
SELECT [s].[ScrapingTaskId], [s].[CompletedAt], [s].[CreatedAt], [s].[ImageUrl], [s].[Selector], [s].[Status], [s].[Url]
FROM [ScrapingTasks] AS [s]
2025-06-10 19:07:39.333 +05:00 [DBG] Closing connection to database 'ExtractifyDB' on server 'DESKTOP-6R2M2KQ'.
2025-06-10 19:07:39.349 +05:00 [DBG] Closed connection to database 'ExtractifyDB' on server 'DESKTOP-6R2M2KQ' (10ms).
2025-06-10 19:07:39.368 +05:00 [ERR] An exception occurred while iterating over the results of a query for context type 'Extractify.Infrastructure.Data.ApplicationDbContext'.
Microsoft.Data.SqlClient.SqlException (0x80131904): Invalid column name 'ImageUrl'.
   at Microsoft.Data.SqlClient.SqlCommand.<>c.<ExecuteDbDataReaderAsync>b__211_0(Task`1 result)
   at System.Threading.Tasks.ContinuationResultTaskFromResultTask`2.InnerInvoke()
   at System.Threading.ExecutionContext.RunInternal(ExecutionContext executionContext, ContextCallback callback, Object state)
--- End of stack trace from previous location ---
   at System.Threading.ExecutionContext.RunInternal(ExecutionContext executionContext, ContextCallback callback, Object state)
   at System.Threading.Tasks.Task.ExecuteWithThreadLocal(Task& currentTaskSlot, Thread threadPoolThread)
--- End of stack trace from previous location ---
   at Microsoft.EntityFrameworkCore.Storage.RelationalCommand.ExecuteReaderAsync(RelationalCommandParameterObject parameterObject, CancellationToken cancellationToken)
   at Microsoft.EntityFrameworkCore.Storage.RelationalCommand.ExecuteReaderAsync(RelationalCommandParameterObject parameterObject, CancellationToken cancellationToken)
   at Microsoft.EntityFrameworkCore.Query.Internal.SingleQueryingEnumerable`1.AsyncEnumerator.InitializeReaderAsync(AsyncEnumerator enumerator, CancellationToken cancellationToken)
   at Microsoft.EntityFrameworkCore.SqlServer.Storage.Internal.SqlServerExecutionStrategy.ExecuteAsync[TState,TResult](TState state, Func`4 operation, Func`4 verifySucceeded, CancellationToken cancellationToken)
   at Microsoft.EntityFrameworkCore.Query.Internal.SingleQueryingEnumerable`1.AsyncEnumerator.MoveNextAsync()
ClientConnectionId:9deb2ad5-7bf0-43f3-9ca2-91637f557ad5
Error Number:207,State:1,Class:16
Microsoft.Data.SqlClient.SqlException (0x80131904): Invalid column name 'ImageUrl'.
   at Microsoft.Data.SqlClient.SqlCommand.<>c.<ExecuteDbDataReaderAsync>b__211_0(Task`1 result)
   at System.Threading.Tasks.ContinuationResultTaskFromResultTask`2.InnerInvoke()
   at System.Threading.ExecutionContext.RunInternal(ExecutionContext executionContext, ContextCallback callback, Object state)
--- End of stack trace from previous location ---
   at System.Threading.ExecutionContext.RunInternal(ExecutionContext executionContext, ContextCallback callback, Object state)
   at System.Threading.Tasks.Task.ExecuteWithThreadLocal(Task& currentTaskSlot, Thread threadPoolThread)
--- End of stack trace from previous location ---
   at Microsoft.EntityFrameworkCore.Storage.RelationalCommand.ExecuteReaderAsync(RelationalCommandParameterObject parameterObject, CancellationToken cancellationToken)
   at Microsoft.EntityFrameworkCore.Storage.RelationalCommand.ExecuteReaderAsync(RelationalCommandParameterObject parameterObject, CancellationToken cancellationToken)
   at Microsoft.EntityFrameworkCore.Query.Internal.SingleQueryingEnumerable`1.AsyncEnumerator.InitializeReaderAsync(AsyncEnumerator enumerator, CancellationToken cancellationToken)
   at Microsoft.EntityFrameworkCore.SqlServer.Storage.Internal.SqlServerExecutionStrategy.ExecuteAsync[TState,TResult](TState state, Func`4 operation, Func`4 verifySucceeded, CancellationToken cancellationToken)
   at Microsoft.EntityFrameworkCore.Query.Internal.SingleQueryingEnumerable`1.AsyncEnumerator.MoveNextAsync()
ClientConnectionId:9deb2ad5-7bf0-43f3-9ca2-91637f557ad5
Error Number:207,State:1,Class:16
2025-06-10 19:10:07.812 +05:00 [INF] Validating DI for IScraperClient
2025-06-10 19:10:07.889 +05:00 [INF] Validating DI for IScrapingService
2025-06-10 19:10:08.174 +05:00 [DBG] An 'IServiceProvider' was created for internal use by Entity Framework.
2025-06-10 19:10:08.371 +05:00 [INF] DI validation successful
