2025-06-10 19:04:52.448 +05:00 [DBG] Registered model binder providers, in the following order: ["Microsoft.AspNetCore.Mvc.ModelBinding.Binders.BinderTypeModelBinderProvider","Microsoft.AspNetCore.Mvc.ModelBinding.Binders.ServicesModelBinderProvider","Microsoft.AspNetCore.Mvc.ModelBinding.Binders.BodyModelBinderProvider","Microsoft.AspNetCore.Mvc.ModelBinding.Binders.HeaderModelBinderProvider","Microsoft.AspNetCore.Mvc.ModelBinding.Binders.FloatingPointTypeModelBinderProvider","Microsoft.AspNetCore.Mvc.ModelBinding.Binders.EnumTypeModelBinderProvider","Microsoft.AspNetCore.Mvc.ModelBinding.Binders.DateTimeModelBinderProvider","Microsoft.AspNetCore.Mvc.ModelBinding.Binders.SimpleTypeModelBinderProvider","Microsoft.AspNetCore.Mvc.ModelBinding.Binders.TryParseModelBinderProvider","Microsoft.AspNetCore.Mvc.ModelBinding.Binders.CancellationTokenModelBinderProvider","Microsoft.AspNetCore.Mvc.ModelBinding.Binders.ByteArrayModelBinderProvider","Microsoft.AspNetCore.Mvc.ModelBinding.Binders.FormFileModelBinderProvider","Microsoft.AspNetCore.Mvc.ModelBinding.Binders.FormCollectionModelBinderProvider","Microsoft.AspNetCore.Mvc.ModelBinding.Binders.KeyValuePairModelBinderProvider","Microsoft.AspNetCore.Mvc.ModelBinding.Binders.DictionaryModelBinderProvider","Microsoft.AspNetCore.Mvc.ModelBinding.Binders.ArrayModelBinderProvider","Microsoft.AspNetCore.Mvc.ModelBinding.Binders.CollectionModelBinderProvider","Microsoft.AspNetCore.Mvc.ModelBinding.Binders.ComplexObjectModelBinderProvider"]
2025-06-10 19:04:52.558 +05:00 [DBG] Hosting starting
2025-06-10 19:04:52.893 +05:00 [INF] Now listening on: https://localhost:7142
2025-06-10 19:04:52.895 +05:00 [INF] Now listening on: http://localhost:5217
2025-06-10 19:04:52.896 +05:00 [DBG] Loaded hosting startup assembly Extractify.Api
2025-06-10 19:04:52.897 +05:00 [DBG] Loaded hosting startup assembly Microsoft.WebTools.ApiEndpointDiscovery
2025-06-10 19:04:52.899 +05:00 [DBG] Loaded hosting startup assembly Microsoft.AspNetCore.Watch.BrowserRefresh
2025-06-10 19:04:52.900 +05:00 [DBG] Loaded hosting startup assembly Microsoft.WebTools.BrowserLink.Net
2025-06-10 19:04:53.036 +05:00 [DBG] Connection id "0HND84V2R19IJ" received FIN.
2025-06-10 19:04:53.039 +05:00 [INF] Application started. Press Ctrl+C to shut down.
2025-06-10 19:04:53.065 +05:00 [INF] Hosting environment: Development
2025-06-10 19:04:53.067 +05:00 [INF] Content root path: F:\codeFirst\Extractify\Extractify
2025-06-10 19:04:53.068 +05:00 [DBG] Hosting started
2025-06-10 19:04:53.076 +05:00 [DBG] Connection id "0HND84V2R19IJ" accepted.
2025-06-10 19:04:53.086 +05:00 [DBG] Connection id "0HND84V2R19IJ" started.
2025-06-10 19:04:53.626 +05:00 [DBG] Failed to authenticate HTTPS connection.
System.IO.IOException: Received an unexpected EOF or 0 bytes from the transport stream.
   at System.Net.Security.SslStream.ReceiveHandshakeFrameAsync[TIOAdapter](CancellationToken cancellationToken)
   at System.Net.Security.SslStream.ForceAuthenticationAsync[TIOAdapter](Boolean receiveFirst, Byte[] reAuthenticationData, CancellationToken cancellationToken)
   at System.Net.Security.SslStream.ProcessAuthenticationWithTelemetryAsync(Boolean isAsync, CancellationToken cancellationToken)
   at Microsoft.AspNetCore.Server.Kestrel.Https.Internal.HttpsConnectionMiddleware.OnConnectionAsync(ConnectionContext context)
2025-06-10 19:04:53.699 +05:00 [DBG] Connection id "0HND84V2R19IJ" stopped.
2025-06-10 19:04:53.718 +05:00 [DBG] Connection id "0HND84V2R19IJ" sending FIN because: "The Socket transport's send loop completed gracefully."
2025-06-10 19:04:57.462 +05:00 [DBG] Connection id "0HND84V2R19IK" accepted.
2025-06-10 19:04:57.505 +05:00 [DBG] Connection id "0HND84V2R19IK" started.
2025-06-10 19:04:57.833 +05:00 [DBG] Connection 0HND84V2R19IK established using the following protocol: "Tls12"
2025-06-10 19:04:57.943 +05:00 [INF] Request starting HTTP/2 GET https://localhost:7142/swagger/index.html - null null
2025-06-10 19:04:58.492 +05:00 [DBG] Wildcard detected, all requests with hosts will be allowed.
2025-06-10 19:04:58.535 +05:00 [DBG] No candidates found for the request path '/swagger/index.html'
2025-06-10 19:04:58.759 +05:00 [DBG] Request did not match any endpoints
2025-06-10 19:04:58.938 +05:00 [DBG] Response markup is scheduled to include Browser Link script injection.
2025-06-10 19:04:58.944 +05:00 [DBG] Response markup is scheduled to include browser refresh script injection.
2025-06-10 19:04:59.012 +05:00 [DBG] Response markup was updated to include Browser Link script injection.
2025-06-10 19:04:59.021 +05:00 [DBG] Response markup was updated to include browser refresh script injection.
2025-06-10 19:04:59.026 +05:00 [INF] Request finished HTTP/2 GET https://localhost:7142/swagger/index.html - 200 null text/html;charset=utf-8 1092.6163ms
2025-06-10 19:04:59.114 +05:00 [INF] Request starting HTTP/2 GET https://localhost:7142/_framework/aspnetcore-browser-refresh.js - null null
2025-06-10 19:04:59.213 +05:00 [INF] Request finished HTTP/2 GET https://localhost:7142/_framework/aspnetcore-browser-refresh.js - 200 13764 application/javascript; charset=utf-8 99.3213ms
2025-06-10 19:04:59.741 +05:00 [INF] Request starting HTTP/2 GET https://localhost:7142/_vs/browserLink - null null
2025-06-10 19:04:59.951 +05:00 [INF] Request finished HTTP/2 GET https://localhost:7142/_vs/browserLink - 200 null text/javascript; charset=UTF-8 210.0595ms
2025-06-10 19:05:00.914 +05:00 [INF] Request starting HTTP/2 GET https://localhost:7142/swagger/v1/swagger.json - null null
2025-06-10 19:05:01.050 +05:00 [DBG] No candidates found for the request path '/swagger/v1/swagger.json'
2025-06-10 19:05:01.053 +05:00 [DBG] Request did not match any endpoints
2025-06-10 19:05:01.079 +05:00 [INF] Request finished HTTP/2 GET https://localhost:7142/swagger/v1/swagger.json - 200 null application/json;charset=utf-8 165.8477ms
2025-06-10 19:05:01.836 +05:00 [DBG] Connection id "0HND84V2R19IK" received FIN.
2025-06-10 19:05:01.845 +05:00 [DBG] Connection id "0HND84V2R19IK" is closed. The last processed stream ID was 7.
2025-06-10 19:05:01.846 +05:00 [DBG] The connection queue processing loop for 0HND84V2R19IK completed.
2025-06-10 19:05:01.847 +05:00 [DBG] Connection id "0HND84V2R19IK" sending FIN because: "The Socket transport's send loop completed gracefully."
2025-06-10 19:05:01.854 +05:00 [DBG] Connection id "0HND84V2R19IK" stopped.
2025-06-10 19:05:05.176 +05:00 [DBG] Connection id "0HND84V2R19IL" accepted.
2025-06-10 19:05:05.193 +05:00 [DBG] Connection id "0HND84V2R19IL" started.
2025-06-10 19:05:05.223 +05:00 [DBG] Connection 0HND84V2R19IL established using the following protocol: "Tls12"
2025-06-10 19:05:05.238 +05:00 [INF] Request starting HTTP/2 GET https://localhost:7142/api/ScrapingTasks - null null
2025-06-10 19:05:05.246 +05:00 [DBG] 1 candidate(s) found for the request path '/api/ScrapingTasks'
2025-06-10 19:05:05.254 +05:00 [DBG] Endpoint 'Extractify.Api.Controllers.ScrapingTasksController.GetAllTasks (Extractify.Api)' with route pattern 'api/ScrapingTasks' is valid for the request path '/api/ScrapingTasks'
2025-06-10 19:05:05.257 +05:00 [DBG] Request matched endpoint 'Extractify.Api.Controllers.ScrapingTasksController.GetAllTasks (Extractify.Api)'
2025-06-10 19:05:05.263 +05:00 [DBG] Static files was skipped as the request already matched an endpoint.
2025-06-10 19:05:05.270 +05:00 [DBG] The request has an origin header: 'http://localhost:4200'.
2025-06-10 19:05:05.272 +05:00 [INF] CORS policy execution successful.
2025-06-10 19:05:05.277 +05:00 [INF] Executing endpoint 'Extractify.Api.Controllers.ScrapingTasksController.GetAllTasks (Extractify.Api)'
2025-06-10 19:05:05.312 +05:00 [INF] Route matched with {action = "GetAllTasks", controller = "ScrapingTasks"}. Executing controller action with signature System.Threading.Tasks.Task`1[Microsoft.AspNetCore.Mvc.IActionResult] GetAllTasks() on controller Extractify.Api.Controllers.ScrapingTasksController (Extractify.Api).
2025-06-10 19:05:05.320 +05:00 [DBG] Execution plan of authorization filters (in the following order): ["None"]
2025-06-10 19:05:05.323 +05:00 [DBG] Execution plan of resource filters (in the following order): ["None"]
2025-06-10 19:05:05.325 +05:00 [DBG] Execution plan of action filters (in the following order): ["Microsoft.AspNetCore.Mvc.ModelBinding.UnsupportedContentTypeFilter (Order: -3000)","Microsoft.AspNetCore.Mvc.Infrastructure.ModelStateInvalidFilter (Order: -2000)"]
2025-06-10 19:05:05.329 +05:00 [DBG] Execution plan of exception filters (in the following order): ["None"]
2025-06-10 19:05:05.332 +05:00 [DBG] Execution plan of result filters (in the following order): ["Microsoft.AspNetCore.Mvc.Infrastructure.ClientErrorResultFilter (Order: -2000)"]
2025-06-10 19:05:05.338 +05:00 [DBG] Executing controller factory for controller Extractify.Api.Controllers.ScrapingTasksController (Extractify.Api)
2025-06-10 19:05:05.379 +05:00 [DBG] Executed controller factory for controller Extractify.Api.Controllers.ScrapingTasksController (Extractify.Api)
2025-06-10 19:05:05.522 +05:00 [INF] Executing action method Extractify.Api.Controllers.ScrapingTasksController.GetAllTasks (Extractify.Api) - Validation state: "Valid"
2025-06-10 19:05:11.160 +05:00 [DBG] Entity Framework Core 8.0.16 initialized 'ApplicationDbContext' using provider 'Microsoft.EntityFrameworkCore.SqlServer:8.0.16' with options: None
2025-06-10 19:05:11.246 +05:00 [DBG] Compiling query expression: 
'DbSet<ScrapingTask>()'
2025-06-10 19:05:11.571 +05:00 [DBG] Generated query execution expression: 
'queryContext => new SingleQueryingEnumerable<ScrapingTask>(
    (RelationalQueryContext)queryContext, 
    RelationalCommandCache.QueryExpression(
        Projection Mapping:
            EmptyProjectionMember -> Dictionary<IProperty, int> { [Property: ScrapingTask.ScrapingTaskId (int) Required PK AfterSave:Throw ValueGenerated.OnAdd, 0], [Property: ScrapingTask.CompletedAt (DateTime?), 1], [Property: ScrapingTask.CreatedAt (DateTime) Required, 2], [Property: ScrapingTask.ImageUrl (string), 3], [Property: ScrapingTask.Selector (string) Required, 4], [Property: ScrapingTask.Status (string) Required, 5], [Property: ScrapingTask.Url (string) Required, 6] }
        SELECT s.ScrapingTaskId, s.CompletedAt, s.CreatedAt, s.ImageUrl, s.Selector, s.Status, s.Url
        FROM ScrapingTasks AS s), 
    null, 
    Func<QueryContext, DbDataReader, ResultContext, SingleQueryResultCoordinator, ScrapingTask>, 
    Extractify.Infrastructure.Data.ApplicationDbContext, 
    False, 
    False, 
    True
)'
2025-06-10 19:05:11.654 +05:00 [DBG] Creating DbConnection.
2025-06-10 19:05:11.696 +05:00 [DBG] Created DbConnection. (38ms).
2025-06-10 19:05:11.704 +05:00 [DBG] Opening connection to database 'ExtractifyDB' on server 'DESKTOP-6R2M2KQ'.
2025-06-10 19:05:12.221 +05:00 [DBG] Opened connection to database 'ExtractifyDB' on server 'DESKTOP-6R2M2KQ'.
2025-06-10 19:05:12.228 +05:00 [DBG] Creating DbCommand for 'ExecuteReader'.
2025-06-10 19:05:12.237 +05:00 [DBG] Created DbCommand for 'ExecuteReader' (8ms).
2025-06-10 19:05:12.241 +05:00 [DBG] Initialized DbCommand for 'ExecuteReader' (14ms).
2025-06-10 19:05:12.255 +05:00 [DBG] Executing DbCommand [Parameters=[], CommandType='"Text"', CommandTimeout='30']
SELECT [s].[ScrapingTaskId], [s].[CompletedAt], [s].[CreatedAt], [s].[ImageUrl], [s].[Selector], [s].[Status], [s].[Url]
FROM [ScrapingTasks] AS [s]
2025-06-10 19:05:12.326 +05:00 [ERR] Failed executing DbCommand (72ms) [Parameters=[], CommandType='"Text"', CommandTimeout='30']
SELECT [s].[ScrapingTaskId], [s].[CompletedAt], [s].[CreatedAt], [s].[ImageUrl], [s].[Selector], [s].[Status], [s].[Url]
FROM [ScrapingTasks] AS [s]
2025-06-10 19:05:12.337 +05:00 [DBG] Closing connection to database 'ExtractifyDB' on server 'DESKTOP-6R2M2KQ'.
2025-06-10 19:05:12.354 +05:00 [DBG] Closed connection to database 'ExtractifyDB' on server 'DESKTOP-6R2M2KQ' (10ms).
2025-06-10 19:05:12.372 +05:00 [ERR] An exception occurred while iterating over the results of a query for context type 'Extractify.Infrastructure.Data.ApplicationDbContext'.
Microsoft.Data.SqlClient.SqlException (0x80131904): Invalid column name 'ImageUrl'.
   at Microsoft.Data.SqlClient.SqlCommand.<>c.<ExecuteDbDataReaderAsync>b__211_0(Task`1 result)
   at System.Threading.Tasks.ContinuationResultTaskFromResultTask`2.InnerInvoke()
   at System.Threading.ExecutionContext.RunInternal(ExecutionContext executionContext, ContextCallback callback, Object state)
--- End of stack trace from previous location ---
   at System.Threading.ExecutionContext.RunInternal(ExecutionContext executionContext, ContextCallback callback, Object state)
   at System.Threading.Tasks.Task.ExecuteWithThreadLocal(Task& currentTaskSlot, Thread threadPoolThread)
--- End of stack trace from previous location ---
   at Microsoft.EntityFrameworkCore.Storage.RelationalCommand.ExecuteReaderAsync(RelationalCommandParameterObject parameterObject, CancellationToken cancellationToken)
   at Microsoft.EntityFrameworkCore.Storage.RelationalCommand.ExecuteReaderAsync(RelationalCommandParameterObject parameterObject, CancellationToken cancellationToken)
   at Microsoft.EntityFrameworkCore.Query.Internal.SingleQueryingEnumerable`1.AsyncEnumerator.InitializeReaderAsync(AsyncEnumerator enumerator, CancellationToken cancellationToken)
   at Microsoft.EntityFrameworkCore.SqlServer.Storage.Internal.SqlServerExecutionStrategy.ExecuteAsync[TState,TResult](TState state, Func`4 operation, Func`4 verifySucceeded, CancellationToken cancellationToken)
   at Microsoft.EntityFrameworkCore.Query.Internal.SingleQueryingEnumerable`1.AsyncEnumerator.MoveNextAsync()
ClientConnectionId:ddcf1013-6718-4996-8093-e60524acecd2
Error Number:207,State:1,Class:16
Microsoft.Data.SqlClient.SqlException (0x80131904): Invalid column name 'ImageUrl'.
   at Microsoft.Data.SqlClient.SqlCommand.<>c.<ExecuteDbDataReaderAsync>b__211_0(Task`1 result)
   at System.Threading.Tasks.ContinuationResultTaskFromResultTask`2.InnerInvoke()
   at System.Threading.ExecutionContext.RunInternal(ExecutionContext executionContext, ContextCallback callback, Object state)
--- End of stack trace from previous location ---
   at System.Threading.ExecutionContext.RunInternal(ExecutionContext executionContext, ContextCallback callback, Object state)
   at System.Threading.Tasks.Task.ExecuteWithThreadLocal(Task& currentTaskSlot, Thread threadPoolThread)
--- End of stack trace from previous location ---
   at Microsoft.EntityFrameworkCore.Storage.RelationalCommand.ExecuteReaderAsync(RelationalCommandParameterObject parameterObject, CancellationToken cancellationToken)
   at Microsoft.EntityFrameworkCore.Storage.RelationalCommand.ExecuteReaderAsync(RelationalCommandParameterObject parameterObject, CancellationToken cancellationToken)
   at Microsoft.EntityFrameworkCore.Query.Internal.SingleQueryingEnumerable`1.AsyncEnumerator.InitializeReaderAsync(AsyncEnumerator enumerator, CancellationToken cancellationToken)
   at Microsoft.EntityFrameworkCore.SqlServer.Storage.Internal.SqlServerExecutionStrategy.ExecuteAsync[TState,TResult](TState state, Func`4 operation, Func`4 verifySucceeded, CancellationToken cancellationToken)
   at Microsoft.EntityFrameworkCore.Query.Internal.SingleQueryingEnumerable`1.AsyncEnumerator.MoveNextAsync()
ClientConnectionId:ddcf1013-6718-4996-8093-e60524acecd2
Error Number:207,State:1,Class:16
2025-06-10 19:06:54.446 +05:00 [INF] Validating DI for IScraperClient
2025-06-10 19:06:54.544 +05:00 [INF] Validating DI for IScrapingService
2025-06-10 19:06:54.781 +05:00 [DBG] An 'IServiceProvider' was created for internal use by Entity Framework.
2025-06-10 19:06:55.097 +05:00 [INF] DI validation successful
