2025-06-11 16:33:24.522 +05:00 [DBG] Registered model binder providers, in the following order: ["Microsoft.AspNetCore.Mvc.ModelBinding.Binders.BinderTypeModelBinderProvider","Microsoft.AspNetCore.Mvc.ModelBinding.Binders.ServicesModelBinderProvider","Microsoft.AspNetCore.Mvc.ModelBinding.Binders.BodyModelBinderProvider","Microsoft.AspNetCore.Mvc.ModelBinding.Binders.HeaderModelBinderProvider","Microsoft.AspNetCore.Mvc.ModelBinding.Binders.FloatingPointTypeModelBinderProvider","Microsoft.AspNetCore.Mvc.ModelBinding.Binders.EnumTypeModelBinderProvider","Microsoft.AspNetCore.Mvc.ModelBinding.Binders.DateTimeModelBinderProvider","Microsoft.AspNetCore.Mvc.ModelBinding.Binders.SimpleTypeModelBinderProvider","Microsoft.AspNetCore.Mvc.ModelBinding.Binders.TryParseModelBinderProvider","Microsoft.AspNetCore.Mvc.ModelBinding.Binders.CancellationTokenModelBinderProvider","Microsoft.AspNetCore.Mvc.ModelBinding.Binders.ByteArrayModelBinderProvider","Microsoft.AspNetCore.Mvc.ModelBinding.Binders.FormFileModelBinderProvider","Microsoft.AspNetCore.Mvc.ModelBinding.Binders.FormCollectionModelBinderProvider","Microsoft.AspNetCore.Mvc.ModelBinding.Binders.KeyValuePairModelBinderProvider","Microsoft.AspNetCore.Mvc.ModelBinding.Binders.DictionaryModelBinderProvider","Microsoft.AspNetCore.Mvc.ModelBinding.Binders.ArrayModelBinderProvider","Microsoft.AspNetCore.Mvc.ModelBinding.Binders.CollectionModelBinderProvider","Microsoft.AspNetCore.Mvc.ModelBinding.Binders.ComplexObjectModelBinderProvider"]
2025-06-11 16:33:24.809 +05:00 [DBG] Hosting starting
2025-06-11 16:33:25.470 +05:00 [INF] Now listening on: https://localhost:7142
2025-06-11 16:33:25.498 +05:00 [INF] Now listening on: http://localhost:5217
2025-06-11 16:33:25.508 +05:00 [DBG] Loaded hosting startup assembly Extractify.Api
2025-06-11 16:33:25.509 +05:00 [DBG] Loaded hosting startup assembly Microsoft.WebTools.ApiEndpointDiscovery
2025-06-11 16:33:25.511 +05:00 [DBG] Loaded hosting startup assembly Microsoft.AspNetCore.Watch.BrowserRefresh
2025-06-11 16:33:25.512 +05:00 [DBG] Loaded hosting startup assembly Microsoft.WebTools.BrowserLink.Net
2025-06-11 16:33:25.634 +05:00 [INF] Application started. Press Ctrl+C to shut down.
2025-06-11 16:33:25.637 +05:00 [INF] Hosting environment: Development
2025-06-11 16:33:25.639 +05:00 [INF] Content root path: F:\codeFirst\Extractify\Extractify
2025-06-11 16:33:25.639 +05:00 [DBG] Connection id "0HND8RF3PFCPN" accepted.
2025-06-11 16:33:25.652 +05:00 [DBG] Connection id "0HND8RF3PFCPN" received FIN.
2025-06-11 16:33:25.653 +05:00 [DBG] Hosting started
2025-06-11 16:33:25.656 +05:00 [DBG] Connection id "0HND8RF3PFCPN" started.
2025-06-11 16:33:25.776 +05:00 [DBG] Failed to authenticate HTTPS connection.
System.IO.IOException: Received an unexpected EOF or 0 bytes from the transport stream.
   at System.Net.Security.SslStream.ReceiveHandshakeFrameAsync[TIOAdapter](CancellationToken cancellationToken)
   at System.Net.Security.SslStream.ForceAuthenticationAsync[TIOAdapter](Boolean receiveFirst, Byte[] reAuthenticationData, CancellationToken cancellationToken)
   at System.Net.Security.SslStream.ProcessAuthenticationWithTelemetryAsync(Boolean isAsync, CancellationToken cancellationToken)
   at Microsoft.AspNetCore.Server.Kestrel.Https.Internal.HttpsConnectionMiddleware.OnConnectionAsync(ConnectionContext context)
2025-06-11 16:33:25.887 +05:00 [DBG] Connection id "0HND8RF3PFCPN" stopped.
2025-06-11 16:33:25.924 +05:00 [DBG] Connection id "0HND8RF3PFCPN" sending FIN because: "The Socket transport's send loop completed gracefully."
2025-06-11 16:33:27.760 +05:00 [DBG] Connection id "0HND8RF3PFCPO" accepted.
2025-06-11 16:33:27.971 +05:00 [DBG] Connection id "0HND8RF3PFCPP" accepted.
2025-06-11 16:33:27.971 +05:00 [DBG] Connection id "0HND8RF3PFCPO" started.
2025-06-11 16:33:27.975 +05:00 [DBG] Connection id "0HND8RF3PFCPP" started.
2025-06-11 16:33:28.091 +05:00 [DBG] Connection 0HND8RF3PFCPP established using the following protocol: "Tls12"
2025-06-11 16:33:28.091 +05:00 [DBG] Connection 0HND8RF3PFCPO established using the following protocol: "Tls12"
2025-06-11 16:33:28.257 +05:00 [INF] Request starting HTTP/2 GET https://localhost:7142/swagger/index.html - null null
2025-06-11 16:33:28.988 +05:00 [DBG] Wildcard detected, all requests with hosts will be allowed.
2025-06-11 16:33:29.033 +05:00 [DBG] No candidates found for the request path '/swagger/index.html'
2025-06-11 16:33:29.036 +05:00 [DBG] Request did not match any endpoints
2025-06-11 16:33:29.187 +05:00 [DBG] Response markup is scheduled to include Browser Link script injection.
2025-06-11 16:33:29.196 +05:00 [DBG] Response markup is scheduled to include browser refresh script injection.
2025-06-11 16:33:29.230 +05:00 [DBG] Response markup was updated to include Browser Link script injection.
2025-06-11 16:33:29.233 +05:00 [DBG] Response markup was updated to include browser refresh script injection.
2025-06-11 16:33:29.240 +05:00 [INF] Request finished HTTP/2 GET https://localhost:7142/swagger/index.html - 200 null text/html;charset=utf-8 993.7084ms
2025-06-11 16:33:29.370 +05:00 [INF] Request starting HTTP/2 GET https://localhost:7142/_framework/aspnetcore-browser-refresh.js - null null
2025-06-11 16:33:29.442 +05:00 [INF] Request finished HTTP/2 GET https://localhost:7142/_framework/aspnetcore-browser-refresh.js - 200 13764 application/javascript; charset=utf-8 71.8279ms
2025-06-11 16:33:29.906 +05:00 [INF] Request starting HTTP/2 GET https://localhost:7142/_vs/browserLink - null null
2025-06-11 16:33:30.017 +05:00 [INF] Request finished HTTP/2 GET https://localhost:7142/_vs/browserLink - 200 null text/javascript; charset=UTF-8 111.4517ms
2025-06-11 16:33:31.274 +05:00 [INF] Request starting HTTP/2 GET https://localhost:7142/swagger/v1/swagger.json - null null
2025-06-11 16:33:31.373 +05:00 [DBG] No candidates found for the request path '/swagger/v1/swagger.json'
2025-06-11 16:33:31.374 +05:00 [DBG] Request did not match any endpoints
2025-06-11 16:33:31.419 +05:00 [INF] Request finished HTTP/2 GET https://localhost:7142/swagger/v1/swagger.json - 200 null application/json;charset=utf-8 142.0091ms
2025-06-11 16:34:03.767 +05:00 [DBG] Connection id "0HND8RF3PFCPQ" accepted.
2025-06-11 16:34:03.817 +05:00 [DBG] Connection id "0HND8RF3PFCPQ" started.
2025-06-11 16:34:03.850 +05:00 [DBG] Connection 0HND8RF3PFCPQ established using the following protocol: "Tls12"
2025-06-11 16:34:03.888 +05:00 [INF] Request starting HTTP/2 GET https://localhost:7142/api/ScrapingTasks/ScrapingTasks - null null
2025-06-11 16:34:03.916 +05:00 [DBG] 1 candidate(s) found for the request path '/api/ScrapingTasks/ScrapingTasks'
2025-06-11 16:34:03.935 +05:00 [DBG] Endpoint 'Extractify.Api.Controllers.ScrapingTasksController.GetTask (Extractify.Api)' with route pattern 'api/ScrapingTasks/{id}' is valid for the request path '/api/ScrapingTasks/ScrapingTasks'
2025-06-11 16:34:03.942 +05:00 [DBG] Request matched endpoint 'Extractify.Api.Controllers.ScrapingTasksController.GetTask (Extractify.Api)'
2025-06-11 16:34:03.958 +05:00 [DBG] Static files was skipped as the request already matched an endpoint.
2025-06-11 16:34:03.971 +05:00 [DBG] The request has an origin header: 'http://localhost:4200'.
2025-06-11 16:34:03.975 +05:00 [INF] CORS policy execution successful.
2025-06-11 16:34:03.983 +05:00 [INF] Executing endpoint 'Extractify.Api.Controllers.ScrapingTasksController.GetTask (Extractify.Api)'
2025-06-11 16:34:04.044 +05:00 [INF] Route matched with {action = "GetTask", controller = "ScrapingTasks"}. Executing controller action with signature System.Threading.Tasks.Task`1[Microsoft.AspNetCore.Mvc.IActionResult] GetTask(Int32) on controller Extractify.Api.Controllers.ScrapingTasksController (Extractify.Api).
2025-06-11 16:34:04.049 +05:00 [DBG] Execution plan of authorization filters (in the following order): ["None"]
2025-06-11 16:34:04.051 +05:00 [DBG] Execution plan of resource filters (in the following order): ["None"]
2025-06-11 16:34:04.054 +05:00 [DBG] Execution plan of action filters (in the following order): ["Microsoft.AspNetCore.Mvc.ModelBinding.UnsupportedContentTypeFilter (Order: -3000)","Microsoft.AspNetCore.Mvc.Infrastructure.ModelStateInvalidFilter (Order: -2000)"]
2025-06-11 16:34:04.058 +05:00 [DBG] Execution plan of exception filters (in the following order): ["None"]
2025-06-11 16:34:04.061 +05:00 [DBG] Execution plan of result filters (in the following order): ["Microsoft.AspNetCore.Mvc.Infrastructure.ClientErrorResultFilter (Order: -2000)"]
2025-06-11 16:34:04.067 +05:00 [DBG] Executing controller factory for controller Extractify.Api.Controllers.ScrapingTasksController (Extractify.Api)
2025-06-11 16:34:04.093 +05:00 [DBG] Executed controller factory for controller Extractify.Api.Controllers.ScrapingTasksController (Extractify.Api)
2025-06-11 16:34:04.120 +05:00 [DBG] Attempting to bind parameter 'id' of type 'System.Int32' ...
2025-06-11 16:34:04.144 +05:00 [DBG] Attempting to bind parameter 'id' of type 'System.Int32' using the name 'id' in request data ...
2025-06-11 16:34:04.167 +05:00 [DBG] Done attempting to bind parameter 'id' of type 'System.Int32'.
2025-06-11 16:34:04.171 +05:00 [DBG] Done attempting to bind parameter 'id' of type 'System.Int32'.
2025-06-11 16:34:04.174 +05:00 [DBG] Attempting to validate the bound parameter 'id' of type 'System.Int32' ...
2025-06-11 16:34:04.181 +05:00 [DBG] Done attempting to validate the bound parameter 'id' of type 'System.Int32'.
2025-06-11 16:34:04.190 +05:00 [DBG] The request has model state errors, returning an error response.
2025-06-11 16:34:04.197 +05:00 [DBG] Request was short circuited at action filter 'Microsoft.AspNetCore.Mvc.Infrastructure.ModelStateInvalidFilter'.
2025-06-11 16:34:04.206 +05:00 [DBG] List of registered output formatters, in the following order: ["Microsoft.AspNetCore.Mvc.Formatters.HttpNoContentOutputFormatter","Microsoft.AspNetCore.Mvc.Formatters.StringOutputFormatter","Microsoft.AspNetCore.Mvc.Formatters.StreamOutputFormatter","Microsoft.AspNetCore.Mvc.Formatters.SystemTextJsonOutputFormatter"]
2025-06-11 16:34:04.218 +05:00 [DBG] No information found on request to perform content negotiation.
2025-06-11 16:34:04.221 +05:00 [DBG] Attempting to select the first output formatter in the output formatters list which supports a content type from the explicitly specified content types '["application/problem+json","application/problem+xml","application/problem+json","application/problem+xml"]'.
2025-06-11 16:34:04.230 +05:00 [DBG] Selected output formatter 'Microsoft.AspNetCore.Mvc.Formatters.SystemTextJsonOutputFormatter' and content type 'application/problem+json' to write the response.
2025-06-11 16:34:04.235 +05:00 [INF] Executing BadRequestObjectResult, writing value of type 'Microsoft.AspNetCore.Mvc.ValidationProblemDetails'.
2025-06-11 16:34:04.305 +05:00 [INF] Executed action Extractify.Api.Controllers.ScrapingTasksController.GetTask (Extractify.Api) in 232.8905ms
2025-06-11 16:34:04.309 +05:00 [INF] Executed endpoint 'Extractify.Api.Controllers.ScrapingTasksController.GetTask (Extractify.Api)'
2025-06-11 16:34:04.316 +05:00 [INF] HTTP GET /api/ScrapingTasks/ScrapingTasks responded 400 in 348.7931 ms
2025-06-11 16:34:04.324 +05:00 [INF] Request finished HTTP/2 GET https://localhost:7142/api/ScrapingTasks/ScrapingTasks - 400 null application/problem+json; charset=utf-8 436.3622ms
2025-06-11 16:34:19.661 +05:00 [INF] Request starting HTTP/2 GET https://localhost:7142/api/ScrapingTasks/ScrapingTasks - null null
2025-06-11 16:34:19.679 +05:00 [DBG] 1 candidate(s) found for the request path '/api/ScrapingTasks/ScrapingTasks'
2025-06-11 16:34:19.698 +05:00 [DBG] Endpoint 'Extractify.Api.Controllers.ScrapingTasksController.GetTask (Extractify.Api)' with route pattern 'api/ScrapingTasks/{id}' is valid for the request path '/api/ScrapingTasks/ScrapingTasks'
2025-06-11 16:34:19.707 +05:00 [DBG] Request matched endpoint 'Extractify.Api.Controllers.ScrapingTasksController.GetTask (Extractify.Api)'
2025-06-11 16:34:19.802 +05:00 [DBG] Static files was skipped as the request already matched an endpoint.
2025-06-11 16:34:19.808 +05:00 [DBG] The request has an origin header: 'http://localhost:4200'.
2025-06-11 16:34:19.840 +05:00 [INF] CORS policy execution successful.
2025-06-11 16:34:19.843 +05:00 [INF] Executing endpoint 'Extractify.Api.Controllers.ScrapingTasksController.GetTask (Extractify.Api)'
2025-06-11 16:34:19.849 +05:00 [INF] Route matched with {action = "GetTask", controller = "ScrapingTasks"}. Executing controller action with signature System.Threading.Tasks.Task`1[Microsoft.AspNetCore.Mvc.IActionResult] GetTask(Int32) on controller Extractify.Api.Controllers.ScrapingTasksController (Extractify.Api).
2025-06-11 16:34:19.906 +05:00 [DBG] Execution plan of authorization filters (in the following order): ["None"]
2025-06-11 16:34:19.908 +05:00 [DBG] Execution plan of resource filters (in the following order): ["None"]
2025-06-11 16:34:19.911 +05:00 [DBG] Execution plan of action filters (in the following order): ["Microsoft.AspNetCore.Mvc.ModelBinding.UnsupportedContentTypeFilter (Order: -3000)","Microsoft.AspNetCore.Mvc.Infrastructure.ModelStateInvalidFilter (Order: -2000)"]
2025-06-11 16:34:19.916 +05:00 [DBG] Execution plan of exception filters (in the following order): ["None"]
2025-06-11 16:34:19.921 +05:00 [DBG] Execution plan of result filters (in the following order): ["Microsoft.AspNetCore.Mvc.Infrastructure.ClientErrorResultFilter (Order: -2000)"]
2025-06-11 16:34:19.925 +05:00 [DBG] Executing controller factory for controller Extractify.Api.Controllers.ScrapingTasksController (Extractify.Api)
2025-06-11 16:34:19.928 +05:00 [DBG] Executed controller factory for controller Extractify.Api.Controllers.ScrapingTasksController (Extractify.Api)
2025-06-11 16:34:19.931 +05:00 [DBG] Attempting to bind parameter 'id' of type 'System.Int32' ...
2025-06-11 16:34:19.933 +05:00 [DBG] Attempting to bind parameter 'id' of type 'System.Int32' using the name 'id' in request data ...
2025-06-11 16:34:19.936 +05:00 [DBG] Done attempting to bind parameter 'id' of type 'System.Int32'.
2025-06-11 16:34:19.938 +05:00 [DBG] Done attempting to bind parameter 'id' of type 'System.Int32'.
2025-06-11 16:34:19.940 +05:00 [DBG] Attempting to validate the bound parameter 'id' of type 'System.Int32' ...
2025-06-11 16:34:19.942 +05:00 [DBG] Done attempting to validate the bound parameter 'id' of type 'System.Int32'.
2025-06-11 16:34:19.944 +05:00 [DBG] The request has model state errors, returning an error response.
2025-06-11 16:34:19.945 +05:00 [DBG] Request was short circuited at action filter 'Microsoft.AspNetCore.Mvc.Infrastructure.ModelStateInvalidFilter'.
2025-06-11 16:34:19.947 +05:00 [DBG] List of registered output formatters, in the following order: ["Microsoft.AspNetCore.Mvc.Formatters.HttpNoContentOutputFormatter","Microsoft.AspNetCore.Mvc.Formatters.StringOutputFormatter","Microsoft.AspNetCore.Mvc.Formatters.StreamOutputFormatter","Microsoft.AspNetCore.Mvc.Formatters.SystemTextJsonOutputFormatter"]
2025-06-11 16:34:19.953 +05:00 [DBG] No information found on request to perform content negotiation.
2025-06-11 16:34:19.954 +05:00 [DBG] Attempting to select the first output formatter in the output formatters list which supports a content type from the explicitly specified content types '["application/problem+json","application/problem+xml","application/problem+json","application/problem+xml"]'.
2025-06-11 16:34:19.958 +05:00 [DBG] Selected output formatter 'Microsoft.AspNetCore.Mvc.Formatters.SystemTextJsonOutputFormatter' and content type 'application/problem+json' to write the response.
2025-06-11 16:34:19.960 +05:00 [INF] Executing BadRequestObjectResult, writing value of type 'Microsoft.AspNetCore.Mvc.ValidationProblemDetails'.
2025-06-11 16:34:19.962 +05:00 [INF] Executed action Extractify.Api.Controllers.ScrapingTasksController.GetTask (Extractify.Api) in 37.7906ms
2025-06-11 16:34:19.965 +05:00 [INF] Executed endpoint 'Extractify.Api.Controllers.ScrapingTasksController.GetTask (Extractify.Api)'
2025-06-11 16:34:19.966 +05:00 [INF] HTTP GET /api/ScrapingTasks/ScrapingTasks responded 400 in 158.4290 ms
2025-06-11 16:34:19.969 +05:00 [INF] Request finished HTTP/2 GET https://localhost:7142/api/ScrapingTasks/ScrapingTasks - 400 null application/problem+json; charset=utf-8 307.9349ms
2025-06-11 16:34:31.107 +05:00 [DBG] Connection id "0HND8RF3PFCPO" received FIN.
2025-06-11 16:34:31.112 +05:00 [DBG] The connection queue processing loop for 0HND8RF3PFCPO completed.
2025-06-11 16:34:31.122 +05:00 [DBG] Connection id "0HND8RF3PFCPO" is closed. The last processed stream ID was 0.
2025-06-11 16:34:31.125 +05:00 [DBG] Connection id "0HND8RF3PFCPO" sending FIN because: "The Socket transport's send loop completed gracefully."
2025-06-11 16:34:31.136 +05:00 [DBG] Connection id "0HND8RF3PFCPO" stopped.
2025-06-11 16:34:39.973 +05:00 [INF] Request starting HTTP/2 GET https://localhost:7142/api/ScrapingTasks - null null
2025-06-11 16:34:40.019 +05:00 [DBG] 1 candidate(s) found for the request path '/api/ScrapingTasks'
2025-06-11 16:34:40.023 +05:00 [DBG] Endpoint 'Extractify.Api.Controllers.ScrapingTasksController.GetAllTasks (Extractify.Api)' with route pattern 'api/ScrapingTasks' is valid for the request path '/api/ScrapingTasks'
2025-06-11 16:34:40.028 +05:00 [DBG] Request matched endpoint 'Extractify.Api.Controllers.ScrapingTasksController.GetAllTasks (Extractify.Api)'
2025-06-11 16:34:40.033 +05:00 [DBG] Static files was skipped as the request already matched an endpoint.
2025-06-11 16:34:40.035 +05:00 [DBG] The request has an origin header: 'http://localhost:4200'.
2025-06-11 16:34:40.036 +05:00 [INF] CORS policy execution successful.
2025-06-11 16:34:40.038 +05:00 [INF] Executing endpoint 'Extractify.Api.Controllers.ScrapingTasksController.GetAllTasks (Extractify.Api)'
2025-06-11 16:34:40.049 +05:00 [INF] Route matched with {action = "GetAllTasks", controller = "ScrapingTasks"}. Executing controller action with signature System.Threading.Tasks.Task`1[Microsoft.AspNetCore.Mvc.IActionResult] GetAllTasks() on controller Extractify.Api.Controllers.ScrapingTasksController (Extractify.Api).
2025-06-11 16:34:40.053 +05:00 [DBG] Execution plan of authorization filters (in the following order): ["None"]
2025-06-11 16:34:40.054 +05:00 [DBG] Execution plan of resource filters (in the following order): ["None"]
2025-06-11 16:34:40.056 +05:00 [DBG] Execution plan of action filters (in the following order): ["Microsoft.AspNetCore.Mvc.ModelBinding.UnsupportedContentTypeFilter (Order: -3000)","Microsoft.AspNetCore.Mvc.Infrastructure.ModelStateInvalidFilter (Order: -2000)"]
2025-06-11 16:34:40.059 +05:00 [DBG] Execution plan of exception filters (in the following order): ["None"]
2025-06-11 16:34:40.061 +05:00 [DBG] Execution plan of result filters (in the following order): ["Microsoft.AspNetCore.Mvc.Infrastructure.ClientErrorResultFilter (Order: -2000)"]
2025-06-11 16:34:40.065 +05:00 [DBG] Executing controller factory for controller Extractify.Api.Controllers.ScrapingTasksController (Extractify.Api)
2025-06-11 16:34:40.074 +05:00 [DBG] Executed controller factory for controller Extractify.Api.Controllers.ScrapingTasksController (Extractify.Api)
2025-06-11 16:34:40.368 +05:00 [INF] Executing action method Extractify.Api.Controllers.ScrapingTasksController.GetAllTasks (Extractify.Api) - Validation state: "Valid"
2025-06-11 16:34:41.646 +05:00 [DBG] Entity Framework Core 8.0.16 initialized 'ApplicationDbContext' using provider 'Microsoft.EntityFrameworkCore.SqlServer:8.0.16' with options: None
2025-06-11 16:34:41.747 +05:00 [DBG] Compiling query expression: 
'DbSet<ScrapingTask>()'
2025-06-11 16:34:42.206 +05:00 [DBG] Generated query execution expression: 
'queryContext => new SingleQueryingEnumerable<ScrapingTask>(
    (RelationalQueryContext)queryContext, 
    RelationalCommandCache.QueryExpression(
        Projection Mapping:
            EmptyProjectionMember -> Dictionary<IProperty, int> { [Property: ScrapingTask.ScrapingTaskId (int) Required PK AfterSave:Throw ValueGenerated.OnAdd, 0], [Property: ScrapingTask.CompletedAt (DateTime?), 1], [Property: ScrapingTask.CreatedAt (DateTime) Required, 2], [Property: ScrapingTask.ImageSelector (string), 3], [Property: ScrapingTask.Selector (string) Required, 4], [Property: ScrapingTask.Status (string) Required, 5], [Property: ScrapingTask.Url (string) Required, 6] }
        SELECT s.ScrapingTaskId, s.CompletedAt, s.CreatedAt, s.ImageSelector, s.Selector, s.Status, s.Url
        FROM ScrapingTasks AS s), 
    null, 
    Func<QueryContext, DbDataReader, ResultContext, SingleQueryResultCoordinator, ScrapingTask>, 
    Extractify.Infrastructure.Data.ApplicationDbContext, 
    False, 
    False, 
    True
)'
2025-06-11 16:34:42.303 +05:00 [DBG] Creating DbConnection.
2025-06-11 16:34:42.374 +05:00 [DBG] Created DbConnection. (63ms).
2025-06-11 16:34:42.389 +05:00 [DBG] Opening connection to database 'ExtractifyDB' on server 'DESKTOP-6R2M2KQ'.
2025-06-11 16:34:43.105 +05:00 [DBG] Opened connection to database 'ExtractifyDB' on server 'DESKTOP-6R2M2KQ'.
2025-06-11 16:34:43.114 +05:00 [DBG] Creating DbCommand for 'ExecuteReader'.
2025-06-11 16:34:43.125 +05:00 [DBG] Created DbCommand for 'ExecuteReader' (10ms).
2025-06-11 16:34:43.132 +05:00 [DBG] Initialized DbCommand for 'ExecuteReader' (19ms).
2025-06-11 16:34:43.149 +05:00 [DBG] Executing DbCommand [Parameters=[], CommandType='"Text"', CommandTimeout='30']
SELECT [s].[ScrapingTaskId], [s].[CompletedAt], [s].[CreatedAt], [s].[ImageSelector], [s].[Selector], [s].[Status], [s].[Url]
FROM [ScrapingTasks] AS [s]
2025-06-11 16:34:43.260 +05:00 [INF] Executed DbCommand (107ms) [Parameters=[], CommandType='"Text"', CommandTimeout='30']
SELECT [s].[ScrapingTaskId], [s].[CompletedAt], [s].[CreatedAt], [s].[ImageSelector], [s].[Selector], [s].[Status], [s].[Url]
FROM [ScrapingTasks] AS [s]
2025-06-11 16:34:43.369 +05:00 [DBG] Context 'ApplicationDbContext' started tracking 'ScrapingTask' entity. Consider using 'DbContextOptionsBuilder.EnableSensitiveDataLogging' to see key values.
2025-06-11 16:34:43.421 +05:00 [DBG] Context 'ApplicationDbContext' started tracking 'ScrapingTask' entity. Consider using 'DbContextOptionsBuilder.EnableSensitiveDataLogging' to see key values.
2025-06-11 16:34:43.437 +05:00 [DBG] Closing data reader to 'ExtractifyDB' on server 'DESKTOP-6R2M2KQ'.
2025-06-11 16:34:43.457 +05:00 [DBG] A data reader for 'ExtractifyDB' on server 'DESKTOP-6R2M2KQ' is being disposed after spending 178ms reading results.
2025-06-11 16:34:43.476 +05:00 [DBG] Closing connection to database 'ExtractifyDB' on server 'DESKTOP-6R2M2KQ'.
2025-06-11 16:34:43.490 +05:00 [DBG] Closed connection to database 'ExtractifyDB' on server 'DESKTOP-6R2M2KQ' (14ms).
2025-06-11 16:34:43.534 +05:00 [INF] Executed action method Extractify.Api.Controllers.ScrapingTasksController.GetAllTasks (Extractify.Api), returned result Microsoft.AspNetCore.Mvc.OkObjectResult in 3106.8634ms.
2025-06-11 16:34:43.542 +05:00 [DBG] List of registered output formatters, in the following order: ["Microsoft.AspNetCore.Mvc.Formatters.HttpNoContentOutputFormatter","Microsoft.AspNetCore.Mvc.Formatters.StringOutputFormatter","Microsoft.AspNetCore.Mvc.Formatters.StreamOutputFormatter","Microsoft.AspNetCore.Mvc.Formatters.SystemTextJsonOutputFormatter"]
2025-06-11 16:34:43.547 +05:00 [DBG] No information found on request to perform content negotiation.
2025-06-11 16:34:43.548 +05:00 [DBG] Attempting to select an output formatter without using a content type as no explicit content types were specified for the response.
2025-06-11 16:34:43.551 +05:00 [DBG] Attempting to select the first formatter in the output formatters list which can write the result.
2025-06-11 16:34:43.552 +05:00 [DBG] Selected output formatter 'Microsoft.AspNetCore.Mvc.Formatters.SystemTextJsonOutputFormatter' and content type 'application/json' to write the response.
2025-06-11 16:34:43.556 +05:00 [INF] Executing OkObjectResult, writing value of type 'System.Collections.Generic.List`1[[Extractify.Application.DTOs.ScrapingTaskDto, Extractify.Application, Version=1.0.0.0, Culture=neutral, PublicKeyToken=null]]'.
2025-06-11 16:34:43.585 +05:00 [INF] Executed action Extractify.Api.Controllers.ScrapingTasksController.GetAllTasks (Extractify.Api) in 3520.5482ms
2025-06-11 16:34:43.591 +05:00 [INF] Executed endpoint 'Extractify.Api.Controllers.ScrapingTasksController.GetAllTasks (Extractify.Api)'
2025-06-11 16:34:43.596 +05:00 [INF] HTTP GET /api/ScrapingTasks responded 200 in 3561.8606 ms
2025-06-11 16:34:43.603 +05:00 [DBG] 'ApplicationDbContext' disposed.
2025-06-11 16:34:43.613 +05:00 [DBG] Disposing connection to database 'ExtractifyDB' on server 'DESKTOP-6R2M2KQ'.
2025-06-11 16:34:43.618 +05:00 [DBG] Disposed connection to database '' on server '' (5ms).
2025-06-11 16:34:43.622 +05:00 [INF] Request finished HTTP/2 GET https://localhost:7142/api/ScrapingTasks - 200 null application/json; charset=utf-8 3648.7763ms
2025-06-11 16:35:18.840 +05:00 [DBG] HttpMessageHandler expired after 120000ms for client ''
2025-06-11 16:35:28.858 +05:00 [DBG] Starting HttpMessageHandler cleanup cycle with 1 items
2025-06-11 16:35:28.866 +05:00 [DBG] Ending HttpMessageHandler cleanup cycle after 0.4031ms - processed: 0 items - remaining: 1 items
2025-06-11 16:35:38.890 +05:00 [DBG] Starting HttpMessageHandler cleanup cycle with 1 items
2025-06-11 16:35:38.892 +05:00 [DBG] Ending HttpMessageHandler cleanup cycle after 0.0072ms - processed: 0 items - remaining: 1 items
2025-06-11 16:35:48.906 +05:00 [DBG] Starting HttpMessageHandler cleanup cycle with 1 items
2025-06-11 16:35:48.910 +05:00 [DBG] Ending HttpMessageHandler cleanup cycle after 0.0262ms - processed: 0 items - remaining: 1 items
2025-06-11 16:35:58.926 +05:00 [DBG] Starting HttpMessageHandler cleanup cycle with 1 items
2025-06-11 16:35:58.929 +05:00 [DBG] Ending HttpMessageHandler cleanup cycle after 0.0035ms - processed: 0 items - remaining: 1 items
2025-06-11 16:36:04.135 +05:00 [DBG] HttpMessageHandler expired after 120000ms for client ''
2025-06-11 16:36:08.939 +05:00 [DBG] Starting HttpMessageHandler cleanup cycle with 1 items
2025-06-11 16:36:08.942 +05:00 [DBG] Ending HttpMessageHandler cleanup cycle after 0.0031ms - processed: 0 items - remaining: 1 items
2025-06-11 16:36:14.430 +05:00 [DBG] Starting HttpMessageHandler cleanup cycle with 1 items
2025-06-11 16:36:14.435 +05:00 [DBG] Ending HttpMessageHandler cleanup cycle after 2.0002ms - processed: 1 items - remaining: 0 items
2025-06-11 16:36:18.952 +05:00 [DBG] Starting HttpMessageHandler cleanup cycle with 1 items
2025-06-11 16:36:18.955 +05:00 [DBG] Ending HttpMessageHandler cleanup cycle after 0.0034ms - processed: 0 items - remaining: 1 items
2025-06-11 16:36:19.895 +05:00 [INF] Request starting HTTP/2 OPTIONS https://localhost:7142/api/ScrapingTasks - null null
2025-06-11 16:36:19.918 +05:00 [DBG] 1 candidate(s) found for the request path '/api/ScrapingTasks'
2025-06-11 16:36:19.922 +05:00 [DBG] Request matched endpoint '405 HTTP Method Not Supported'
2025-06-11 16:36:19.924 +05:00 [DBG] Static files was skipped as the request already matched an endpoint.
2025-06-11 16:36:19.925 +05:00 [DBG] The request has an origin header: 'http://localhost:4200'.
2025-06-11 16:36:19.927 +05:00 [INF] CORS policy execution successful.
2025-06-11 16:36:19.930 +05:00 [DBG] The request is a preflight request.
2025-06-11 16:36:19.933 +05:00 [INF] HTTP OPTIONS /api/ScrapingTasks responded 204 in 7.9409 ms
2025-06-11 16:36:19.940 +05:00 [INF] Request finished HTTP/2 OPTIONS https://localhost:7142/api/ScrapingTasks - 204 null null 45.2174ms
2025-06-11 16:36:19.959 +05:00 [INF] Request starting HTTP/2 POST https://localhost:7142/api/ScrapingTasks - application/json 90
2025-06-11 16:36:19.968 +05:00 [DBG] 1 candidate(s) found for the request path '/api/ScrapingTasks'
2025-06-11 16:36:19.971 +05:00 [DBG] Endpoint 'Extractify.Api.Controllers.ScrapingTasksController.CreateTask (Extractify.Api)' with route pattern 'api/ScrapingTasks' is valid for the request path '/api/ScrapingTasks'
2025-06-11 16:36:19.975 +05:00 [DBG] Request matched endpoint 'Extractify.Api.Controllers.ScrapingTasksController.CreateTask (Extractify.Api)'
2025-06-11 16:36:19.998 +05:00 [DBG] Static files was skipped as the request already matched an endpoint.
2025-06-11 16:36:20.002 +05:00 [DBG] The request has an origin header: 'http://localhost:4200'.
2025-06-11 16:36:20.006 +05:00 [INF] CORS policy execution successful.
2025-06-11 16:36:20.008 +05:00 [INF] Executing endpoint 'Extractify.Api.Controllers.ScrapingTasksController.CreateTask (Extractify.Api)'
2025-06-11 16:36:20.018 +05:00 [INF] Route matched with {action = "CreateTask", controller = "ScrapingTasks"}. Executing controller action with signature System.Threading.Tasks.Task`1[Microsoft.AspNetCore.Mvc.IActionResult] CreateTask(Extractify.Application.DTOs.ScrapingTaskDto) on controller Extractify.Api.Controllers.ScrapingTasksController (Extractify.Api).
2025-06-11 16:36:20.025 +05:00 [DBG] Execution plan of authorization filters (in the following order): ["None"]
2025-06-11 16:36:20.028 +05:00 [DBG] Execution plan of resource filters (in the following order): ["None"]
2025-06-11 16:36:20.032 +05:00 [DBG] Execution plan of action filters (in the following order): ["Microsoft.AspNetCore.Mvc.ModelBinding.UnsupportedContentTypeFilter (Order: -3000)","Microsoft.AspNetCore.Mvc.Infrastructure.ModelStateInvalidFilter (Order: -2000)"]
2025-06-11 16:36:20.039 +05:00 [DBG] Execution plan of exception filters (in the following order): ["None"]
2025-06-11 16:36:20.043 +05:00 [DBG] Execution plan of result filters (in the following order): ["Microsoft.AspNetCore.Mvc.Infrastructure.ClientErrorResultFilter (Order: -2000)"]
2025-06-11 16:36:20.048 +05:00 [DBG] Executing controller factory for controller Extractify.Api.Controllers.ScrapingTasksController (Extractify.Api)
2025-06-11 16:36:20.051 +05:00 [DBG] Executed controller factory for controller Extractify.Api.Controllers.ScrapingTasksController (Extractify.Api)
2025-06-11 16:36:20.055 +05:00 [DBG] Attempting to bind parameter 'request' of type 'Extractify.Application.DTOs.ScrapingTaskDto' ...
2025-06-11 16:36:20.059 +05:00 [DBG] Attempting to bind parameter 'request' of type 'Extractify.Application.DTOs.ScrapingTaskDto' using the name '' in request data ...
2025-06-11 16:36:20.077 +05:00 [DBG] Selected input formatter 'Microsoft.AspNetCore.Mvc.Formatters.SystemTextJsonInputFormatter' for content type 'application/json'.
2025-06-11 16:36:20.092 +05:00 [DBG] Connection id "0HND8RF3PFCPQ", Request id "0HND8RF3PFCPQ:00000009": started reading request body.
2025-06-11 16:36:20.097 +05:00 [DBG] Connection id "0HND8RF3PFCPQ", Request id "0HND8RF3PFCPQ:00000009": done reading request body.
2025-06-11 16:36:20.108 +05:00 [DBG] JSON input formatter succeeded, deserializing to type 'Extractify.Application.DTOs.ScrapingTaskDto'
2025-06-11 16:36:20.112 +05:00 [DBG] Done attempting to bind parameter 'request' of type 'Extractify.Application.DTOs.ScrapingTaskDto'.
2025-06-11 16:36:20.115 +05:00 [DBG] Done attempting to bind parameter 'request' of type 'Extractify.Application.DTOs.ScrapingTaskDto'.
2025-06-11 16:36:20.118 +05:00 [DBG] Attempting to validate the bound parameter 'request' of type 'Extractify.Application.DTOs.ScrapingTaskDto' ...
2025-06-11 16:36:20.144 +05:00 [DBG] Done attempting to validate the bound parameter 'request' of type 'Extractify.Application.DTOs.ScrapingTaskDto'.
2025-06-11 16:36:20.148 +05:00 [DBG] The request has model state errors, returning an error response.
2025-06-11 16:36:20.149 +05:00 [DBG] Request was short circuited at action filter 'Microsoft.AspNetCore.Mvc.Infrastructure.ModelStateInvalidFilter'.
2025-06-11 16:36:20.152 +05:00 [DBG] List of registered output formatters, in the following order: ["Microsoft.AspNetCore.Mvc.Formatters.HttpNoContentOutputFormatter","Microsoft.AspNetCore.Mvc.Formatters.StringOutputFormatter","Microsoft.AspNetCore.Mvc.Formatters.StreamOutputFormatter","Microsoft.AspNetCore.Mvc.Formatters.SystemTextJsonOutputFormatter"]
2025-06-11 16:36:20.158 +05:00 [DBG] No information found on request to perform content negotiation.
2025-06-11 16:36:20.161 +05:00 [DBG] Attempting to select the first output formatter in the output formatters list which supports a content type from the explicitly specified content types '["application/problem+json","application/problem+xml","application/problem+json","application/problem+xml"]'.
2025-06-11 16:36:20.170 +05:00 [DBG] Selected output formatter 'Microsoft.AspNetCore.Mvc.Formatters.SystemTextJsonOutputFormatter' and content type 'application/problem+json' to write the response.
2025-06-11 16:36:20.175 +05:00 [INF] Executing BadRequestObjectResult, writing value of type 'Microsoft.AspNetCore.Mvc.ValidationProblemDetails'.
2025-06-11 16:36:20.179 +05:00 [INF] Executed action Extractify.Api.Controllers.ScrapingTasksController.CreateTask (Extractify.Api) in 130.8573ms
2025-06-11 16:36:20.183 +05:00 [INF] Executed endpoint 'Extractify.Api.Controllers.ScrapingTasksController.CreateTask (Extractify.Api)'
2025-06-11 16:36:20.186 +05:00 [INF] HTTP POST /api/ScrapingTasks responded 400 in 184.1967 ms
2025-06-11 16:36:20.198 +05:00 [INF] Request finished HTTP/2 POST https://localhost:7142/api/ScrapingTasks - 400 null application/problem+json; charset=utf-8 239.7701ms
2025-06-11 16:36:28.967 +05:00 [DBG] Starting HttpMessageHandler cleanup cycle with 1 items
2025-06-11 16:36:28.969 +05:00 [DBG] Ending HttpMessageHandler cleanup cycle after 0.0045ms - processed: 0 items - remaining: 1 items
2025-06-11 16:36:29.544 +05:00 [INF] Request starting HTTP/2 OPTIONS https://localhost:7142/api/ScrapingTasks - null null
2025-06-11 16:36:29.547 +05:00 [DBG] 1 candidate(s) found for the request path '/api/ScrapingTasks'
2025-06-11 16:36:29.549 +05:00 [DBG] Request matched endpoint '405 HTTP Method Not Supported'
2025-06-11 16:36:29.552 +05:00 [DBG] Static files was skipped as the request already matched an endpoint.
2025-06-11 16:36:29.554 +05:00 [DBG] The request has an origin header: 'http://localhost:4200'.
2025-06-11 16:36:29.555 +05:00 [INF] CORS policy execution successful.
2025-06-11 16:36:29.557 +05:00 [DBG] The request is a preflight request.
2025-06-11 16:36:29.558 +05:00 [INF] HTTP OPTIONS /api/ScrapingTasks responded 204 in 4.6706 ms
2025-06-11 16:36:29.562 +05:00 [INF] Request finished HTTP/2 OPTIONS https://localhost:7142/api/ScrapingTasks - 204 null null 18.2121ms
2025-06-11 16:36:29.576 +05:00 [INF] Request starting HTTP/2 POST https://localhost:7142/api/ScrapingTasks - application/json 90
2025-06-11 16:36:29.582 +05:00 [DBG] 1 candidate(s) found for the request path '/api/ScrapingTasks'
2025-06-11 16:36:29.588 +05:00 [DBG] Endpoint 'Extractify.Api.Controllers.ScrapingTasksController.CreateTask (Extractify.Api)' with route pattern 'api/ScrapingTasks' is valid for the request path '/api/ScrapingTasks'
2025-06-11 16:36:29.593 +05:00 [DBG] Request matched endpoint 'Extractify.Api.Controllers.ScrapingTasksController.CreateTask (Extractify.Api)'
2025-06-11 16:36:29.595 +05:00 [DBG] Static files was skipped as the request already matched an endpoint.
2025-06-11 16:36:29.597 +05:00 [DBG] The request has an origin header: 'http://localhost:4200'.
2025-06-11 16:36:29.599 +05:00 [INF] CORS policy execution successful.
2025-06-11 16:36:29.603 +05:00 [INF] Executing endpoint 'Extractify.Api.Controllers.ScrapingTasksController.CreateTask (Extractify.Api)'
2025-06-11 16:36:29.606 +05:00 [INF] Route matched with {action = "CreateTask", controller = "ScrapingTasks"}. Executing controller action with signature System.Threading.Tasks.Task`1[Microsoft.AspNetCore.Mvc.IActionResult] CreateTask(Extractify.Application.DTOs.ScrapingTaskDto) on controller Extractify.Api.Controllers.ScrapingTasksController (Extractify.Api).
2025-06-11 16:36:29.610 +05:00 [DBG] Execution plan of authorization filters (in the following order): ["None"]
2025-06-11 16:36:29.613 +05:00 [DBG] Execution plan of resource filters (in the following order): ["None"]
2025-06-11 16:36:29.617 +05:00 [DBG] Execution plan of action filters (in the following order): ["Microsoft.AspNetCore.Mvc.ModelBinding.UnsupportedContentTypeFilter (Order: -3000)","Microsoft.AspNetCore.Mvc.Infrastructure.ModelStateInvalidFilter (Order: -2000)"]
2025-06-11 16:36:29.625 +05:00 [DBG] Execution plan of exception filters (in the following order): ["None"]
2025-06-11 16:36:29.627 +05:00 [DBG] Execution plan of result filters (in the following order): ["Microsoft.AspNetCore.Mvc.Infrastructure.ClientErrorResultFilter (Order: -2000)"]
2025-06-11 16:36:29.630 +05:00 [DBG] Executing controller factory for controller Extractify.Api.Controllers.ScrapingTasksController (Extractify.Api)
2025-06-11 16:36:29.635 +05:00 [DBG] Executed controller factory for controller Extractify.Api.Controllers.ScrapingTasksController (Extractify.Api)
2025-06-11 16:36:29.640 +05:00 [DBG] Attempting to bind parameter 'request' of type 'Extractify.Application.DTOs.ScrapingTaskDto' ...
2025-06-11 16:36:29.642 +05:00 [DBG] Attempting to bind parameter 'request' of type 'Extractify.Application.DTOs.ScrapingTaskDto' using the name '' in request data ...
2025-06-11 16:36:29.645 +05:00 [DBG] Selected input formatter 'Microsoft.AspNetCore.Mvc.Formatters.SystemTextJsonInputFormatter' for content type 'application/json'.
2025-06-11 16:36:29.649 +05:00 [DBG] Connection id "0HND8RF3PFCPQ", Request id "0HND8RF3PFCPQ:0000000D": started reading request body.
2025-06-11 16:36:29.654 +05:00 [DBG] Connection id "0HND8RF3PFCPQ", Request id "0HND8RF3PFCPQ:0000000D": done reading request body.
2025-06-11 16:36:29.656 +05:00 [DBG] JSON input formatter succeeded, deserializing to type 'Extractify.Application.DTOs.ScrapingTaskDto'
2025-06-11 16:36:29.658 +05:00 [DBG] Done attempting to bind parameter 'request' of type 'Extractify.Application.DTOs.ScrapingTaskDto'.
2025-06-11 16:36:29.661 +05:00 [DBG] Done attempting to bind parameter 'request' of type 'Extractify.Application.DTOs.ScrapingTaskDto'.
2025-06-11 16:36:29.664 +05:00 [DBG] Attempting to validate the bound parameter 'request' of type 'Extractify.Application.DTOs.ScrapingTaskDto' ...
2025-06-11 16:36:29.670 +05:00 [DBG] Done attempting to validate the bound parameter 'request' of type 'Extractify.Application.DTOs.ScrapingTaskDto'.
2025-06-11 16:36:29.673 +05:00 [DBG] The request has model state errors, returning an error response.
2025-06-11 16:36:29.675 +05:00 [DBG] Request was short circuited at action filter 'Microsoft.AspNetCore.Mvc.Infrastructure.ModelStateInvalidFilter'.
2025-06-11 16:36:29.677 +05:00 [DBG] List of registered output formatters, in the following order: ["Microsoft.AspNetCore.Mvc.Formatters.HttpNoContentOutputFormatter","Microsoft.AspNetCore.Mvc.Formatters.StringOutputFormatter","Microsoft.AspNetCore.Mvc.Formatters.StreamOutputFormatter","Microsoft.AspNetCore.Mvc.Formatters.SystemTextJsonOutputFormatter"]
2025-06-11 16:36:29.683 +05:00 [DBG] No information found on request to perform content negotiation.
2025-06-11 16:36:29.686 +05:00 [DBG] Attempting to select the first output formatter in the output formatters list which supports a content type from the explicitly specified content types '["application/problem+json","application/problem+xml","application/problem+json","application/problem+xml"]'.
2025-06-11 16:36:29.693 +05:00 [DBG] Selected output formatter 'Microsoft.AspNetCore.Mvc.Formatters.SystemTextJsonOutputFormatter' and content type 'application/problem+json' to write the response.
2025-06-11 16:36:29.696 +05:00 [INF] Executing BadRequestObjectResult, writing value of type 'Microsoft.AspNetCore.Mvc.ValidationProblemDetails'.
2025-06-11 16:36:29.705 +05:00 [INF] Executed action Extractify.Api.Controllers.ScrapingTasksController.CreateTask (Extractify.Api) in 74.9121ms
2025-06-11 16:36:29.710 +05:00 [INF] Executed endpoint 'Extractify.Api.Controllers.ScrapingTasksController.CreateTask (Extractify.Api)'
2025-06-11 16:36:29.713 +05:00 [INF] HTTP POST /api/ScrapingTasks responded 400 in 116.3671 ms
2025-06-11 16:36:29.726 +05:00 [INF] Request finished HTTP/2 POST https://localhost:7142/api/ScrapingTasks - 400 null application/problem+json; charset=utf-8 149.5235ms
2025-06-11 16:36:38.984 +05:00 [DBG] Starting HttpMessageHandler cleanup cycle with 1 items
2025-06-11 16:36:38.992 +05:00 [DBG] Ending HttpMessageHandler cleanup cycle after 0.0046ms - processed: 0 items - remaining: 1 items
2025-06-11 16:36:49.006 +05:00 [DBG] Starting HttpMessageHandler cleanup cycle with 1 items
2025-06-11 16:36:49.009 +05:00 [DBG] Ending HttpMessageHandler cleanup cycle after 0.0058ms - processed: 0 items - remaining: 1 items
2025-06-11 16:36:59.010 +05:00 [DBG] Starting HttpMessageHandler cleanup cycle with 1 items
2025-06-11 16:36:59.012 +05:00 [DBG] Ending HttpMessageHandler cleanup cycle after 0.0038ms - processed: 0 items - remaining: 1 items
2025-06-11 16:37:09.014 +05:00 [DBG] Starting HttpMessageHandler cleanup cycle with 1 items
2025-06-11 16:37:09.018 +05:00 [DBG] Ending HttpMessageHandler cleanup cycle after 1.6634ms - processed: 0 items - remaining: 1 items
2025-06-11 16:37:14.850 +05:00 [INF] Request starting HTTP/2 OPTIONS https://localhost:7142/api/ScrapingTasks - null null
2025-06-11 16:37:14.863 +05:00 [DBG] 1 candidate(s) found for the request path '/api/ScrapingTasks'
2025-06-11 16:37:14.912 +05:00 [DBG] Request matched endpoint '405 HTTP Method Not Supported'
2025-06-11 16:37:14.915 +05:00 [DBG] Static files was skipped as the request already matched an endpoint.
2025-06-11 16:37:14.927 +05:00 [DBG] The request has an origin header: 'http://localhost:4200'.
2025-06-11 16:37:14.928 +05:00 [INF] CORS policy execution successful.
2025-06-11 16:37:14.930 +05:00 [DBG] The request is a preflight request.
2025-06-11 16:37:14.931 +05:00 [INF] HTTP OPTIONS /api/ScrapingTasks responded 204 in 4.5529 ms
2025-06-11 16:37:14.945 +05:00 [INF] Request finished HTTP/2 OPTIONS https://localhost:7142/api/ScrapingTasks - 204 null null 108.9022ms
2025-06-11 16:37:14.953 +05:00 [INF] Request starting HTTP/2 POST https://localhost:7142/api/ScrapingTasks - application/json 90
2025-06-11 16:37:14.963 +05:00 [DBG] 1 candidate(s) found for the request path '/api/ScrapingTasks'
2025-06-11 16:37:14.965 +05:00 [DBG] Endpoint 'Extractify.Api.Controllers.ScrapingTasksController.CreateTask (Extractify.Api)' with route pattern 'api/ScrapingTasks' is valid for the request path '/api/ScrapingTasks'
2025-06-11 16:37:14.977 +05:00 [DBG] Request matched endpoint 'Extractify.Api.Controllers.ScrapingTasksController.CreateTask (Extractify.Api)'
2025-06-11 16:37:14.984 +05:00 [DBG] Static files was skipped as the request already matched an endpoint.
2025-06-11 16:37:14.985 +05:00 [DBG] The request has an origin header: 'http://localhost:4200'.
2025-06-11 16:37:14.988 +05:00 [INF] CORS policy execution successful.
2025-06-11 16:37:14.993 +05:00 [INF] Executing endpoint 'Extractify.Api.Controllers.ScrapingTasksController.CreateTask (Extractify.Api)'
2025-06-11 16:37:14.997 +05:00 [INF] Route matched with {action = "CreateTask", controller = "ScrapingTasks"}. Executing controller action with signature System.Threading.Tasks.Task`1[Microsoft.AspNetCore.Mvc.IActionResult] CreateTask(Extractify.Application.DTOs.ScrapingTaskDto) on controller Extractify.Api.Controllers.ScrapingTasksController (Extractify.Api).
2025-06-11 16:37:15.004 +05:00 [DBG] Execution plan of authorization filters (in the following order): ["None"]
2025-06-11 16:37:15.016 +05:00 [DBG] Execution plan of resource filters (in the following order): ["None"]
2025-06-11 16:37:15.019 +05:00 [DBG] Execution plan of action filters (in the following order): ["Microsoft.AspNetCore.Mvc.ModelBinding.UnsupportedContentTypeFilter (Order: -3000)","Microsoft.AspNetCore.Mvc.Infrastructure.ModelStateInvalidFilter (Order: -2000)"]
2025-06-11 16:37:15.024 +05:00 [DBG] Execution plan of exception filters (in the following order): ["None"]
2025-06-11 16:37:15.026 +05:00 [DBG] Execution plan of result filters (in the following order): ["Microsoft.AspNetCore.Mvc.Infrastructure.ClientErrorResultFilter (Order: -2000)"]
2025-06-11 16:37:15.030 +05:00 [DBG] Executing controller factory for controller Extractify.Api.Controllers.ScrapingTasksController (Extractify.Api)
2025-06-11 16:37:15.032 +05:00 [DBG] Executed controller factory for controller Extractify.Api.Controllers.ScrapingTasksController (Extractify.Api)
2025-06-11 16:37:15.035 +05:00 [DBG] Attempting to bind parameter 'request' of type 'Extractify.Application.DTOs.ScrapingTaskDto' ...
2025-06-11 16:37:15.036 +05:00 [DBG] Attempting to bind parameter 'request' of type 'Extractify.Application.DTOs.ScrapingTaskDto' using the name '' in request data ...
2025-06-11 16:37:15.040 +05:00 [DBG] Selected input formatter 'Microsoft.AspNetCore.Mvc.Formatters.SystemTextJsonInputFormatter' for content type 'application/json'.
2025-06-11 16:37:15.043 +05:00 [DBG] Connection id "0HND8RF3PFCPQ", Request id "0HND8RF3PFCPQ:00000011": started reading request body.
2025-06-11 16:37:15.045 +05:00 [DBG] Connection id "0HND8RF3PFCPQ", Request id "0HND8RF3PFCPQ:00000011": done reading request body.
2025-06-11 16:37:15.047 +05:00 [DBG] JSON input formatter succeeded, deserializing to type 'Extractify.Application.DTOs.ScrapingTaskDto'
2025-06-11 16:37:15.049 +05:00 [DBG] Done attempting to bind parameter 'request' of type 'Extractify.Application.DTOs.ScrapingTaskDto'.
2025-06-11 16:37:15.051 +05:00 [DBG] Done attempting to bind parameter 'request' of type 'Extractify.Application.DTOs.ScrapingTaskDto'.
2025-06-11 16:37:15.053 +05:00 [DBG] Attempting to validate the bound parameter 'request' of type 'Extractify.Application.DTOs.ScrapingTaskDto' ...
2025-06-11 16:37:15.057 +05:00 [DBG] Done attempting to validate the bound parameter 'request' of type 'Extractify.Application.DTOs.ScrapingTaskDto'.
2025-06-11 16:37:15.059 +05:00 [DBG] The request has model state errors, returning an error response.
2025-06-11 16:37:15.060 +05:00 [DBG] Request was short circuited at action filter 'Microsoft.AspNetCore.Mvc.Infrastructure.ModelStateInvalidFilter'.
2025-06-11 16:37:15.062 +05:00 [DBG] List of registered output formatters, in the following order: ["Microsoft.AspNetCore.Mvc.Formatters.HttpNoContentOutputFormatter","Microsoft.AspNetCore.Mvc.Formatters.StringOutputFormatter","Microsoft.AspNetCore.Mvc.Formatters.StreamOutputFormatter","Microsoft.AspNetCore.Mvc.Formatters.SystemTextJsonOutputFormatter"]
2025-06-11 16:37:15.067 +05:00 [DBG] No information found on request to perform content negotiation.
2025-06-11 16:37:15.069 +05:00 [DBG] Attempting to select the first output formatter in the output formatters list which supports a content type from the explicitly specified content types '["application/problem+json","application/problem+xml","application/problem+json","application/problem+xml"]'.
2025-06-11 16:37:15.074 +05:00 [DBG] Selected output formatter 'Microsoft.AspNetCore.Mvc.Formatters.SystemTextJsonOutputFormatter' and content type 'application/problem+json' to write the response.
2025-06-11 16:37:15.077 +05:00 [INF] Executing BadRequestObjectResult, writing value of type 'Microsoft.AspNetCore.Mvc.ValidationProblemDetails'.
2025-06-11 16:37:15.079 +05:00 [INF] Executed action Extractify.Api.Controllers.ScrapingTasksController.CreateTask (Extractify.Api) in 49.6043ms
2025-06-11 16:37:15.081 +05:00 [INF] Executed endpoint 'Extractify.Api.Controllers.ScrapingTasksController.CreateTask (Extractify.Api)'
2025-06-11 16:37:15.083 +05:00 [INF] HTTP POST /api/ScrapingTasks responded 400 in 98.3055 ms
2025-06-11 16:37:15.086 +05:00 [INF] Request finished HTTP/2 POST https://localhost:7142/api/ScrapingTasks - 400 null application/problem+json; charset=utf-8 133.6083ms
2025-06-11 16:37:19.045 +05:00 [DBG] Starting HttpMessageHandler cleanup cycle with 1 items
2025-06-11 16:37:19.050 +05:00 [DBG] Ending HttpMessageHandler cleanup cycle after 0.0059ms - processed: 0 items - remaining: 1 items
2025-06-11 16:37:21.194 +05:00 [DBG] Connection id "0HND8RF3PFCPR" accepted.
2025-06-11 16:37:21.237 +05:00 [DBG] Connection id "0HND8RF3PFCPS" accepted.
2025-06-11 16:37:21.237 +05:00 [DBG] Connection id "0HND8RF3PFCPR" started.
2025-06-11 16:37:21.271 +05:00 [DBG] Connection id "0HND8RF3PFCPS" started.
2025-06-11 16:37:21.295 +05:00 [DBG] Connection 0HND8RF3PFCPR established using the following protocol: "Tls12"
2025-06-11 16:37:21.300 +05:00 [DBG] Connection 0HND8RF3PFCPS established using the following protocol: "Tls12"
2025-06-11 16:37:21.299 +05:00 [INF] Request starting HTTP/2 GET https://localhost:7142/api/ScrapingTasks - null null
2025-06-11 16:37:21.443 +05:00 [DBG] 1 candidate(s) found for the request path '/api/ScrapingTasks'
2025-06-11 16:37:21.459 +05:00 [DBG] Endpoint 'Extractify.Api.Controllers.ScrapingTasksController.GetAllTasks (Extractify.Api)' with route pattern 'api/ScrapingTasks' is valid for the request path '/api/ScrapingTasks'
2025-06-11 16:37:21.483 +05:00 [DBG] Request matched endpoint 'Extractify.Api.Controllers.ScrapingTasksController.GetAllTasks (Extractify.Api)'
2025-06-11 16:37:21.500 +05:00 [DBG] Static files was skipped as the request already matched an endpoint.
2025-06-11 16:37:21.501 +05:00 [INF] Executing endpoint 'Extractify.Api.Controllers.ScrapingTasksController.GetAllTasks (Extractify.Api)'
2025-06-11 16:37:21.503 +05:00 [INF] Route matched with {action = "GetAllTasks", controller = "ScrapingTasks"}. Executing controller action with signature System.Threading.Tasks.Task`1[Microsoft.AspNetCore.Mvc.IActionResult] GetAllTasks() on controller Extractify.Api.Controllers.ScrapingTasksController (Extractify.Api).
2025-06-11 16:37:21.507 +05:00 [DBG] Execution plan of authorization filters (in the following order): ["None"]
2025-06-11 16:37:21.510 +05:00 [DBG] Execution plan of resource filters (in the following order): ["None"]
2025-06-11 16:37:21.514 +05:00 [DBG] Execution plan of action filters (in the following order): ["Microsoft.AspNetCore.Mvc.ModelBinding.UnsupportedContentTypeFilter (Order: -3000)","Microsoft.AspNetCore.Mvc.Infrastructure.ModelStateInvalidFilter (Order: -2000)"]
2025-06-11 16:37:21.520 +05:00 [DBG] Execution plan of exception filters (in the following order): ["None"]
2025-06-11 16:37:21.523 +05:00 [DBG] Execution plan of result filters (in the following order): ["Microsoft.AspNetCore.Mvc.Infrastructure.ClientErrorResultFilter (Order: -2000)"]
2025-06-11 16:37:21.526 +05:00 [DBG] Executing controller factory for controller Extractify.Api.Controllers.ScrapingTasksController (Extractify.Api)
2025-06-11 16:37:21.530 +05:00 [DBG] Executed controller factory for controller Extractify.Api.Controllers.ScrapingTasksController (Extractify.Api)
2025-06-11 16:37:21.709 +05:00 [INF] Executing action method Extractify.Api.Controllers.ScrapingTasksController.GetAllTasks (Extractify.Api) - Validation state: "Valid"
2025-06-11 16:37:21.889 +05:00 [DBG] Entity Framework Core 8.0.16 initialized 'ApplicationDbContext' using provider 'Microsoft.EntityFrameworkCore.SqlServer:8.0.16' with options: None
2025-06-11 16:37:21.905 +05:00 [DBG] Creating DbConnection.
2025-06-11 16:37:21.908 +05:00 [DBG] Created DbConnection. (3ms).
2025-06-11 16:37:21.911 +05:00 [DBG] Opening connection to database 'ExtractifyDB' on server 'DESKTOP-6R2M2KQ'.
2025-06-11 16:37:21.920 +05:00 [DBG] Opened connection to database 'ExtractifyDB' on server 'DESKTOP-6R2M2KQ'.
2025-06-11 16:37:21.927 +05:00 [DBG] Creating DbCommand for 'ExecuteReader'.
2025-06-11 16:37:21.937 +05:00 [DBG] Created DbCommand for 'ExecuteReader' (10ms).
2025-06-11 16:37:21.943 +05:00 [DBG] Initialized DbCommand for 'ExecuteReader' (16ms).
2025-06-11 16:37:21.945 +05:00 [DBG] Executing DbCommand [Parameters=[], CommandType='"Text"', CommandTimeout='30']
SELECT [s].[ScrapingTaskId], [s].[CompletedAt], [s].[CreatedAt], [s].[ImageSelector], [s].[Selector], [s].[Status], [s].[Url]
FROM [ScrapingTasks] AS [s]
2025-06-11 16:37:21.984 +05:00 [INF] Executed DbCommand (39ms) [Parameters=[], CommandType='"Text"', CommandTimeout='30']
SELECT [s].[ScrapingTaskId], [s].[CompletedAt], [s].[CreatedAt], [s].[ImageSelector], [s].[Selector], [s].[Status], [s].[Url]
FROM [ScrapingTasks] AS [s]
2025-06-11 16:37:21.991 +05:00 [DBG] Context 'ApplicationDbContext' started tracking 'ScrapingTask' entity. Consider using 'DbContextOptionsBuilder.EnableSensitiveDataLogging' to see key values.
2025-06-11 16:37:21.993 +05:00 [DBG] Context 'ApplicationDbContext' started tracking 'ScrapingTask' entity. Consider using 'DbContextOptionsBuilder.EnableSensitiveDataLogging' to see key values.
2025-06-11 16:37:21.999 +05:00 [DBG] Closing data reader to 'ExtractifyDB' on server 'DESKTOP-6R2M2KQ'.
2025-06-11 16:37:22.003 +05:00 [DBG] A data reader for 'ExtractifyDB' on server 'DESKTOP-6R2M2KQ' is being disposed after spending 13ms reading results.
2025-06-11 16:37:22.010 +05:00 [DBG] Closing connection to database 'ExtractifyDB' on server 'DESKTOP-6R2M2KQ'.
2025-06-11 16:37:22.014 +05:00 [DBG] Closed connection to database 'ExtractifyDB' on server 'DESKTOP-6R2M2KQ' (3ms).
2025-06-11 16:37:22.018 +05:00 [INF] Executed action method Extractify.Api.Controllers.ScrapingTasksController.GetAllTasks (Extractify.Api), returned result Microsoft.AspNetCore.Mvc.OkObjectResult in 299.1483ms.
2025-06-11 16:37:22.030 +05:00 [DBG] List of registered output formatters, in the following order: ["Microsoft.AspNetCore.Mvc.Formatters.HttpNoContentOutputFormatter","Microsoft.AspNetCore.Mvc.Formatters.StringOutputFormatter","Microsoft.AspNetCore.Mvc.Formatters.StreamOutputFormatter","Microsoft.AspNetCore.Mvc.Formatters.SystemTextJsonOutputFormatter"]
2025-06-11 16:37:22.043 +05:00 [DBG] No information found on request to perform content negotiation.
2025-06-11 16:37:22.045 +05:00 [DBG] Attempting to select an output formatter without using a content type as no explicit content types were specified for the response.
2025-06-11 16:37:22.048 +05:00 [DBG] Attempting to select the first formatter in the output formatters list which can write the result.
2025-06-11 16:37:22.049 +05:00 [DBG] Selected output formatter 'Microsoft.AspNetCore.Mvc.Formatters.SystemTextJsonOutputFormatter' and content type 'application/json' to write the response.
2025-06-11 16:37:22.053 +05:00 [INF] Executing OkObjectResult, writing value of type 'System.Collections.Generic.List`1[[Extractify.Application.DTOs.ScrapingTaskDto, Extractify.Application, Version=1.0.0.0, Culture=neutral, PublicKeyToken=null]]'.
2025-06-11 16:37:22.057 +05:00 [INF] Executed action Extractify.Api.Controllers.ScrapingTasksController.GetAllTasks (Extractify.Api) in 530.903ms
2025-06-11 16:37:22.060 +05:00 [INF] Executed endpoint 'Extractify.Api.Controllers.ScrapingTasksController.GetAllTasks (Extractify.Api)'
2025-06-11 16:37:22.062 +05:00 [INF] HTTP GET /api/ScrapingTasks responded 200 in 560.3408 ms
2025-06-11 16:37:22.066 +05:00 [DBG] 'ApplicationDbContext' disposed.
2025-06-11 16:37:22.067 +05:00 [DBG] Disposing connection to database 'ExtractifyDB' on server 'DESKTOP-6R2M2KQ'.
2025-06-11 16:37:22.072 +05:00 [DBG] Disposed connection to database '' on server '' (4ms).
2025-06-11 16:37:22.074 +05:00 [INF] Request finished HTTP/2 GET https://localhost:7142/api/ScrapingTasks - 200 null application/json; charset=utf-8 775.3046ms
2025-06-11 16:37:22.134 +05:00 [INF] Request starting HTTP/2 GET https://localhost:7142/favicon.ico - null null
2025-06-11 16:37:22.145 +05:00 [DBG] No candidates found for the request path '/favicon.ico'
2025-06-11 16:37:22.147 +05:00 [DBG] Request did not match any endpoints
2025-06-11 16:37:22.150 +05:00 [DBG] The request path  does not match the path filter
2025-06-11 16:37:22.152 +05:00 [INF] HTTP GET /favicon.ico responded 404 in 0.6662 ms
2025-06-11 16:37:22.159 +05:00 [INF] Request finished HTTP/2 GET https://localhost:7142/favicon.ico - 404 0 null 24.1176ms
2025-06-11 16:37:22.169 +05:00 [INF] Request reached the end of the middleware pipeline without being handled by application code. Request path: GET https://localhost:7142/favicon.ico, Response status code: 404
2025-06-11 16:37:29.062 +05:00 [DBG] Starting HttpMessageHandler cleanup cycle with 1 items
2025-06-11 16:37:29.067 +05:00 [DBG] Ending HttpMessageHandler cleanup cycle after 0.0061ms - processed: 0 items - remaining: 1 items
2025-06-11 16:37:39.084 +05:00 [DBG] Starting HttpMessageHandler cleanup cycle with 1 items
2025-06-11 16:37:39.087 +05:00 [DBG] Ending HttpMessageHandler cleanup cycle after 0.0033ms - processed: 0 items - remaining: 1 items
2025-06-11 16:37:49.096 +05:00 [DBG] Starting HttpMessageHandler cleanup cycle with 1 items
2025-06-11 16:37:49.101 +05:00 [DBG] Ending HttpMessageHandler cleanup cycle after 0.0082ms - processed: 0 items - remaining: 1 items
2025-06-11 16:37:59.112 +05:00 [DBG] Starting HttpMessageHandler cleanup cycle with 1 items
2025-06-11 16:37:59.120 +05:00 [DBG] Ending HttpMessageHandler cleanup cycle after 0.0046ms - processed: 0 items - remaining: 1 items
2025-06-11 16:38:09.142 +05:00 [DBG] Starting HttpMessageHandler cleanup cycle with 1 items
2025-06-11 16:38:09.145 +05:00 [DBG] Ending HttpMessageHandler cleanup cycle after 0.0038ms - processed: 0 items - remaining: 1 items
2025-06-11 16:38:10.635 +05:00 [INF] Request starting HTTP/2 OPTIONS https://localhost:7142/api/ScrapingTasks - null null
2025-06-11 16:38:10.639 +05:00 [DBG] 1 candidate(s) found for the request path '/api/ScrapingTasks'
2025-06-11 16:38:10.644 +05:00 [DBG] Request matched endpoint '405 HTTP Method Not Supported'
2025-06-11 16:38:10.647 +05:00 [DBG] Static files was skipped as the request already matched an endpoint.
2025-06-11 16:38:10.650 +05:00 [DBG] The request has an origin header: 'http://localhost:4200'.
2025-06-11 16:38:10.653 +05:00 [INF] CORS policy execution successful.
2025-06-11 16:38:10.654 +05:00 [DBG] The request is a preflight request.
2025-06-11 16:38:10.656 +05:00 [INF] HTTP OPTIONS /api/ScrapingTasks responded 204 in 5.8068 ms
2025-06-11 16:38:10.662 +05:00 [INF] Request finished HTTP/2 OPTIONS https://localhost:7142/api/ScrapingTasks - 204 null null 27.1948ms
2025-06-11 16:38:10.668 +05:00 [INF] Request starting HTTP/2 POST https://localhost:7142/api/ScrapingTasks - application/json 90
2025-06-11 16:38:10.673 +05:00 [DBG] 1 candidate(s) found for the request path '/api/ScrapingTasks'
2025-06-11 16:38:10.677 +05:00 [DBG] Endpoint 'Extractify.Api.Controllers.ScrapingTasksController.CreateTask (Extractify.Api)' with route pattern 'api/ScrapingTasks' is valid for the request path '/api/ScrapingTasks'
2025-06-11 16:38:10.681 +05:00 [DBG] Request matched endpoint 'Extractify.Api.Controllers.ScrapingTasksController.CreateTask (Extractify.Api)'
2025-06-11 16:38:10.683 +05:00 [DBG] Static files was skipped as the request already matched an endpoint.
2025-06-11 16:38:10.685 +05:00 [DBG] The request has an origin header: 'http://localhost:4200'.
2025-06-11 16:38:10.687 +05:00 [INF] CORS policy execution successful.
2025-06-11 16:38:10.688 +05:00 [INF] Executing endpoint 'Extractify.Api.Controllers.ScrapingTasksController.CreateTask (Extractify.Api)'
2025-06-11 16:38:10.691 +05:00 [INF] Route matched with {action = "CreateTask", controller = "ScrapingTasks"}. Executing controller action with signature System.Threading.Tasks.Task`1[Microsoft.AspNetCore.Mvc.IActionResult] CreateTask(Extractify.Application.DTOs.ScrapingTaskDto) on controller Extractify.Api.Controllers.ScrapingTasksController (Extractify.Api).
2025-06-11 16:38:10.699 +05:00 [DBG] Execution plan of authorization filters (in the following order): ["None"]
2025-06-11 16:38:10.701 +05:00 [DBG] Execution plan of resource filters (in the following order): ["None"]
2025-06-11 16:38:10.704 +05:00 [DBG] Execution plan of action filters (in the following order): ["Microsoft.AspNetCore.Mvc.ModelBinding.UnsupportedContentTypeFilter (Order: -3000)","Microsoft.AspNetCore.Mvc.Infrastructure.ModelStateInvalidFilter (Order: -2000)"]
2025-06-11 16:38:10.707 +05:00 [DBG] Execution plan of exception filters (in the following order): ["None"]
2025-06-11 16:38:10.714 +05:00 [DBG] Execution plan of result filters (in the following order): ["Microsoft.AspNetCore.Mvc.Infrastructure.ClientErrorResultFilter (Order: -2000)"]
2025-06-11 16:38:10.719 +05:00 [DBG] Executing controller factory for controller Extractify.Api.Controllers.ScrapingTasksController (Extractify.Api)
2025-06-11 16:38:10.727 +05:00 [DBG] Executed controller factory for controller Extractify.Api.Controllers.ScrapingTasksController (Extractify.Api)
2025-06-11 16:38:10.732 +05:00 [DBG] Attempting to bind parameter 'request' of type 'Extractify.Application.DTOs.ScrapingTaskDto' ...
2025-06-11 16:38:10.735 +05:00 [DBG] Attempting to bind parameter 'request' of type 'Extractify.Application.DTOs.ScrapingTaskDto' using the name '' in request data ...
2025-06-11 16:38:10.740 +05:00 [DBG] Selected input formatter 'Microsoft.AspNetCore.Mvc.Formatters.SystemTextJsonInputFormatter' for content type 'application/json'.
2025-06-11 16:38:10.747 +05:00 [DBG] Connection id "0HND8RF3PFCPQ", Request id "0HND8RF3PFCPQ:00000015": started reading request body.
2025-06-11 16:38:10.749 +05:00 [DBG] Connection id "0HND8RF3PFCPQ", Request id "0HND8RF3PFCPQ:00000015": done reading request body.
2025-06-11 16:38:10.753 +05:00 [DBG] JSON input formatter succeeded, deserializing to type 'Extractify.Application.DTOs.ScrapingTaskDto'
2025-06-11 16:38:10.756 +05:00 [DBG] Done attempting to bind parameter 'request' of type 'Extractify.Application.DTOs.ScrapingTaskDto'.
2025-06-11 16:38:10.762 +05:00 [DBG] Done attempting to bind parameter 'request' of type 'Extractify.Application.DTOs.ScrapingTaskDto'.
2025-06-11 16:38:10.764 +05:00 [DBG] Attempting to validate the bound parameter 'request' of type 'Extractify.Application.DTOs.ScrapingTaskDto' ...
2025-06-11 16:38:10.767 +05:00 [DBG] Done attempting to validate the bound parameter 'request' of type 'Extractify.Application.DTOs.ScrapingTaskDto'.
2025-06-11 16:38:10.770 +05:00 [DBG] The request has model state errors, returning an error response.
2025-06-11 16:38:10.817 +05:00 [DBG] Request was short circuited at action filter 'Microsoft.AspNetCore.Mvc.Infrastructure.ModelStateInvalidFilter'.
2025-06-11 16:38:10.820 +05:00 [DBG] List of registered output formatters, in the following order: ["Microsoft.AspNetCore.Mvc.Formatters.HttpNoContentOutputFormatter","Microsoft.AspNetCore.Mvc.Formatters.StringOutputFormatter","Microsoft.AspNetCore.Mvc.Formatters.StreamOutputFormatter","Microsoft.AspNetCore.Mvc.Formatters.SystemTextJsonOutputFormatter"]
2025-06-11 16:38:10.836 +05:00 [DBG] No information found on request to perform content negotiation.
2025-06-11 16:38:10.838 +05:00 [DBG] Attempting to select the first output formatter in the output formatters list which supports a content type from the explicitly specified content types '["application/problem+json","application/problem+xml","application/problem+json","application/problem+xml"]'.
2025-06-11 16:38:10.846 +05:00 [DBG] Selected output formatter 'Microsoft.AspNetCore.Mvc.Formatters.SystemTextJsonOutputFormatter' and content type 'application/problem+json' to write the response.
2025-06-11 16:38:10.850 +05:00 [INF] Executing BadRequestObjectResult, writing value of type 'Microsoft.AspNetCore.Mvc.ValidationProblemDetails'.
2025-06-11 16:38:10.853 +05:00 [INF] Executed action Extractify.Api.Controllers.ScrapingTasksController.CreateTask (Extractify.Api) in 134.2757ms
2025-06-11 16:38:10.856 +05:00 [INF] Executed endpoint 'Extractify.Api.Controllers.ScrapingTasksController.CreateTask (Extractify.Api)'
2025-06-11 16:38:10.859 +05:00 [INF] HTTP POST /api/ScrapingTasks responded 400 in 174.4402 ms
2025-06-11 16:38:10.864 +05:00 [INF] Request finished HTTP/2 POST https://localhost:7142/api/ScrapingTasks - 400 null application/problem+json; charset=utf-8 196.3928ms
2025-06-11 16:38:19.154 +05:00 [DBG] Starting HttpMessageHandler cleanup cycle with 1 items
2025-06-11 16:38:19.171 +05:00 [DBG] Ending HttpMessageHandler cleanup cycle after 0.0074ms - processed: 0 items - remaining: 1 items
2025-06-11 16:38:20.056 +05:00 [DBG] HttpMessageHandler expired after 120000ms for client ''
2025-06-11 16:38:29.187 +05:00 [DBG] Starting HttpMessageHandler cleanup cycle with 1 items
2025-06-11 16:38:29.192 +05:00 [DBG] Ending HttpMessageHandler cleanup cycle after 0.0059ms - processed: 0 items - remaining: 1 items
2025-06-11 16:38:30.063 +05:00 [DBG] Starting HttpMessageHandler cleanup cycle with 1 items
2025-06-11 16:38:30.068 +05:00 [DBG] Ending HttpMessageHandler cleanup cycle after 0.0055ms - processed: 0 items - remaining: 1 items
2025-06-11 16:38:39.220 +05:00 [DBG] Starting HttpMessageHandler cleanup cycle with 1 items
2025-06-11 16:38:39.225 +05:00 [DBG] Ending HttpMessageHandler cleanup cycle after 0.006ms - processed: 0 items - remaining: 1 items
2025-06-11 16:38:40.080 +05:00 [DBG] Starting HttpMessageHandler cleanup cycle with 1 items
2025-06-11 16:38:40.087 +05:00 [DBG] Ending HttpMessageHandler cleanup cycle after 0.0065ms - processed: 0 items - remaining: 1 items
2025-06-11 16:38:41.400 +05:00 [DBG] Connection id "0HND8RF3PFCPS" received FIN.
2025-06-11 16:38:41.403 +05:00 [DBG] Connection id "0HND8RF3PFCPS" is closed. The last processed stream ID was 0.
2025-06-11 16:38:41.403 +05:00 [DBG] Connection id "0HND8RF3PFCPS" sending FIN because: "The Socket transport's send loop completed gracefully."
2025-06-11 16:38:41.409 +05:00 [DBG] The connection queue processing loop for 0HND8RF3PFCPS completed.
2025-06-11 16:38:41.411 +05:00 [DBG] Connection id "0HND8RF3PFCPS" stopped.
2025-06-11 16:38:49.240 +05:00 [DBG] Starting HttpMessageHandler cleanup cycle with 1 items
2025-06-11 16:38:49.244 +05:00 [DBG] Ending HttpMessageHandler cleanup cycle after 0.0039ms - processed: 0 items - remaining: 1 items
2025-06-11 16:38:50.082 +05:00 [DBG] Starting HttpMessageHandler cleanup cycle with 1 items
2025-06-11 16:38:50.084 +05:00 [DBG] Ending HttpMessageHandler cleanup cycle after 0.003ms - processed: 0 items - remaining: 1 items
2025-06-11 16:38:59.259 +05:00 [DBG] Starting HttpMessageHandler cleanup cycle with 1 items
2025-06-11 16:38:59.266 +05:00 [DBG] Ending HttpMessageHandler cleanup cycle after 0.0052ms - processed: 0 items - remaining: 1 items
2025-06-11 16:39:00.094 +05:00 [DBG] Starting HttpMessageHandler cleanup cycle with 1 items
2025-06-11 16:39:00.097 +05:00 [DBG] Ending HttpMessageHandler cleanup cycle after 0.004ms - processed: 0 items - remaining: 1 items
2025-06-11 16:39:08.941 +05:00 [INF] Request starting HTTP/2 POST https://localhost:7142/api/ScrapingTasks - application/json 218
2025-06-11 16:39:08.947 +05:00 [DBG] 1 candidate(s) found for the request path '/api/ScrapingTasks'
2025-06-11 16:39:08.950 +05:00 [DBG] Endpoint 'Extractify.Api.Controllers.ScrapingTasksController.CreateTask (Extractify.Api)' with route pattern 'api/ScrapingTasks' is valid for the request path '/api/ScrapingTasks'
2025-06-11 16:39:08.954 +05:00 [DBG] Request matched endpoint 'Extractify.Api.Controllers.ScrapingTasksController.CreateTask (Extractify.Api)'
2025-06-11 16:39:08.956 +05:00 [DBG] Static files was skipped as the request already matched an endpoint.
2025-06-11 16:39:08.957 +05:00 [DBG] The request has an origin header: 'https://localhost:7142'.
2025-06-11 16:39:08.961 +05:00 [INF] CORS policy execution failed.
2025-06-11 16:39:08.964 +05:00 [INF] Request origin https://localhost:7142 does not have permission to access the resource.
2025-06-11 16:39:08.966 +05:00 [INF] Executing endpoint 'Extractify.Api.Controllers.ScrapingTasksController.CreateTask (Extractify.Api)'
2025-06-11 16:39:08.968 +05:00 [INF] Route matched with {action = "CreateTask", controller = "ScrapingTasks"}. Executing controller action with signature System.Threading.Tasks.Task`1[Microsoft.AspNetCore.Mvc.IActionResult] CreateTask(Extractify.Application.DTOs.ScrapingTaskDto) on controller Extractify.Api.Controllers.ScrapingTasksController (Extractify.Api).
2025-06-11 16:39:08.972 +05:00 [DBG] Execution plan of authorization filters (in the following order): ["None"]
2025-06-11 16:39:08.975 +05:00 [DBG] Execution plan of resource filters (in the following order): ["None"]
2025-06-11 16:39:08.979 +05:00 [DBG] Execution plan of action filters (in the following order): ["Microsoft.AspNetCore.Mvc.ModelBinding.UnsupportedContentTypeFilter (Order: -3000)","Microsoft.AspNetCore.Mvc.Infrastructure.ModelStateInvalidFilter (Order: -2000)"]
2025-06-11 16:39:08.985 +05:00 [DBG] Execution plan of exception filters (in the following order): ["None"]
2025-06-11 16:39:08.988 +05:00 [DBG] Execution plan of result filters (in the following order): ["Microsoft.AspNetCore.Mvc.Infrastructure.ClientErrorResultFilter (Order: -2000)"]
2025-06-11 16:39:08.990 +05:00 [DBG] Executing controller factory for controller Extractify.Api.Controllers.ScrapingTasksController (Extractify.Api)
2025-06-11 16:39:08.996 +05:00 [DBG] Executed controller factory for controller Extractify.Api.Controllers.ScrapingTasksController (Extractify.Api)
2025-06-11 16:39:09.000 +05:00 [DBG] Attempting to bind parameter 'request' of type 'Extractify.Application.DTOs.ScrapingTaskDto' ...
2025-06-11 16:39:09.003 +05:00 [DBG] Attempting to bind parameter 'request' of type 'Extractify.Application.DTOs.ScrapingTaskDto' using the name '' in request data ...
2025-06-11 16:39:09.008 +05:00 [DBG] Selected input formatter 'Microsoft.AspNetCore.Mvc.Formatters.SystemTextJsonInputFormatter' for content type 'application/json'.
2025-06-11 16:39:09.013 +05:00 [DBG] Connection id "0HND8RF3PFCPP", Request id "0HND8RF3PFCPP:00000009": started reading request body.
2025-06-11 16:39:09.015 +05:00 [DBG] Connection id "0HND8RF3PFCPP", Request id "0HND8RF3PFCPP:00000009": done reading request body.
2025-06-11 16:39:09.025 +05:00 [DBG] JSON input formatter succeeded, deserializing to type 'Extractify.Application.DTOs.ScrapingTaskDto'
2025-06-11 16:39:09.027 +05:00 [DBG] Done attempting to bind parameter 'request' of type 'Extractify.Application.DTOs.ScrapingTaskDto'.
2025-06-11 16:39:09.030 +05:00 [DBG] Done attempting to bind parameter 'request' of type 'Extractify.Application.DTOs.ScrapingTaskDto'.
2025-06-11 16:39:09.032 +05:00 [DBG] Attempting to validate the bound parameter 'request' of type 'Extractify.Application.DTOs.ScrapingTaskDto' ...
2025-06-11 16:39:09.036 +05:00 [DBG] Done attempting to validate the bound parameter 'request' of type 'Extractify.Application.DTOs.ScrapingTaskDto'.
2025-06-11 16:39:09.038 +05:00 [DBG] The request has model state errors, returning an error response.
2025-06-11 16:39:09.041 +05:00 [DBG] Request was short circuited at action filter 'Microsoft.AspNetCore.Mvc.Infrastructure.ModelStateInvalidFilter'.
2025-06-11 16:39:09.045 +05:00 [DBG] List of registered output formatters, in the following order: ["Microsoft.AspNetCore.Mvc.Formatters.HttpNoContentOutputFormatter","Microsoft.AspNetCore.Mvc.Formatters.StringOutputFormatter","Microsoft.AspNetCore.Mvc.Formatters.StreamOutputFormatter","Microsoft.AspNetCore.Mvc.Formatters.SystemTextJsonOutputFormatter"]
2025-06-11 16:39:09.051 +05:00 [DBG] No information found on request to perform content negotiation.
2025-06-11 16:39:09.053 +05:00 [DBG] Attempting to select the first output formatter in the output formatters list which supports a content type from the explicitly specified content types '["application/problem+json","application/problem+xml","application/problem+json","application/problem+xml"]'.
2025-06-11 16:39:09.064 +05:00 [DBG] Selected output formatter 'Microsoft.AspNetCore.Mvc.Formatters.SystemTextJsonOutputFormatter' and content type 'application/problem+json' to write the response.
2025-06-11 16:39:09.068 +05:00 [INF] Executing BadRequestObjectResult, writing value of type 'Microsoft.AspNetCore.Mvc.ValidationProblemDetails'.
2025-06-11 16:39:09.073 +05:00 [INF] Executed action Extractify.Api.Controllers.ScrapingTasksController.CreateTask (Extractify.Api) in 82.2101ms
2025-06-11 16:39:09.081 +05:00 [INF] Executed endpoint 'Extractify.Api.Controllers.ScrapingTasksController.CreateTask (Extractify.Api)'
2025-06-11 16:39:09.083 +05:00 [INF] HTTP POST /api/ScrapingTasks responded 400 in 125.9672 ms
2025-06-11 16:39:09.092 +05:00 [INF] Request finished HTTP/2 POST https://localhost:7142/api/ScrapingTasks - 400 null application/problem+json; charset=utf-8 151.9076ms
2025-06-11 16:39:09.304 +05:00 [DBG] Starting HttpMessageHandler cleanup cycle with 1 items
2025-06-11 16:39:09.307 +05:00 [DBG] Ending HttpMessageHandler cleanup cycle after 0.004ms - processed: 0 items - remaining: 1 items
2025-06-11 16:39:10.122 +05:00 [DBG] Starting HttpMessageHandler cleanup cycle with 1 items
2025-06-11 16:39:10.129 +05:00 [DBG] Ending HttpMessageHandler cleanup cycle after 0.0071ms - processed: 0 items - remaining: 1 items
2025-06-11 16:39:19.360 +05:00 [DBG] Starting HttpMessageHandler cleanup cycle with 1 items
2025-06-11 16:39:19.364 +05:00 [DBG] Ending HttpMessageHandler cleanup cycle after 0.0037ms - processed: 0 items - remaining: 1 items
2025-06-11 16:39:20.157 +05:00 [DBG] Starting HttpMessageHandler cleanup cycle with 1 items
2025-06-11 16:39:20.159 +05:00 [DBG] Ending HttpMessageHandler cleanup cycle after 0.0058ms - processed: 0 items - remaining: 1 items
2025-06-11 16:39:55.915 +05:00 [INF] Validating DI for IScraperClient
2025-06-11 16:39:56.068 +05:00 [INF] Validating DI for IScrapingService
2025-06-11 16:39:56.312 +05:00 [DBG] An 'IServiceProvider' was created for internal use by Entity Framework.
2025-06-11 16:39:56.519 +05:00 [INF] DI validation successful
