2025-06-10 14:08:38.132 +05:00 [DBG] Registered model binder providers, in the following order: ["Microsoft.AspNetCore.Mvc.ModelBinding.Binders.BinderTypeModelBinderProvider","Microsoft.AspNetCore.Mvc.ModelBinding.Binders.ServicesModelBinderProvider","Microsoft.AspNetCore.Mvc.ModelBinding.Binders.BodyModelBinderProvider","Microsoft.AspNetCore.Mvc.ModelBinding.Binders.HeaderModelBinderProvider","Microsoft.AspNetCore.Mvc.ModelBinding.Binders.FloatingPointTypeModelBinderProvider","Microsoft.AspNetCore.Mvc.ModelBinding.Binders.EnumTypeModelBinderProvider","Microsoft.AspNetCore.Mvc.ModelBinding.Binders.DateTimeModelBinderProvider","Microsoft.AspNetCore.Mvc.ModelBinding.Binders.SimpleTypeModelBinderProvider","Microsoft.AspNetCore.Mvc.ModelBinding.Binders.TryParseModelBinderProvider","Microsoft.AspNetCore.Mvc.ModelBinding.Binders.CancellationTokenModelBinderProvider","Microsoft.AspNetCore.Mvc.ModelBinding.Binders.ByteArrayModelBinderProvider","Microsoft.AspNetCore.Mvc.ModelBinding.Binders.FormFileModelBinderProvider","Microsoft.AspNetCore.Mvc.ModelBinding.Binders.FormCollectionModelBinderProvider","Microsoft.AspNetCore.Mvc.ModelBinding.Binders.KeyValuePairModelBinderProvider","Microsoft.AspNetCore.Mvc.ModelBinding.Binders.DictionaryModelBinderProvider","Microsoft.AspNetCore.Mvc.ModelBinding.Binders.ArrayModelBinderProvider","Microsoft.AspNetCore.Mvc.ModelBinding.Binders.CollectionModelBinderProvider","Microsoft.AspNetCore.Mvc.ModelBinding.Binders.ComplexObjectModelBinderProvider"]
2025-06-10 14:08:38.236 +05:00 [DBG] Hosting starting
2025-06-10 14:08:38.598 +05:00 [INF] Now listening on: https://localhost:7142
2025-06-10 14:08:38.600 +05:00 [INF] Now listening on: http://localhost:5217
2025-06-10 14:08:38.602 +05:00 [DBG] Loaded hosting startup assembly Extractify.Api
2025-06-10 14:08:38.603 +05:00 [DBG] Loaded hosting startup assembly Microsoft.WebTools.ApiEndpointDiscovery
2025-06-10 14:08:38.605 +05:00 [DBG] Loaded hosting startup assembly Microsoft.AspNetCore.Watch.BrowserRefresh
2025-06-10 14:08:38.606 +05:00 [DBG] Loaded hosting startup assembly Microsoft.WebTools.BrowserLink.Net
2025-06-10 14:08:38.680 +05:00 [INF] Application started. Press Ctrl+C to shut down.
2025-06-10 14:08:38.681 +05:00 [INF] Hosting environment: Development
2025-06-10 14:08:38.683 +05:00 [INF] Content root path: F:\codeFirst\Extractify\Extractify
2025-06-10 14:08:38.684 +05:00 [DBG] Hosting started
2025-06-10 14:08:38.690 +05:00 [DBG] Connection id "0HND7VPHLL689" accepted.
2025-06-10 14:08:38.693 +05:00 [DBG] Connection id "0HND7VPHLL68A" received FIN.
2025-06-10 14:08:38.697 +05:00 [DBG] Connection id "0HND7VPHLL689" received FIN.
2025-06-10 14:08:38.699 +05:00 [DBG] Connection id "0HND7VPHLL689" started.
2025-06-10 14:08:38.702 +05:00 [DBG] Connection id "0HND7VPHLL68A" accepted.
2025-06-10 14:08:38.739 +05:00 [DBG] Failed to authenticate HTTPS connection.
System.IO.IOException: Received an unexpected EOF or 0 bytes from the transport stream.
   at System.Net.Security.SslStream.ReceiveHandshakeFrameAsync[TIOAdapter](CancellationToken cancellationToken)
   at System.Net.Security.SslStream.ForceAuthenticationAsync[TIOAdapter](Boolean receiveFirst, Byte[] reAuthenticationData, CancellationToken cancellationToken)
   at System.Net.Security.SslStream.ProcessAuthenticationWithTelemetryAsync(Boolean isAsync, CancellationToken cancellationToken)
   at Microsoft.AspNetCore.Server.Kestrel.Https.Internal.HttpsConnectionMiddleware.OnConnectionAsync(ConnectionContext context)
2025-06-10 14:08:38.745 +05:00 [DBG] Connection id "0HND7VPHLL68A" started.
2025-06-10 14:08:38.948 +05:00 [DBG] Connection id "0HND7VPHLL689" stopped.
2025-06-10 14:08:38.951 +05:00 [DBG] Failed to authenticate HTTPS connection.
System.IO.IOException: Received an unexpected EOF or 0 bytes from the transport stream.
   at System.Net.Security.SslStream.ReceiveHandshakeFrameAsync[TIOAdapter](CancellationToken cancellationToken)
   at System.Net.Security.SslStream.ForceAuthenticationAsync[TIOAdapter](Boolean receiveFirst, Byte[] reAuthenticationData, CancellationToken cancellationToken)
   at System.Net.Security.SslStream.ProcessAuthenticationWithTelemetryAsync(Boolean isAsync, CancellationToken cancellationToken)
   at Microsoft.AspNetCore.Server.Kestrel.Https.Internal.HttpsConnectionMiddleware.OnConnectionAsync(ConnectionContext context)
2025-06-10 14:08:38.962 +05:00 [DBG] Connection id "0HND7VPHLL689" sending FIN because: "The Socket transport's send loop completed gracefully."
2025-06-10 14:08:39.052 +05:00 [DBG] Connection id "0HND7VPHLL68A" stopped.
2025-06-10 14:08:39.065 +05:00 [DBG] Connection id "0HND7VPHLL68A" sending FIN because: "The Socket transport's send loop completed gracefully."
2025-06-10 14:08:39.211 +05:00 [DBG] Connection id "0HND7VPHLL68B" accepted.
2025-06-10 14:08:39.234 +05:00 [DBG] Connection id "0HND7VPHLL68B" started.
2025-06-10 14:08:39.375 +05:00 [DBG] Connection 0HND7VPHLL68B established using the following protocol: "Tls12"
2025-06-10 14:08:39.499 +05:00 [INF] Request starting HTTP/2 GET https://localhost:7142/swagger/index.html - null null
2025-06-10 14:08:40.006 +05:00 [DBG] Wildcard detected, all requests with hosts will be allowed.
2025-06-10 14:08:40.039 +05:00 [DBG] No candidates found for the request path '/swagger/index.html'
2025-06-10 14:08:40.041 +05:00 [DBG] Request did not match any endpoints
2025-06-10 14:08:40.170 +05:00 [DBG] Response markup is scheduled to include Browser Link script injection.
2025-06-10 14:08:40.173 +05:00 [DBG] Response markup is scheduled to include browser refresh script injection.
2025-06-10 14:08:40.207 +05:00 [DBG] Response markup was updated to include Browser Link script injection.
2025-06-10 14:08:40.209 +05:00 [DBG] Response markup was updated to include browser refresh script injection.
2025-06-10 14:08:40.217 +05:00 [INF] Request finished HTTP/2 GET https://localhost:7142/swagger/index.html - 200 null text/html;charset=utf-8 728.7652ms
2025-06-10 14:08:40.420 +05:00 [INF] Request starting HTTP/2 GET https://localhost:7142/_framework/aspnetcore-browser-refresh.js - null null
2025-06-10 14:08:40.513 +05:00 [INF] Request finished HTTP/2 GET https://localhost:7142/_framework/aspnetcore-browser-refresh.js - 200 13764 application/javascript; charset=utf-8 93.438ms
2025-06-10 14:08:40.902 +05:00 [INF] Request starting HTTP/2 GET https://localhost:7142/_vs/browserLink - null null
2025-06-10 14:08:41.079 +05:00 [INF] Request finished HTTP/2 GET https://localhost:7142/_vs/browserLink - 200 null text/javascript; charset=UTF-8 176.6285ms
2025-06-10 14:08:41.990 +05:00 [INF] Request starting HTTP/2 GET https://localhost:7142/swagger/v1/swagger.json - null null
2025-06-10 14:08:41.996 +05:00 [DBG] No candidates found for the request path '/swagger/v1/swagger.json'
2025-06-10 14:08:41.998 +05:00 [DBG] Request did not match any endpoints
2025-06-10 14:08:42.020 +05:00 [INF] Request finished HTTP/2 GET https://localhost:7142/swagger/v1/swagger.json - 200 null application/json;charset=utf-8 30.1487ms
2025-06-10 14:08:46.226 +05:00 [INF] Request starting HTTP/2 GET https://localhost:7142/api/ScrapingTasks - null null
2025-06-10 14:08:46.240 +05:00 [DBG] 1 candidate(s) found for the request path '/api/ScrapingTasks'
2025-06-10 14:08:46.253 +05:00 [DBG] Endpoint 'Extractify.Api.Controllers.ScrapingTasksController.GetAllTasks (Extractify.Api)' with route pattern 'api/ScrapingTasks' is valid for the request path '/api/ScrapingTasks'
2025-06-10 14:08:46.261 +05:00 [DBG] Request matched endpoint 'Extractify.Api.Controllers.ScrapingTasksController.GetAllTasks (Extractify.Api)'
2025-06-10 14:08:46.270 +05:00 [DBG] Static files was skipped as the request already matched an endpoint.
2025-06-10 14:08:46.283 +05:00 [INF] Executing endpoint 'Extractify.Api.Controllers.ScrapingTasksController.GetAllTasks (Extractify.Api)'
2025-06-10 14:08:46.322 +05:00 [INF] Route matched with {action = "GetAllTasks", controller = "ScrapingTasks"}. Executing controller action with signature System.Threading.Tasks.Task`1[Microsoft.AspNetCore.Mvc.IActionResult] GetAllTasks() on controller Extractify.Api.Controllers.ScrapingTasksController (Extractify.Api).
2025-06-10 14:08:46.332 +05:00 [DBG] Execution plan of authorization filters (in the following order): ["None"]
2025-06-10 14:08:46.336 +05:00 [DBG] Execution plan of resource filters (in the following order): ["None"]
2025-06-10 14:08:46.339 +05:00 [DBG] Execution plan of action filters (in the following order): ["Microsoft.AspNetCore.Mvc.ModelBinding.UnsupportedContentTypeFilter (Order: -3000)","Microsoft.AspNetCore.Mvc.Infrastructure.ModelStateInvalidFilter (Order: -2000)"]
2025-06-10 14:08:46.347 +05:00 [DBG] Execution plan of exception filters (in the following order): ["None"]
2025-06-10 14:08:46.350 +05:00 [DBG] Execution plan of result filters (in the following order): ["Microsoft.AspNetCore.Mvc.Infrastructure.ClientErrorResultFilter (Order: -2000)"]
2025-06-10 14:08:46.356 +05:00 [DBG] Executing controller factory for controller Extractify.Api.Controllers.ScrapingTasksController (Extractify.Api)
2025-06-10 14:08:46.382 +05:00 [DBG] Executed controller factory for controller Extractify.Api.Controllers.ScrapingTasksController (Extractify.Api)
2025-06-10 14:08:46.578 +05:00 [INF] Executing action method Extractify.Api.Controllers.ScrapingTasksController.GetAllTasks (Extractify.Api) - Validation state: "Valid"
2025-06-10 14:08:49.500 +05:00 [DBG] Entity Framework Core 8.0.16 initialized 'ApplicationDbContext' using provider 'Microsoft.EntityFrameworkCore.SqlServer:8.0.16' with options: None
2025-06-10 14:08:49.587 +05:00 [DBG] Compiling query expression: 
'DbSet<ScrapingTask>()'
2025-06-10 14:08:49.936 +05:00 [DBG] Generated query execution expression: 
'queryContext => new SingleQueryingEnumerable<ScrapingTask>(
    (RelationalQueryContext)queryContext, 
    RelationalCommandCache.QueryExpression(
        Projection Mapping:
            EmptyProjectionMember -> Dictionary<IProperty, int> { [Property: ScrapingTask.ScrapingTaskId (int) Required PK AfterSave:Throw ValueGenerated.OnAdd, 0], [Property: ScrapingTask.CompletedAt (DateTime?), 1], [Property: ScrapingTask.CreatedAt (DateTime) Required, 2], [Property: ScrapingTask.Selector (string) Required, 3], [Property: ScrapingTask.Status (string) Required, 4], [Property: ScrapingTask.Url (string) Required, 5] }
        SELECT s.ScrapingTaskId, s.CompletedAt, s.CreatedAt, s.Selector, s.Status, s.Url
        FROM ScrapingTasks AS s), 
    null, 
    Func<QueryContext, DbDataReader, ResultContext, SingleQueryResultCoordinator, ScrapingTask>, 
    Extractify.Infrastructure.Data.ApplicationDbContext, 
    False, 
    False, 
    True
)'
2025-06-10 14:08:49.989 +05:00 [DBG] Creating DbConnection.
2025-06-10 14:08:50.021 +05:00 [DBG] Created DbConnection. (29ms).
2025-06-10 14:08:50.030 +05:00 [DBG] Opening connection to database 'ExtractifyDB' on server 'DESKTOP-6R2M2KQ'.
2025-06-10 14:08:50.550 +05:00 [DBG] Opened connection to database 'ExtractifyDB' on server 'DESKTOP-6R2M2KQ'.
2025-06-10 14:08:50.558 +05:00 [DBG] Creating DbCommand for 'ExecuteReader'.
2025-06-10 14:08:50.570 +05:00 [DBG] Created DbCommand for 'ExecuteReader' (10ms).
2025-06-10 14:08:50.574 +05:00 [DBG] Initialized DbCommand for 'ExecuteReader' (17ms).
2025-06-10 14:08:50.585 +05:00 [DBG] Executing DbCommand [Parameters=[], CommandType='"Text"', CommandTimeout='30']
SELECT [s].[ScrapingTaskId], [s].[CompletedAt], [s].[CreatedAt], [s].[Selector], [s].[Status], [s].[Url]
FROM [ScrapingTasks] AS [s]
2025-06-10 14:08:50.643 +05:00 [INF] Executed DbCommand (53ms) [Parameters=[], CommandType='"Text"', CommandTimeout='30']
SELECT [s].[ScrapingTaskId], [s].[CompletedAt], [s].[CreatedAt], [s].[Selector], [s].[Status], [s].[Url]
FROM [ScrapingTasks] AS [s]
2025-06-10 14:08:50.730 +05:00 [DBG] Context 'ApplicationDbContext' started tracking 'ScrapingTask' entity. Consider using 'DbContextOptionsBuilder.EnableSensitiveDataLogging' to see key values.
2025-06-10 14:08:50.802 +05:00 [DBG] Closing data reader to 'ExtractifyDB' on server 'DESKTOP-6R2M2KQ'.
2025-06-10 14:08:50.816 +05:00 [DBG] A data reader for 'ExtractifyDB' on server 'DESKTOP-6R2M2KQ' is being disposed after spending 159ms reading results.
2025-06-10 14:08:50.826 +05:00 [DBG] Closing connection to database 'ExtractifyDB' on server 'DESKTOP-6R2M2KQ'.
2025-06-10 14:08:50.837 +05:00 [DBG] Closed connection to database 'ExtractifyDB' on server 'DESKTOP-6R2M2KQ' (12ms).
2025-06-10 14:08:50.887 +05:00 [INF] Executed action method Extractify.Api.Controllers.ScrapingTasksController.GetAllTasks (Extractify.Api), returned result Microsoft.AspNetCore.Mvc.OkObjectResult in 4297.3691ms.
2025-06-10 14:08:50.900 +05:00 [DBG] List of registered output formatters, in the following order: ["Microsoft.AspNetCore.Mvc.Formatters.HttpNoContentOutputFormatter","Microsoft.AspNetCore.Mvc.Formatters.StringOutputFormatter","Microsoft.AspNetCore.Mvc.Formatters.StreamOutputFormatter","Microsoft.AspNetCore.Mvc.Formatters.SystemTextJsonOutputFormatter"]
2025-06-10 14:08:50.914 +05:00 [DBG] No information found on request to perform content negotiation.
2025-06-10 14:08:50.917 +05:00 [DBG] Attempting to select an output formatter without using a content type as no explicit content types were specified for the response.
2025-06-10 14:08:50.920 +05:00 [DBG] Attempting to select the first formatter in the output formatters list which can write the result.
2025-06-10 14:08:50.924 +05:00 [DBG] Selected output formatter 'Microsoft.AspNetCore.Mvc.Formatters.SystemTextJsonOutputFormatter' and content type 'application/json' to write the response.
2025-06-10 14:08:50.930 +05:00 [INF] Executing OkObjectResult, writing value of type 'System.Collections.Generic.List`1[[Extractify.Application.DTOs.ScrapingTaskDto, Extractify.Application, Version=1.0.0.0, Culture=neutral, PublicKeyToken=null]]'.
2025-06-10 14:08:50.988 +05:00 [INF] Executed action Extractify.Api.Controllers.ScrapingTasksController.GetAllTasks (Extractify.Api) in 4630.0371ms
2025-06-10 14:08:50.993 +05:00 [INF] Executed endpoint 'Extractify.Api.Controllers.ScrapingTasksController.GetAllTasks (Extractify.Api)'
2025-06-10 14:08:50.998 +05:00 [INF] HTTP GET /api/ScrapingTasks responded 200 in 4721.2410 ms
2025-06-10 14:08:51.006 +05:00 [DBG] 'ApplicationDbContext' disposed.
2025-06-10 14:08:51.015 +05:00 [DBG] Disposing connection to database 'ExtractifyDB' on server 'DESKTOP-6R2M2KQ'.
2025-06-10 14:08:51.021 +05:00 [DBG] Disposed connection to database '' on server '' (5ms).
2025-06-10 14:08:51.037 +05:00 [INF] Request finished HTTP/2 GET https://localhost:7142/api/ScrapingTasks - 200 null application/json; charset=utf-8 4811.996ms
2025-06-10 16:16:05.349 +05:00 [INF] Validating DI for IScraperClient
2025-06-10 16:16:05.439 +05:00 [INF] Validating DI for IScrapingService
2025-06-10 16:16:05.755 +05:00 [DBG] An 'IServiceProvider' was created for internal use by Entity Framework.
2025-06-10 16:16:05.993 +05:00 [INF] DI validation successful
