2025-06-11 16:45:55.568 +05:00 [DBG] Registered model binder providers, in the following order: ["Microsoft.AspNetCore.Mvc.ModelBinding.Binders.BinderTypeModelBinderProvider","Microsoft.AspNetCore.Mvc.ModelBinding.Binders.ServicesModelBinderProvider","Microsoft.AspNetCore.Mvc.ModelBinding.Binders.BodyModelBinderProvider","Microsoft.AspNetCore.Mvc.ModelBinding.Binders.HeaderModelBinderProvider","Microsoft.AspNetCore.Mvc.ModelBinding.Binders.FloatingPointTypeModelBinderProvider","Microsoft.AspNetCore.Mvc.ModelBinding.Binders.EnumTypeModelBinderProvider","Microsoft.AspNetCore.Mvc.ModelBinding.Binders.DateTimeModelBinderProvider","Microsoft.AspNetCore.Mvc.ModelBinding.Binders.SimpleTypeModelBinderProvider","Microsoft.AspNetCore.Mvc.ModelBinding.Binders.TryParseModelBinderProvider","Microsoft.AspNetCore.Mvc.ModelBinding.Binders.CancellationTokenModelBinderProvider","Microsoft.AspNetCore.Mvc.ModelBinding.Binders.ByteArrayModelBinderProvider","Microsoft.AspNetCore.Mvc.ModelBinding.Binders.FormFileModelBinderProvider","Microsoft.AspNetCore.Mvc.ModelBinding.Binders.FormCollectionModelBinderProvider","Microsoft.AspNetCore.Mvc.ModelBinding.Binders.KeyValuePairModelBinderProvider","Microsoft.AspNetCore.Mvc.ModelBinding.Binders.DictionaryModelBinderProvider","Microsoft.AspNetCore.Mvc.ModelBinding.Binders.ArrayModelBinderProvider","Microsoft.AspNetCore.Mvc.ModelBinding.Binders.CollectionModelBinderProvider","Microsoft.AspNetCore.Mvc.ModelBinding.Binders.ComplexObjectModelBinderProvider"]
2025-06-11 16:45:55.696 +05:00 [DBG] Hosting starting
2025-06-11 16:45:56.093 +05:00 [INF] Now listening on: https://localhost:7142
2025-06-11 16:45:56.095 +05:00 [INF] Now listening on: http://localhost:5217
2025-06-11 16:45:56.096 +05:00 [DBG] Loaded hosting startup assembly Extractify.Api
2025-06-11 16:45:56.097 +05:00 [DBG] Loaded hosting startup assembly Microsoft.WebTools.ApiEndpointDiscovery
2025-06-11 16:45:56.098 +05:00 [DBG] Loaded hosting startup assembly Microsoft.AspNetCore.Watch.BrowserRefresh
2025-06-11 16:45:56.100 +05:00 [DBG] Loaded hosting startup assembly Microsoft.WebTools.BrowserLink.Net
2025-06-11 16:45:56.229 +05:00 [INF] Application started. Press Ctrl+C to shut down.
2025-06-11 16:45:56.237 +05:00 [INF] Hosting environment: Development
2025-06-11 16:45:56.238 +05:00 [INF] Content root path: F:\codeFirst\Extractify\Extractify
2025-06-11 16:45:56.239 +05:00 [DBG] Hosting started
2025-06-11 16:45:56.296 +05:00 [DBG] Connection id "0HND8RM3G9I35" accepted.
2025-06-11 16:45:56.299 +05:00 [DBG] Connection id "0HND8RM3G9I35" started.
2025-06-11 16:45:56.344 +05:00 [DBG] Connection id "0HND8RM3G9I35" received FIN.
2025-06-11 16:45:56.355 +05:00 [DBG] Failed to authenticate HTTPS connection.
System.IO.IOException: Received an unexpected EOF or 0 bytes from the transport stream.
   at System.Net.Security.SslStream.ReceiveHandshakeFrameAsync[TIOAdapter](CancellationToken cancellationToken)
   at System.Net.Security.SslStream.ForceAuthenticationAsync[TIOAdapter](Boolean receiveFirst, Byte[] reAuthenticationData, CancellationToken cancellationToken)
   at System.Net.Security.SslStream.ProcessAuthenticationWithTelemetryAsync(Boolean isAsync, CancellationToken cancellationToken)
   at Microsoft.AspNetCore.Server.Kestrel.Https.Internal.HttpsConnectionMiddleware.OnConnectionAsync(ConnectionContext context)
2025-06-11 16:45:56.434 +05:00 [DBG] Connection id "0HND8RM3G9I35" stopped.
2025-06-11 16:45:56.445 +05:00 [DBG] Connection id "0HND8RM3G9I35" sending FIN because: "The Socket transport's send loop completed gracefully."
2025-06-11 16:45:56.811 +05:00 [DBG] Connection id "0HND8RM3G9I36" accepted.
2025-06-11 16:45:56.920 +05:00 [DBG] Connection id "0HND8RM3G9I36" started.
2025-06-11 16:45:57.007 +05:00 [DBG] Connection 0HND8RM3G9I36 established using the following protocol: "Tls12"
2025-06-11 16:45:57.150 +05:00 [INF] Request starting HTTP/2 GET https://localhost:7142/swagger/index.html - null null
2025-06-11 16:45:57.499 +05:00 [DBG] Wildcard detected, all requests with hosts will be allowed.
2025-06-11 16:45:57.540 +05:00 [DBG] No candidates found for the request path '/swagger/index.html'
2025-06-11 16:45:57.543 +05:00 [DBG] Request did not match any endpoints
2025-06-11 16:45:57.678 +05:00 [DBG] Response markup is scheduled to include Browser Link script injection.
2025-06-11 16:45:57.682 +05:00 [DBG] Response markup is scheduled to include browser refresh script injection.
2025-06-11 16:45:57.713 +05:00 [DBG] Response markup was updated to include Browser Link script injection.
2025-06-11 16:45:57.715 +05:00 [DBG] Response markup was updated to include browser refresh script injection.
2025-06-11 16:45:57.721 +05:00 [INF] Request finished HTTP/2 GET https://localhost:7142/swagger/index.html - 200 null text/html;charset=utf-8 581.4217ms
2025-06-11 16:45:57.822 +05:00 [INF] Request starting HTTP/2 GET https://localhost:7142/_framework/aspnetcore-browser-refresh.js - null null
2025-06-11 16:45:57.839 +05:00 [INF] Request finished HTTP/2 GET https://localhost:7142/_framework/aspnetcore-browser-refresh.js - 200 13764 application/javascript; charset=utf-8 16.6316ms
2025-06-11 16:45:58.392 +05:00 [INF] Request starting HTTP/2 GET https://localhost:7142/_vs/browserLink - null null
2025-06-11 16:45:58.492 +05:00 [INF] Request finished HTTP/2 GET https://localhost:7142/_vs/browserLink - 200 null text/javascript; charset=UTF-8 100.886ms
2025-06-11 16:45:59.412 +05:00 [INF] Request starting HTTP/2 GET https://localhost:7142/swagger/v1/swagger.json - null null
2025-06-11 16:45:59.419 +05:00 [DBG] No candidates found for the request path '/swagger/v1/swagger.json'
2025-06-11 16:45:59.427 +05:00 [DBG] Request did not match any endpoints
2025-06-11 16:45:59.499 +05:00 [INF] Request finished HTTP/2 GET https://localhost:7142/swagger/v1/swagger.json - 200 null application/json;charset=utf-8 87.7917ms
2025-06-11 16:46:26.769 +05:00 [DBG] Connection id "0HND8RM3G9I37" accepted.
2025-06-11 16:46:26.775 +05:00 [DBG] Connection id "0HND8RM3G9I37" started.
2025-06-11 16:46:26.802 +05:00 [DBG] Connection 0HND8RM3G9I37 established using the following protocol: "Tls12"
2025-06-11 16:46:26.819 +05:00 [INF] Request starting HTTP/2 OPTIONS https://localhost:7142/api/ScrapingTasks - null null
2025-06-11 16:46:26.837 +05:00 [DBG] 1 candidate(s) found for the request path '/api/ScrapingTasks'
2025-06-11 16:46:26.841 +05:00 [DBG] Request matched endpoint '405 HTTP Method Not Supported'
2025-06-11 16:46:26.853 +05:00 [DBG] Static files was skipped as the request already matched an endpoint.
2025-06-11 16:46:26.870 +05:00 [DBG] The request has an origin header: 'http://localhost:4200'.
2025-06-11 16:46:26.876 +05:00 [INF] CORS policy execution successful.
2025-06-11 16:46:26.887 +05:00 [DBG] The request is a preflight request.
2025-06-11 16:46:26.896 +05:00 [INF] HTTP OPTIONS /api/ScrapingTasks responded 204 in 33.1824 ms
2025-06-11 16:46:26.904 +05:00 [INF] Request finished HTTP/2 OPTIONS https://localhost:7142/api/ScrapingTasks - 204 null null 85.0428ms
2025-06-11 16:46:26.911 +05:00 [INF] Request starting HTTP/2 POST https://localhost:7142/api/ScrapingTasks - application/json 90
2025-06-11 16:46:26.919 +05:00 [DBG] 1 candidate(s) found for the request path '/api/ScrapingTasks'
2025-06-11 16:46:26.929 +05:00 [DBG] Endpoint 'Extractify.Api.Controllers.ScrapingTasksController.CreateTask (Extractify.Api)' with route pattern 'api/ScrapingTasks' is valid for the request path '/api/ScrapingTasks'
2025-06-11 16:46:26.937 +05:00 [DBG] Request matched endpoint 'Extractify.Api.Controllers.ScrapingTasksController.CreateTask (Extractify.Api)'
2025-06-11 16:46:26.940 +05:00 [DBG] Static files was skipped as the request already matched an endpoint.
2025-06-11 16:46:26.943 +05:00 [DBG] The request has an origin header: 'http://localhost:4200'.
2025-06-11 16:46:26.948 +05:00 [INF] CORS policy execution successful.
2025-06-11 16:46:26.954 +05:00 [INF] Executing endpoint 'Extractify.Api.Controllers.ScrapingTasksController.CreateTask (Extractify.Api)'
2025-06-11 16:46:27.019 +05:00 [INF] Route matched with {action = "CreateTask", controller = "ScrapingTasks"}. Executing controller action with signature System.Threading.Tasks.Task`1[Microsoft.AspNetCore.Mvc.IActionResult] CreateTask(Extractify.Application.DTOs.ScrapingTaskDto) on controller Extractify.Api.Controllers.ScrapingTasksController (Extractify.Api).
2025-06-11 16:46:27.029 +05:00 [DBG] Execution plan of authorization filters (in the following order): ["None"]
2025-06-11 16:46:27.033 +05:00 [DBG] Execution plan of resource filters (in the following order): ["None"]
2025-06-11 16:46:27.037 +05:00 [DBG] Execution plan of action filters (in the following order): ["Microsoft.AspNetCore.Mvc.ModelBinding.UnsupportedContentTypeFilter (Order: -3000)","Microsoft.AspNetCore.Mvc.Infrastructure.ModelStateInvalidFilter (Order: -2000)"]
2025-06-11 16:46:27.044 +05:00 [DBG] Execution plan of exception filters (in the following order): ["None"]
2025-06-11 16:46:27.048 +05:00 [DBG] Execution plan of result filters (in the following order): ["Microsoft.AspNetCore.Mvc.Infrastructure.ClientErrorResultFilter (Order: -2000)"]
2025-06-11 16:46:27.056 +05:00 [DBG] Executing controller factory for controller Extractify.Api.Controllers.ScrapingTasksController (Extractify.Api)
2025-06-11 16:46:27.095 +05:00 [DBG] Executed controller factory for controller Extractify.Api.Controllers.ScrapingTasksController (Extractify.Api)
2025-06-11 16:46:27.136 +05:00 [DBG] Attempting to bind parameter 'request' of type 'Extractify.Application.DTOs.ScrapingTaskDto' ...
2025-06-11 16:46:27.144 +05:00 [DBG] Attempting to bind parameter 'request' of type 'Extractify.Application.DTOs.ScrapingTaskDto' using the name '' in request data ...
2025-06-11 16:46:27.152 +05:00 [DBG] Selected input formatter 'Microsoft.AspNetCore.Mvc.Formatters.SystemTextJsonInputFormatter' for content type 'application/json'.
2025-06-11 16:46:27.179 +05:00 [DBG] Connection id "0HND8RM3G9I37", Request id "0HND8RM3G9I37:00000003": started reading request body.
2025-06-11 16:46:27.183 +05:00 [DBG] Connection id "0HND8RM3G9I37", Request id "0HND8RM3G9I37:00000003": done reading request body.
2025-06-11 16:46:27.195 +05:00 [DBG] JSON input formatter succeeded, deserializing to type 'Extractify.Application.DTOs.ScrapingTaskDto'
2025-06-11 16:46:27.201 +05:00 [DBG] Done attempting to bind parameter 'request' of type 'Extractify.Application.DTOs.ScrapingTaskDto'.
2025-06-11 16:46:27.204 +05:00 [DBG] Done attempting to bind parameter 'request' of type 'Extractify.Application.DTOs.ScrapingTaskDto'.
2025-06-11 16:46:27.208 +05:00 [DBG] Attempting to validate the bound parameter 'request' of type 'Extractify.Application.DTOs.ScrapingTaskDto' ...
2025-06-11 16:46:27.240 +05:00 [DBG] Done attempting to validate the bound parameter 'request' of type 'Extractify.Application.DTOs.ScrapingTaskDto'.
2025-06-11 16:46:27.248 +05:00 [DBG] The request has model state errors, returning an error response.
2025-06-11 16:46:27.254 +05:00 [DBG] Request was short circuited at action filter 'Microsoft.AspNetCore.Mvc.Infrastructure.ModelStateInvalidFilter'.
2025-06-11 16:46:27.264 +05:00 [DBG] List of registered output formatters, in the following order: ["Microsoft.AspNetCore.Mvc.Formatters.HttpNoContentOutputFormatter","Microsoft.AspNetCore.Mvc.Formatters.StringOutputFormatter","Microsoft.AspNetCore.Mvc.Formatters.StreamOutputFormatter","Microsoft.AspNetCore.Mvc.Formatters.SystemTextJsonOutputFormatter"]
2025-06-11 16:46:27.274 +05:00 [DBG] No information found on request to perform content negotiation.
2025-06-11 16:46:27.277 +05:00 [DBG] Attempting to select the first output formatter in the output formatters list which supports a content type from the explicitly specified content types '["application/problem+json","application/problem+xml","application/problem+json","application/problem+xml"]'.
2025-06-11 16:46:27.287 +05:00 [DBG] Selected output formatter 'Microsoft.AspNetCore.Mvc.Formatters.SystemTextJsonOutputFormatter' and content type 'application/problem+json' to write the response.
2025-06-11 16:46:27.293 +05:00 [INF] Executing BadRequestObjectResult, writing value of type 'Microsoft.AspNetCore.Mvc.ValidationProblemDetails'.
2025-06-11 16:46:27.358 +05:00 [INF] Executed action Extractify.Api.Controllers.ScrapingTasksController.CreateTask (Extractify.Api) in 298.2558ms
2025-06-11 16:46:27.363 +05:00 [INF] Executed endpoint 'Extractify.Api.Controllers.ScrapingTasksController.CreateTask (Extractify.Api)'
2025-06-11 16:46:27.366 +05:00 [INF] HTTP POST /api/ScrapingTasks responded 400 in 423.3664 ms
2025-06-11 16:46:27.371 +05:00 [INF] Request finished HTTP/2 POST https://localhost:7142/api/ScrapingTasks - 400 null application/problem+json; charset=utf-8 459.9687ms
2025-06-11 16:46:37.473 +05:00 [INF] Request starting HTTP/2 OPTIONS https://localhost:7142/api/ScrapingTasks - null null
2025-06-11 16:46:37.487 +05:00 [DBG] 1 candidate(s) found for the request path '/api/ScrapingTasks'
2025-06-11 16:46:37.515 +05:00 [DBG] Request matched endpoint '405 HTTP Method Not Supported'
2025-06-11 16:46:37.518 +05:00 [DBG] Static files was skipped as the request already matched an endpoint.
2025-06-11 16:46:37.522 +05:00 [DBG] The request has an origin header: 'http://localhost:4200'.
2025-06-11 16:46:37.540 +05:00 [INF] CORS policy execution successful.
2025-06-11 16:46:37.547 +05:00 [DBG] The request is a preflight request.
2025-06-11 16:46:37.550 +05:00 [INF] HTTP OPTIONS /api/ScrapingTasks responded 204 in 28.4563 ms
2025-06-11 16:46:37.553 +05:00 [INF] Request finished HTTP/2 OPTIONS https://localhost:7142/api/ScrapingTasks - 204 null null 82.2445ms
2025-06-11 16:46:37.568 +05:00 [INF] Request starting HTTP/2 POST https://localhost:7142/api/ScrapingTasks - application/json 90
2025-06-11 16:46:37.573 +05:00 [DBG] 1 candidate(s) found for the request path '/api/ScrapingTasks'
2025-06-11 16:46:37.579 +05:00 [DBG] Endpoint 'Extractify.Api.Controllers.ScrapingTasksController.CreateTask (Extractify.Api)' with route pattern 'api/ScrapingTasks' is valid for the request path '/api/ScrapingTasks'
2025-06-11 16:46:37.584 +05:00 [DBG] Request matched endpoint 'Extractify.Api.Controllers.ScrapingTasksController.CreateTask (Extractify.Api)'
2025-06-11 16:46:37.587 +05:00 [DBG] Static files was skipped as the request already matched an endpoint.
2025-06-11 16:46:37.589 +05:00 [DBG] The request has an origin header: 'http://localhost:4200'.
2025-06-11 16:46:37.592 +05:00 [INF] CORS policy execution successful.
2025-06-11 16:46:37.598 +05:00 [INF] Executing endpoint 'Extractify.Api.Controllers.ScrapingTasksController.CreateTask (Extractify.Api)'
2025-06-11 16:46:37.600 +05:00 [INF] Route matched with {action = "CreateTask", controller = "ScrapingTasks"}. Executing controller action with signature System.Threading.Tasks.Task`1[Microsoft.AspNetCore.Mvc.IActionResult] CreateTask(Extractify.Application.DTOs.ScrapingTaskDto) on controller Extractify.Api.Controllers.ScrapingTasksController (Extractify.Api).
2025-06-11 16:46:37.606 +05:00 [DBG] Execution plan of authorization filters (in the following order): ["None"]
2025-06-11 16:46:37.612 +05:00 [DBG] Execution plan of resource filters (in the following order): ["None"]
2025-06-11 16:46:37.615 +05:00 [DBG] Execution plan of action filters (in the following order): ["Microsoft.AspNetCore.Mvc.ModelBinding.UnsupportedContentTypeFilter (Order: -3000)","Microsoft.AspNetCore.Mvc.Infrastructure.ModelStateInvalidFilter (Order: -2000)"]
2025-06-11 16:46:37.619 +05:00 [DBG] Execution plan of exception filters (in the following order): ["None"]
2025-06-11 16:46:37.622 +05:00 [DBG] Execution plan of result filters (in the following order): ["Microsoft.AspNetCore.Mvc.Infrastructure.ClientErrorResultFilter (Order: -2000)"]
2025-06-11 16:46:37.625 +05:00 [DBG] Executing controller factory for controller Extractify.Api.Controllers.ScrapingTasksController (Extractify.Api)
2025-06-11 16:46:37.631 +05:00 [DBG] Executed controller factory for controller Extractify.Api.Controllers.ScrapingTasksController (Extractify.Api)
2025-06-11 16:46:37.635 +05:00 [DBG] Attempting to bind parameter 'request' of type 'Extractify.Application.DTOs.ScrapingTaskDto' ...
2025-06-11 16:46:37.660 +05:00 [DBG] Attempting to bind parameter 'request' of type 'Extractify.Application.DTOs.ScrapingTaskDto' using the name '' in request data ...
2025-06-11 16:46:37.667 +05:00 [DBG] Selected input formatter 'Microsoft.AspNetCore.Mvc.Formatters.SystemTextJsonInputFormatter' for content type 'application/json'.
2025-06-11 16:46:37.670 +05:00 [DBG] Connection id "0HND8RM3G9I37", Request id "0HND8RM3G9I37:00000007": started reading request body.
2025-06-11 16:46:37.672 +05:00 [DBG] Connection id "0HND8RM3G9I37", Request id "0HND8RM3G9I37:00000007": done reading request body.
2025-06-11 16:46:37.676 +05:00 [DBG] JSON input formatter succeeded, deserializing to type 'Extractify.Application.DTOs.ScrapingTaskDto'
2025-06-11 16:46:37.680 +05:00 [DBG] Done attempting to bind parameter 'request' of type 'Extractify.Application.DTOs.ScrapingTaskDto'.
2025-06-11 16:46:37.683 +05:00 [DBG] Done attempting to bind parameter 'request' of type 'Extractify.Application.DTOs.ScrapingTaskDto'.
2025-06-11 16:46:37.685 +05:00 [DBG] Attempting to validate the bound parameter 'request' of type 'Extractify.Application.DTOs.ScrapingTaskDto' ...
2025-06-11 16:46:37.689 +05:00 [DBG] Done attempting to validate the bound parameter 'request' of type 'Extractify.Application.DTOs.ScrapingTaskDto'.
2025-06-11 16:46:37.696 +05:00 [DBG] The request has model state errors, returning an error response.
2025-06-11 16:46:37.702 +05:00 [DBG] Request was short circuited at action filter 'Microsoft.AspNetCore.Mvc.Infrastructure.ModelStateInvalidFilter'.
2025-06-11 16:46:37.707 +05:00 [DBG] List of registered output formatters, in the following order: ["Microsoft.AspNetCore.Mvc.Formatters.HttpNoContentOutputFormatter","Microsoft.AspNetCore.Mvc.Formatters.StringOutputFormatter","Microsoft.AspNetCore.Mvc.Formatters.StreamOutputFormatter","Microsoft.AspNetCore.Mvc.Formatters.SystemTextJsonOutputFormatter"]
2025-06-11 16:46:37.719 +05:00 [DBG] No information found on request to perform content negotiation.
2025-06-11 16:46:37.720 +05:00 [DBG] Attempting to select the first output formatter in the output formatters list which supports a content type from the explicitly specified content types '["application/problem+json","application/problem+xml","application/problem+json","application/problem+xml"]'.
2025-06-11 16:46:37.729 +05:00 [DBG] Selected output formatter 'Microsoft.AspNetCore.Mvc.Formatters.SystemTextJsonOutputFormatter' and content type 'application/problem+json' to write the response.
2025-06-11 16:46:37.732 +05:00 [INF] Executing BadRequestObjectResult, writing value of type 'Microsoft.AspNetCore.Mvc.ValidationProblemDetails'.
2025-06-11 16:46:37.735 +05:00 [INF] Executed action Extractify.Api.Controllers.ScrapingTasksController.CreateTask (Extractify.Api) in 110.1066ms
2025-06-11 16:46:37.738 +05:00 [INF] Executed endpoint 'Extractify.Api.Controllers.ScrapingTasksController.CreateTask (Extractify.Api)'
2025-06-11 16:46:37.741 +05:00 [INF] HTTP POST /api/ScrapingTasks responded 400 in 152.5493 ms
2025-06-11 16:46:37.746 +05:00 [INF] Request finished HTTP/2 POST https://localhost:7142/api/ScrapingTasks - 400 null application/problem+json; charset=utf-8 178.3919ms
2025-06-11 16:47:09.095 +05:00 [INF] Request starting HTTP/2 POST https://localhost:7142/api/ScrapingTasks - application/json 218
2025-06-11 16:47:09.102 +05:00 [DBG] 1 candidate(s) found for the request path '/api/ScrapingTasks'
2025-06-11 16:47:09.104 +05:00 [DBG] Endpoint 'Extractify.Api.Controllers.ScrapingTasksController.CreateTask (Extractify.Api)' with route pattern 'api/ScrapingTasks' is valid for the request path '/api/ScrapingTasks'
2025-06-11 16:47:09.108 +05:00 [DBG] Request matched endpoint 'Extractify.Api.Controllers.ScrapingTasksController.CreateTask (Extractify.Api)'
2025-06-11 16:47:09.109 +05:00 [DBG] Static files was skipped as the request already matched an endpoint.
2025-06-11 16:47:09.110 +05:00 [DBG] The request has an origin header: 'https://localhost:7142'.
2025-06-11 16:47:09.112 +05:00 [INF] CORS policy execution failed.
2025-06-11 16:47:09.114 +05:00 [INF] Request origin https://localhost:7142 does not have permission to access the resource.
2025-06-11 16:47:09.115 +05:00 [INF] Executing endpoint 'Extractify.Api.Controllers.ScrapingTasksController.CreateTask (Extractify.Api)'
2025-06-11 16:47:09.118 +05:00 [INF] Route matched with {action = "CreateTask", controller = "ScrapingTasks"}. Executing controller action with signature System.Threading.Tasks.Task`1[Microsoft.AspNetCore.Mvc.IActionResult] CreateTask(Extractify.Application.DTOs.ScrapingTaskDto) on controller Extractify.Api.Controllers.ScrapingTasksController (Extractify.Api).
2025-06-11 16:47:09.123 +05:00 [DBG] Execution plan of authorization filters (in the following order): ["None"]
2025-06-11 16:47:09.125 +05:00 [DBG] Execution plan of resource filters (in the following order): ["None"]
2025-06-11 16:47:09.128 +05:00 [DBG] Execution plan of action filters (in the following order): ["Microsoft.AspNetCore.Mvc.ModelBinding.UnsupportedContentTypeFilter (Order: -3000)","Microsoft.AspNetCore.Mvc.Infrastructure.ModelStateInvalidFilter (Order: -2000)"]
2025-06-11 16:47:09.134 +05:00 [DBG] Execution plan of exception filters (in the following order): ["None"]
2025-06-11 16:47:09.138 +05:00 [DBG] Execution plan of result filters (in the following order): ["Microsoft.AspNetCore.Mvc.Infrastructure.ClientErrorResultFilter (Order: -2000)"]
2025-06-11 16:47:09.142 +05:00 [DBG] Executing controller factory for controller Extractify.Api.Controllers.ScrapingTasksController (Extractify.Api)
2025-06-11 16:47:09.154 +05:00 [DBG] Executed controller factory for controller Extractify.Api.Controllers.ScrapingTasksController (Extractify.Api)
2025-06-11 16:47:09.157 +05:00 [DBG] Attempting to bind parameter 'request' of type 'Extractify.Application.DTOs.ScrapingTaskDto' ...
2025-06-11 16:47:09.160 +05:00 [DBG] Attempting to bind parameter 'request' of type 'Extractify.Application.DTOs.ScrapingTaskDto' using the name '' in request data ...
2025-06-11 16:47:09.164 +05:00 [DBG] Selected input formatter 'Microsoft.AspNetCore.Mvc.Formatters.SystemTextJsonInputFormatter' for content type 'application/json'.
2025-06-11 16:47:09.167 +05:00 [DBG] Connection id "0HND8RM3G9I36", Request id "0HND8RM3G9I36:00000009": started reading request body.
2025-06-11 16:47:09.171 +05:00 [DBG] Connection id "0HND8RM3G9I36", Request id "0HND8RM3G9I36:00000009": done reading request body.
2025-06-11 16:47:09.181 +05:00 [DBG] JSON input formatter succeeded, deserializing to type 'Extractify.Application.DTOs.ScrapingTaskDto'
2025-06-11 16:47:09.183 +05:00 [DBG] Done attempting to bind parameter 'request' of type 'Extractify.Application.DTOs.ScrapingTaskDto'.
2025-06-11 16:47:09.188 +05:00 [DBG] Done attempting to bind parameter 'request' of type 'Extractify.Application.DTOs.ScrapingTaskDto'.
2025-06-11 16:47:09.191 +05:00 [DBG] Attempting to validate the bound parameter 'request' of type 'Extractify.Application.DTOs.ScrapingTaskDto' ...
2025-06-11 16:47:09.194 +05:00 [DBG] Done attempting to validate the bound parameter 'request' of type 'Extractify.Application.DTOs.ScrapingTaskDto'.
2025-06-11 16:47:09.197 +05:00 [DBG] The request has model state errors, returning an error response.
2025-06-11 16:47:09.199 +05:00 [DBG] Request was short circuited at action filter 'Microsoft.AspNetCore.Mvc.Infrastructure.ModelStateInvalidFilter'.
2025-06-11 16:47:09.204 +05:00 [DBG] List of registered output formatters, in the following order: ["Microsoft.AspNetCore.Mvc.Formatters.HttpNoContentOutputFormatter","Microsoft.AspNetCore.Mvc.Formatters.StringOutputFormatter","Microsoft.AspNetCore.Mvc.Formatters.StreamOutputFormatter","Microsoft.AspNetCore.Mvc.Formatters.SystemTextJsonOutputFormatter"]
2025-06-11 16:47:09.209 +05:00 [DBG] No information found on request to perform content negotiation.
2025-06-11 16:47:09.211 +05:00 [DBG] Attempting to select the first output formatter in the output formatters list which supports a content type from the explicitly specified content types '["application/problem+json","application/problem+xml","application/problem+json","application/problem+xml"]'.
2025-06-11 16:47:09.216 +05:00 [DBG] Selected output formatter 'Microsoft.AspNetCore.Mvc.Formatters.SystemTextJsonOutputFormatter' and content type 'application/problem+json' to write the response.
2025-06-11 16:47:09.221 +05:00 [INF] Executing BadRequestObjectResult, writing value of type 'Microsoft.AspNetCore.Mvc.ValidationProblemDetails'.
2025-06-11 16:47:09.225 +05:00 [INF] Executed action Extractify.Api.Controllers.ScrapingTasksController.CreateTask (Extractify.Api) in 83.0516ms
2025-06-11 16:47:09.228 +05:00 [INF] Executed endpoint 'Extractify.Api.Controllers.ScrapingTasksController.CreateTask (Extractify.Api)'
2025-06-11 16:47:09.230 +05:00 [INF] HTTP POST /api/ScrapingTasks responded 400 in 119.9978 ms
2025-06-11 16:47:09.237 +05:00 [INF] Request finished HTTP/2 POST https://localhost:7142/api/ScrapingTasks - 400 null application/problem+json; charset=utf-8 142.6458ms
2025-06-11 16:47:51.340 +05:00 [INF] Validating DI for IScraperClient
2025-06-11 16:47:51.475 +05:00 [INF] Validating DI for IScrapingService
2025-06-11 16:47:51.714 +05:00 [DBG] An 'IServiceProvider' was created for internal use by Entity Framework.
2025-06-11 16:47:51.990 +05:00 [INF] DI validation successful
