2025-06-11 16:48:50.035 +05:00 [DBG] Registered model binder providers, in the following order: ["Microsoft.AspNetCore.Mvc.ModelBinding.Binders.BinderTypeModelBinderProvider","Microsoft.AspNetCore.Mvc.ModelBinding.Binders.ServicesModelBinderProvider","Microsoft.AspNetCore.Mvc.ModelBinding.Binders.BodyModelBinderProvider","Microsoft.AspNetCore.Mvc.ModelBinding.Binders.HeaderModelBinderProvider","Microsoft.AspNetCore.Mvc.ModelBinding.Binders.FloatingPointTypeModelBinderProvider","Microsoft.AspNetCore.Mvc.ModelBinding.Binders.EnumTypeModelBinderProvider","Microsoft.AspNetCore.Mvc.ModelBinding.Binders.DateTimeModelBinderProvider","Microsoft.AspNetCore.Mvc.ModelBinding.Binders.SimpleTypeModelBinderProvider","Microsoft.AspNetCore.Mvc.ModelBinding.Binders.TryParseModelBinderProvider","Microsoft.AspNetCore.Mvc.ModelBinding.Binders.CancellationTokenModelBinderProvider","Microsoft.AspNetCore.Mvc.ModelBinding.Binders.ByteArrayModelBinderProvider","Microsoft.AspNetCore.Mvc.ModelBinding.Binders.FormFileModelBinderProvider","Microsoft.AspNetCore.Mvc.ModelBinding.Binders.FormCollectionModelBinderProvider","Microsoft.AspNetCore.Mvc.ModelBinding.Binders.KeyValuePairModelBinderProvider","Microsoft.AspNetCore.Mvc.ModelBinding.Binders.DictionaryModelBinderProvider","Microsoft.AspNetCore.Mvc.ModelBinding.Binders.ArrayModelBinderProvider","Microsoft.AspNetCore.Mvc.ModelBinding.Binders.CollectionModelBinderProvider","Microsoft.AspNetCore.Mvc.ModelBinding.Binders.ComplexObjectModelBinderProvider"]
2025-06-11 16:48:50.132 +05:00 [DBG] Hosting starting
2025-06-11 16:48:50.436 +05:00 [INF] Now listening on: https://localhost:7142
2025-06-11 16:48:50.438 +05:00 [INF] Now listening on: http://localhost:5217
2025-06-11 16:48:50.440 +05:00 [DBG] Loaded hosting startup assembly Extractify.Api
2025-06-11 16:48:50.441 +05:00 [DBG] Loaded hosting startup assembly Microsoft.WebTools.ApiEndpointDiscovery
2025-06-11 16:48:50.442 +05:00 [DBG] Loaded hosting startup assembly Microsoft.AspNetCore.Watch.BrowserRefresh
2025-06-11 16:48:50.443 +05:00 [DBG] Loaded hosting startup assembly Microsoft.WebTools.BrowserLink.Net
2025-06-11 16:48:50.523 +05:00 [INF] Application started. Press Ctrl+C to shut down.
2025-06-11 16:48:50.526 +05:00 [INF] Hosting environment: Development
2025-06-11 16:48:50.528 +05:00 [INF] Content root path: F:\codeFirst\Extractify\Extractify
2025-06-11 16:48:50.529 +05:00 [DBG] Hosting started
2025-06-11 16:48:50.698 +05:00 [DBG] Connection id "0HND8RNNFGRSA" accepted.
2025-06-11 16:48:50.703 +05:00 [DBG] Connection id "0HND8RNNFGRSB" accepted.
2025-06-11 16:48:50.706 +05:00 [DBG] Connection id "0HND8RNNFGRSA" started.
2025-06-11 16:48:50.708 +05:00 [DBG] Connection id "0HND8RNNFGRSB" started.
2025-06-11 16:48:50.742 +05:00 [DBG] Connection id "0HND8RNNFGRSB" received FIN.
2025-06-11 16:48:50.742 +05:00 [DBG] Connection id "0HND8RNNFGRSA" received FIN.
2025-06-11 16:48:50.799 +05:00 [DBG] Failed to authenticate HTTPS connection.
System.IO.IOException: Received an unexpected EOF or 0 bytes from the transport stream.
   at System.Net.Security.SslStream.ReceiveHandshakeFrameAsync[TIOAdapter](CancellationToken cancellationToken)
   at System.Net.Security.SslStream.ForceAuthenticationAsync[TIOAdapter](Boolean receiveFirst, Byte[] reAuthenticationData, CancellationToken cancellationToken)
   at System.Net.Security.SslStream.ProcessAuthenticationWithTelemetryAsync(Boolean isAsync, CancellationToken cancellationToken)
   at Microsoft.AspNetCore.Server.Kestrel.Https.Internal.HttpsConnectionMiddleware.OnConnectionAsync(ConnectionContext context)
2025-06-11 16:48:50.799 +05:00 [DBG] Failed to authenticate HTTPS connection.
System.IO.IOException: Received an unexpected EOF or 0 bytes from the transport stream.
   at System.Net.Security.SslStream.ReceiveHandshakeFrameAsync[TIOAdapter](CancellationToken cancellationToken)
   at System.Net.Security.SslStream.ForceAuthenticationAsync[TIOAdapter](Boolean receiveFirst, Byte[] reAuthenticationData, CancellationToken cancellationToken)
   at System.Net.Security.SslStream.ProcessAuthenticationWithTelemetryAsync(Boolean isAsync, CancellationToken cancellationToken)
   at Microsoft.AspNetCore.Server.Kestrel.Https.Internal.HttpsConnectionMiddleware.OnConnectionAsync(ConnectionContext context)
2025-06-11 16:48:50.905 +05:00 [DBG] Connection id "0HND8RNNFGRSB" stopped.
2025-06-11 16:48:50.909 +05:00 [DBG] Connection id "0HND8RNNFGRSA" stopped.
2025-06-11 16:48:50.932 +05:00 [DBG] Connection id "0HND8RNNFGRSA" sending FIN because: "The Socket transport's send loop completed gracefully."
2025-06-11 16:48:50.932 +05:00 [DBG] Connection id "0HND8RNNFGRSB" sending FIN because: "The Socket transport's send loop completed gracefully."
2025-06-11 16:48:51.154 +05:00 [DBG] Connection id "0HND8RNNFGRSC" accepted.
2025-06-11 16:48:51.175 +05:00 [DBG] Connection id "0HND8RNNFGRSC" started.
2025-06-11 16:48:51.383 +05:00 [DBG] Connection 0HND8RNNFGRSC established using the following protocol: "Tls12"
2025-06-11 16:48:51.507 +05:00 [INF] Request starting HTTP/2 GET https://localhost:7142/swagger/index.html - null null
2025-06-11 16:48:51.912 +05:00 [DBG] Wildcard detected, all requests with hosts will be allowed.
2025-06-11 16:48:51.957 +05:00 [DBG] No candidates found for the request path '/swagger/index.html'
2025-06-11 16:48:52.017 +05:00 [DBG] Request did not match any endpoints
2025-06-11 16:48:52.150 +05:00 [DBG] Response markup is scheduled to include Browser Link script injection.
2025-06-11 16:48:52.154 +05:00 [DBG] Response markup is scheduled to include browser refresh script injection.
2025-06-11 16:48:52.182 +05:00 [DBG] Response markup was updated to include Browser Link script injection.
2025-06-11 16:48:52.184 +05:00 [DBG] Response markup was updated to include browser refresh script injection.
2025-06-11 16:48:52.189 +05:00 [INF] Request finished HTTP/2 GET https://localhost:7142/swagger/index.html - 200 null text/html;charset=utf-8 691.2098ms
2025-06-11 16:48:52.287 +05:00 [INF] Request starting HTTP/2 GET https://localhost:7142/_framework/aspnetcore-browser-refresh.js - null null
2025-06-11 16:48:52.301 +05:00 [INF] Request finished HTTP/2 GET https://localhost:7142/_framework/aspnetcore-browser-refresh.js - 200 13764 application/javascript; charset=utf-8 13.7779ms
2025-06-11 16:48:52.836 +05:00 [INF] Request starting HTTP/2 GET https://localhost:7142/_vs/browserLink - null null
2025-06-11 16:48:52.936 +05:00 [INF] Request finished HTTP/2 GET https://localhost:7142/_vs/browserLink - 200 null text/javascript; charset=UTF-8 100.7544ms
2025-06-11 16:48:53.812 +05:00 [INF] Request starting HTTP/2 GET https://localhost:7142/swagger/v1/swagger.json - null null
2025-06-11 16:48:53.817 +05:00 [DBG] No candidates found for the request path '/swagger/v1/swagger.json'
2025-06-11 16:48:53.819 +05:00 [DBG] Request did not match any endpoints
2025-06-11 16:48:53.897 +05:00 [INF] Request finished HTTP/2 GET https://localhost:7142/swagger/v1/swagger.json - 200 null application/json;charset=utf-8 85.5473ms
2025-06-11 16:49:11.308 +05:00 [INF] Request starting HTTP/2 POST https://localhost:7142/api/ScrapingTasks - application/json 218
2025-06-11 16:49:11.320 +05:00 [DBG] 1 candidate(s) found for the request path '/api/ScrapingTasks'
2025-06-11 16:49:11.328 +05:00 [DBG] Endpoint 'Extractify.Api.Controllers.ScrapingTasksController.CreateTask (Extractify.Api)' with route pattern 'api/ScrapingTasks' is valid for the request path '/api/ScrapingTasks'
2025-06-11 16:49:11.334 +05:00 [DBG] Request matched endpoint 'Extractify.Api.Controllers.ScrapingTasksController.CreateTask (Extractify.Api)'
2025-06-11 16:49:11.363 +05:00 [DBG] Static files was skipped as the request already matched an endpoint.
2025-06-11 16:49:11.373 +05:00 [DBG] The request has an origin header: 'https://localhost:7142'.
2025-06-11 16:49:11.375 +05:00 [INF] CORS policy execution failed.
2025-06-11 16:49:11.377 +05:00 [INF] Request origin https://localhost:7142 does not have permission to access the resource.
2025-06-11 16:49:11.382 +05:00 [INF] Executing endpoint 'Extractify.Api.Controllers.ScrapingTasksController.CreateTask (Extractify.Api)'
2025-06-11 16:49:11.430 +05:00 [INF] Route matched with {action = "CreateTask", controller = "ScrapingTasks"}. Executing controller action with signature System.Threading.Tasks.Task`1[Microsoft.AspNetCore.Mvc.IActionResult] CreateTask(Extractify.Application.DTOs.ScrapingTaskDto) on controller Extractify.Api.Controllers.ScrapingTasksController (Extractify.Api).
2025-06-11 16:49:11.439 +05:00 [DBG] Execution plan of authorization filters (in the following order): ["None"]
2025-06-11 16:49:11.443 +05:00 [DBG] Execution plan of resource filters (in the following order): ["None"]
2025-06-11 16:49:11.447 +05:00 [DBG] Execution plan of action filters (in the following order): ["Microsoft.AspNetCore.Mvc.ModelBinding.UnsupportedContentTypeFilter (Order: -3000)","Microsoft.AspNetCore.Mvc.Infrastructure.ModelStateInvalidFilter (Order: -2000)"]
2025-06-11 16:49:11.453 +05:00 [DBG] Execution plan of exception filters (in the following order): ["None"]
2025-06-11 16:49:11.458 +05:00 [DBG] Execution plan of result filters (in the following order): ["Microsoft.AspNetCore.Mvc.Infrastructure.ClientErrorResultFilter (Order: -2000)"]
2025-06-11 16:49:11.465 +05:00 [DBG] Executing controller factory for controller Extractify.Api.Controllers.ScrapingTasksController (Extractify.Api)
2025-06-11 16:49:11.498 +05:00 [DBG] Executed controller factory for controller Extractify.Api.Controllers.ScrapingTasksController (Extractify.Api)
2025-06-11 16:49:11.525 +05:00 [DBG] Attempting to bind parameter 'request' of type 'Extractify.Application.DTOs.ScrapingTaskDto' ...
2025-06-11 16:49:11.532 +05:00 [DBG] Attempting to bind parameter 'request' of type 'Extractify.Application.DTOs.ScrapingTaskDto' using the name '' in request data ...
2025-06-11 16:49:11.539 +05:00 [DBG] Selected input formatter 'Microsoft.AspNetCore.Mvc.Formatters.SystemTextJsonInputFormatter' for content type 'application/json'.
2025-06-11 16:49:11.563 +05:00 [DBG] Connection id "0HND8RNNFGRSC", Request id "0HND8RNNFGRSC:00000009": started reading request body.
2025-06-11 16:49:11.566 +05:00 [DBG] Connection id "0HND8RNNFGRSC", Request id "0HND8RNNFGRSC:00000009": done reading request body.
2025-06-11 16:49:11.583 +05:00 [DBG] JSON input formatter succeeded, deserializing to type 'Extractify.Application.DTOs.ScrapingTaskDto'
2025-06-11 16:49:11.646 +05:00 [DBG] Done attempting to bind parameter 'request' of type 'Extractify.Application.DTOs.ScrapingTaskDto'.
2025-06-11 16:49:11.650 +05:00 [DBG] Done attempting to bind parameter 'request' of type 'Extractify.Application.DTOs.ScrapingTaskDto'.
2025-06-11 16:49:11.657 +05:00 [DBG] Attempting to validate the bound parameter 'request' of type 'Extractify.Application.DTOs.ScrapingTaskDto' ...
2025-06-11 16:49:11.681 +05:00 [DBG] Done attempting to validate the bound parameter 'request' of type 'Extractify.Application.DTOs.ScrapingTaskDto'.
2025-06-11 16:49:11.861 +05:00 [INF] Executing action method Extractify.Api.Controllers.ScrapingTasksController.CreateTask (Extractify.Api) - Validation state: "Valid"
2025-06-11 16:49:20.644 +05:00 [INF] Validating DI for IScraperClient
2025-06-11 16:49:20.776 +05:00 [INF] Validating DI for IScrapingService
2025-06-11 16:49:20.997 +05:00 [DBG] An 'IServiceProvider' was created for internal use by Entity Framework.
2025-06-11 16:49:21.249 +05:00 [INF] DI validation successful
