2025-06-10 18:59:42.393 +05:00 [DBG] Registered model binder providers, in the following order: ["Microsoft.AspNetCore.Mvc.ModelBinding.Binders.BinderTypeModelBinderProvider","Microsoft.AspNetCore.Mvc.ModelBinding.Binders.ServicesModelBinderProvider","Microsoft.AspNetCore.Mvc.ModelBinding.Binders.BodyModelBinderProvider","Microsoft.AspNetCore.Mvc.ModelBinding.Binders.HeaderModelBinderProvider","Microsoft.AspNetCore.Mvc.ModelBinding.Binders.FloatingPointTypeModelBinderProvider","Microsoft.AspNetCore.Mvc.ModelBinding.Binders.EnumTypeModelBinderProvider","Microsoft.AspNetCore.Mvc.ModelBinding.Binders.DateTimeModelBinderProvider","Microsoft.AspNetCore.Mvc.ModelBinding.Binders.SimpleTypeModelBinderProvider","Microsoft.AspNetCore.Mvc.ModelBinding.Binders.TryParseModelBinderProvider","Microsoft.AspNetCore.Mvc.ModelBinding.Binders.CancellationTokenModelBinderProvider","Microsoft.AspNetCore.Mvc.ModelBinding.Binders.ByteArrayModelBinderProvider","Microsoft.AspNetCore.Mvc.ModelBinding.Binders.FormFileModelBinderProvider","Microsoft.AspNetCore.Mvc.ModelBinding.Binders.FormCollectionModelBinderProvider","Microsoft.AspNetCore.Mvc.ModelBinding.Binders.KeyValuePairModelBinderProvider","Microsoft.AspNetCore.Mvc.ModelBinding.Binders.DictionaryModelBinderProvider","Microsoft.AspNetCore.Mvc.ModelBinding.Binders.ArrayModelBinderProvider","Microsoft.AspNetCore.Mvc.ModelBinding.Binders.CollectionModelBinderProvider","Microsoft.AspNetCore.Mvc.ModelBinding.Binders.ComplexObjectModelBinderProvider"]
2025-06-10 18:59:42.494 +05:00 [DBG] Hosting starting
2025-06-10 18:59:42.883 +05:00 [DBG] Connection id "0HND84S6D61UL" received FIN.
2025-06-10 18:59:42.892 +05:00 [DBG] Connection id "0HND84S6D61UL" accepted.
2025-06-10 18:59:42.895 +05:00 [DBG] Connection id "0HND84S6D61UL" started.
2025-06-10 18:59:42.896 +05:00 [INF] Now listening on: https://localhost:7142
2025-06-10 18:59:42.897 +05:00 [INF] Now listening on: http://localhost:5217
2025-06-10 18:59:42.899 +05:00 [DBG] Loaded hosting startup assembly Extractify.Api
2025-06-10 18:59:42.900 +05:00 [DBG] Loaded hosting startup assembly Microsoft.WebTools.ApiEndpointDiscovery
2025-06-10 18:59:42.901 +05:00 [DBG] Loaded hosting startup assembly Microsoft.AspNetCore.Watch.BrowserRefresh
2025-06-10 18:59:42.902 +05:00 [DBG] Loaded hosting startup assembly Microsoft.WebTools.BrowserLink.Net
2025-06-10 18:59:42.969 +05:00 [DBG] Failed to authenticate HTTPS connection.
System.IO.IOException: Received an unexpected EOF or 0 bytes from the transport stream.
   at System.Net.Security.SslStream.ReceiveHandshakeFrameAsync[TIOAdapter](CancellationToken cancellationToken)
   at System.Net.Security.SslStream.ForceAuthenticationAsync[TIOAdapter](Boolean receiveFirst, Byte[] reAuthenticationData, CancellationToken cancellationToken)
   at System.Net.Security.SslStream.ProcessAuthenticationWithTelemetryAsync(Boolean isAsync, CancellationToken cancellationToken)
   at Microsoft.AspNetCore.Server.Kestrel.Https.Internal.HttpsConnectionMiddleware.OnConnectionAsync(ConnectionContext context)
2025-06-10 18:59:43.149 +05:00 [DBG] Connection id "0HND84S6D61UL" stopped.
2025-06-10 18:59:43.155 +05:00 [INF] Application started. Press Ctrl+C to shut down.
2025-06-10 18:59:43.189 +05:00 [DBG] Connection id "0HND84S6D61UL" sending FIN because: "The Socket transport's send loop completed gracefully."
2025-06-10 18:59:43.195 +05:00 [INF] Hosting environment: Development
2025-06-10 18:59:43.243 +05:00 [INF] Content root path: F:\codeFirst\Extractify\Extractify
2025-06-10 18:59:43.244 +05:00 [DBG] Hosting started
2025-06-10 18:59:43.529 +05:00 [DBG] Connection id "0HND84S6D61UM" accepted.
2025-06-10 18:59:43.659 +05:00 [DBG] Connection id "0HND84S6D61UM" started.
2025-06-10 18:59:43.797 +05:00 [DBG] Connection 0HND84S6D61UM established using the following protocol: "Tls12"
2025-06-10 18:59:43.947 +05:00 [INF] Request starting HTTP/2 GET https://localhost:7142/swagger/index.html - null null
2025-06-10 18:59:44.445 +05:00 [DBG] Wildcard detected, all requests with hosts will be allowed.
2025-06-10 18:59:44.486 +05:00 [DBG] No candidates found for the request path '/swagger/index.html'
2025-06-10 18:59:44.489 +05:00 [DBG] Request did not match any endpoints
2025-06-10 18:59:44.654 +05:00 [DBG] Response markup is scheduled to include Browser Link script injection.
2025-06-10 18:59:44.658 +05:00 [DBG] Response markup is scheduled to include browser refresh script injection.
2025-06-10 18:59:44.700 +05:00 [DBG] Response markup was updated to include Browser Link script injection.
2025-06-10 18:59:44.705 +05:00 [DBG] Response markup was updated to include browser refresh script injection.
2025-06-10 18:59:44.712 +05:00 [INF] Request finished HTTP/2 GET https://localhost:7142/swagger/index.html - 200 null text/html;charset=utf-8 774.7808ms
2025-06-10 18:59:44.810 +05:00 [INF] Request starting HTTP/2 GET https://localhost:7142/_framework/aspnetcore-browser-refresh.js - null null
2025-06-10 18:59:44.825 +05:00 [INF] Request finished HTTP/2 GET https://localhost:7142/_framework/aspnetcore-browser-refresh.js - 200 13764 application/javascript; charset=utf-8 15.5705ms
2025-06-10 18:59:45.443 +05:00 [INF] Request starting HTTP/2 GET https://localhost:7142/_vs/browserLink - null null
2025-06-10 18:59:45.532 +05:00 [INF] Request finished HTTP/2 GET https://localhost:7142/_vs/browserLink - 200 null text/javascript; charset=UTF-8 89.8483ms
2025-06-10 18:59:46.767 +05:00 [INF] Request starting HTTP/2 GET https://localhost:7142/swagger/v1/swagger.json - null null
2025-06-10 18:59:46.776 +05:00 [DBG] No candidates found for the request path '/swagger/v1/swagger.json'
2025-06-10 18:59:46.778 +05:00 [DBG] Request did not match any endpoints
2025-06-10 18:59:46.819 +05:00 [INF] Request finished HTTP/2 GET https://localhost:7142/swagger/v1/swagger.json - 200 null application/json;charset=utf-8 52.0972ms
2025-06-10 19:00:15.546 +05:00 [DBG] Connection id "0HND84S6D61UN" accepted.
2025-06-10 19:00:15.710 +05:00 [DBG] Connection id "0HND84S6D61UN" started.
2025-06-10 19:00:15.751 +05:00 [DBG] Connection 0HND84S6D61UN established using the following protocol: "Tls12"
2025-06-10 19:00:15.766 +05:00 [INF] Request starting HTTP/2 GET https://localhost:7142/api/ScrapingTasks - null null
2025-06-10 19:00:15.775 +05:00 [DBG] 1 candidate(s) found for the request path '/api/ScrapingTasks'
2025-06-10 19:00:15.781 +05:00 [DBG] Endpoint 'Extractify.Api.Controllers.ScrapingTasksController.GetAllTasks (Extractify.Api)' with route pattern 'api/ScrapingTasks' is valid for the request path '/api/ScrapingTasks'
2025-06-10 19:00:15.784 +05:00 [DBG] Request matched endpoint 'Extractify.Api.Controllers.ScrapingTasksController.GetAllTasks (Extractify.Api)'
2025-06-10 19:00:15.791 +05:00 [DBG] Static files was skipped as the request already matched an endpoint.
2025-06-10 19:00:15.799 +05:00 [DBG] The request has an origin header: 'http://localhost:4200'.
2025-06-10 19:00:15.801 +05:00 [INF] CORS policy execution successful.
2025-06-10 19:00:15.808 +05:00 [INF] Executing endpoint 'Extractify.Api.Controllers.ScrapingTasksController.GetAllTasks (Extractify.Api)'
2025-06-10 19:00:15.845 +05:00 [INF] Route matched with {action = "GetAllTasks", controller = "ScrapingTasks"}. Executing controller action with signature System.Threading.Tasks.Task`1[Microsoft.AspNetCore.Mvc.IActionResult] GetAllTasks() on controller Extractify.Api.Controllers.ScrapingTasksController (Extractify.Api).
2025-06-10 19:00:15.850 +05:00 [DBG] Execution plan of authorization filters (in the following order): ["None"]
2025-06-10 19:00:15.854 +05:00 [DBG] Execution plan of resource filters (in the following order): ["None"]
2025-06-10 19:00:15.862 +05:00 [DBG] Execution plan of action filters (in the following order): ["Microsoft.AspNetCore.Mvc.ModelBinding.UnsupportedContentTypeFilter (Order: -3000)","Microsoft.AspNetCore.Mvc.Infrastructure.ModelStateInvalidFilter (Order: -2000)"]
2025-06-10 19:00:15.866 +05:00 [DBG] Execution plan of exception filters (in the following order): ["None"]
2025-06-10 19:00:15.868 +05:00 [DBG] Execution plan of result filters (in the following order): ["Microsoft.AspNetCore.Mvc.Infrastructure.ClientErrorResultFilter (Order: -2000)"]
2025-06-10 19:00:15.874 +05:00 [DBG] Executing controller factory for controller Extractify.Api.Controllers.ScrapingTasksController (Extractify.Api)
2025-06-10 19:00:15.887 +05:00 [DBG] Executed controller factory for controller Extractify.Api.Controllers.ScrapingTasksController (Extractify.Api)
2025-06-10 19:00:16.002 +05:00 [INF] Executing action method Extractify.Api.Controllers.ScrapingTasksController.GetAllTasks (Extractify.Api) - Validation state: "Valid"
2025-06-10 19:00:17.548 +05:00 [DBG] Entity Framework Core 8.0.16 initialized 'ApplicationDbContext' using provider 'Microsoft.EntityFrameworkCore.SqlServer:8.0.16' with options: None
2025-06-10 19:00:17.607 +05:00 [DBG] Compiling query expression: 
'DbSet<ScrapingTask>()'
2025-06-10 19:00:17.893 +05:00 [DBG] Generated query execution expression: 
'queryContext => new SingleQueryingEnumerable<ScrapingTask>(
    (RelationalQueryContext)queryContext, 
    RelationalCommandCache.QueryExpression(
        Projection Mapping:
            EmptyProjectionMember -> Dictionary<IProperty, int> { [Property: ScrapingTask.ScrapingTaskId (int) Required PK AfterSave:Throw ValueGenerated.OnAdd, 0], [Property: ScrapingTask.CompletedAt (DateTime?), 1], [Property: ScrapingTask.CreatedAt (DateTime) Required, 2], [Property: ScrapingTask.ImageSelector (string), 3], [Property: ScrapingTask.Selector (string) Required, 4], [Property: ScrapingTask.Status (string) Required, 5], [Property: ScrapingTask.Url (string) Required, 6] }
        SELECT s.ScrapingTaskId, s.CompletedAt, s.CreatedAt, s.ImageSelector, s.Selector, s.Status, s.Url
        FROM ScrapingTasks AS s), 
    null, 
    Func<QueryContext, DbDataReader, ResultContext, SingleQueryResultCoordinator, ScrapingTask>, 
    Extractify.Infrastructure.Data.ApplicationDbContext, 
    False, 
    False, 
    True
)'
2025-06-10 19:00:17.948 +05:00 [DBG] Creating DbConnection.
2025-06-10 19:00:17.992 +05:00 [DBG] Created DbConnection. (39ms).
2025-06-10 19:00:17.999 +05:00 [DBG] Opening connection to database 'ExtractifyDB' on server 'DESKTOP-6R2M2KQ'.
2025-06-10 19:00:18.956 +05:00 [DBG] Opened connection to database 'ExtractifyDB' on server 'DESKTOP-6R2M2KQ'.
2025-06-10 19:00:18.961 +05:00 [DBG] Creating DbCommand for 'ExecuteReader'.
2025-06-10 19:00:18.969 +05:00 [DBG] Created DbCommand for 'ExecuteReader' (5ms).
2025-06-10 19:00:18.972 +05:00 [DBG] Initialized DbCommand for 'ExecuteReader' (11ms).
2025-06-10 19:00:18.980 +05:00 [DBG] Executing DbCommand [Parameters=[], CommandType='"Text"', CommandTimeout='30']
SELECT [s].[ScrapingTaskId], [s].[CompletedAt], [s].[CreatedAt], [s].[ImageSelector], [s].[Selector], [s].[Status], [s].[Url]
FROM [ScrapingTasks] AS [s]
2025-06-10 19:00:19.024 +05:00 [ERR] Failed executing DbCommand (44ms) [Parameters=[], CommandType='"Text"', CommandTimeout='30']
SELECT [s].[ScrapingTaskId], [s].[CompletedAt], [s].[CreatedAt], [s].[ImageSelector], [s].[Selector], [s].[Status], [s].[Url]
FROM [ScrapingTasks] AS [s]
2025-06-10 19:00:19.031 +05:00 [DBG] Closing connection to database 'ExtractifyDB' on server 'DESKTOP-6R2M2KQ'.
2025-06-10 19:00:19.042 +05:00 [DBG] Closed connection to database 'ExtractifyDB' on server 'DESKTOP-6R2M2KQ' (7ms).
2025-06-10 19:00:19.055 +05:00 [ERR] An exception occurred while iterating over the results of a query for context type 'Extractify.Infrastructure.Data.ApplicationDbContext'.
Microsoft.Data.SqlClient.SqlException (0x80131904): Invalid column name 'ImageSelector'.
   at Microsoft.Data.SqlClient.SqlCommand.<>c.<ExecuteDbDataReaderAsync>b__211_0(Task`1 result)
   at System.Threading.Tasks.ContinuationResultTaskFromResultTask`2.InnerInvoke()
   at System.Threading.ExecutionContext.RunInternal(ExecutionContext executionContext, ContextCallback callback, Object state)
--- End of stack trace from previous location ---
   at System.Threading.ExecutionContext.RunInternal(ExecutionContext executionContext, ContextCallback callback, Object state)
   at System.Threading.Tasks.Task.ExecuteWithThreadLocal(Task& currentTaskSlot, Thread threadPoolThread)
--- End of stack trace from previous location ---
   at Microsoft.EntityFrameworkCore.Storage.RelationalCommand.ExecuteReaderAsync(RelationalCommandParameterObject parameterObject, CancellationToken cancellationToken)
   at Microsoft.EntityFrameworkCore.Storage.RelationalCommand.ExecuteReaderAsync(RelationalCommandParameterObject parameterObject, CancellationToken cancellationToken)
   at Microsoft.EntityFrameworkCore.Query.Internal.SingleQueryingEnumerable`1.AsyncEnumerator.InitializeReaderAsync(AsyncEnumerator enumerator, CancellationToken cancellationToken)
   at Microsoft.EntityFrameworkCore.SqlServer.Storage.Internal.SqlServerExecutionStrategy.ExecuteAsync[TState,TResult](TState state, Func`4 operation, Func`4 verifySucceeded, CancellationToken cancellationToken)
   at Microsoft.EntityFrameworkCore.Query.Internal.SingleQueryingEnumerable`1.AsyncEnumerator.MoveNextAsync()
ClientConnectionId:2a1d3e92-680c-40ea-83f9-4b5674315737
Error Number:207,State:1,Class:16
Microsoft.Data.SqlClient.SqlException (0x80131904): Invalid column name 'ImageSelector'.
   at Microsoft.Data.SqlClient.SqlCommand.<>c.<ExecuteDbDataReaderAsync>b__211_0(Task`1 result)
   at System.Threading.Tasks.ContinuationResultTaskFromResultTask`2.InnerInvoke()
   at System.Threading.ExecutionContext.RunInternal(ExecutionContext executionContext, ContextCallback callback, Object state)
--- End of stack trace from previous location ---
   at System.Threading.ExecutionContext.RunInternal(ExecutionContext executionContext, ContextCallback callback, Object state)
   at System.Threading.Tasks.Task.ExecuteWithThreadLocal(Task& currentTaskSlot, Thread threadPoolThread)
--- End of stack trace from previous location ---
   at Microsoft.EntityFrameworkCore.Storage.RelationalCommand.ExecuteReaderAsync(RelationalCommandParameterObject parameterObject, CancellationToken cancellationToken)
   at Microsoft.EntityFrameworkCore.Storage.RelationalCommand.ExecuteReaderAsync(RelationalCommandParameterObject parameterObject, CancellationToken cancellationToken)
   at Microsoft.EntityFrameworkCore.Query.Internal.SingleQueryingEnumerable`1.AsyncEnumerator.InitializeReaderAsync(AsyncEnumerator enumerator, CancellationToken cancellationToken)
   at Microsoft.EntityFrameworkCore.SqlServer.Storage.Internal.SqlServerExecutionStrategy.ExecuteAsync[TState,TResult](TState state, Func`4 operation, Func`4 verifySucceeded, CancellationToken cancellationToken)
   at Microsoft.EntityFrameworkCore.Query.Internal.SingleQueryingEnumerable`1.AsyncEnumerator.MoveNextAsync()
ClientConnectionId:2a1d3e92-680c-40ea-83f9-4b5674315737
Error Number:207,State:1,Class:16
2025-06-10 19:00:19.448 +05:00 [INF] Executed action method Extractify.Api.Controllers.ScrapingTasksController.GetAllTasks (Extractify.Api), returned result Microsoft.AspNetCore.Mvc.ObjectResult in 3437.1641ms.
2025-06-10 19:00:19.458 +05:00 [DBG] List of registered output formatters, in the following order: ["Microsoft.AspNetCore.Mvc.Formatters.HttpNoContentOutputFormatter","Microsoft.AspNetCore.Mvc.Formatters.StringOutputFormatter","Microsoft.AspNetCore.Mvc.Formatters.StreamOutputFormatter","Microsoft.AspNetCore.Mvc.Formatters.SystemTextJsonOutputFormatter"]
2025-06-10 19:00:19.466 +05:00 [DBG] No information found on request to perform content negotiation.
2025-06-10 19:00:19.467 +05:00 [DBG] Attempting to select an output formatter without using a content type as no explicit content types were specified for the response.
2025-06-10 19:00:19.469 +05:00 [DBG] Attempting to select the first formatter in the output formatters list which can write the result.
2025-06-10 19:00:19.472 +05:00 [DBG] Selected output formatter 'Microsoft.AspNetCore.Mvc.Formatters.SystemTextJsonOutputFormatter' and content type 'application/json' to write the response.
2025-06-10 19:00:19.475 +05:00 [INF] Executing ObjectResult, writing value of type '<>f__AnonymousType1`2[[System.String, System.Private.CoreLib, Version=8.0.0.0, Culture=neutral, PublicKeyToken=7cec85d7bea7798e],[System.String, System.Private.CoreLib, Version=8.0.0.0, Culture=neutral, PublicKeyToken=7cec85d7bea7798e]]'.
2025-06-10 19:00:19.502 +05:00 [INF] Executed action Extractify.Api.Controllers.ScrapingTasksController.GetAllTasks (Extractify.Api) in 3626.7043ms
2025-06-10 19:00:19.506 +05:00 [INF] Executed endpoint 'Extractify.Api.Controllers.ScrapingTasksController.GetAllTasks (Extractify.Api)'
2025-06-10 19:00:19.513 +05:00 [ERR] HTTP GET /api/ScrapingTasks responded 500 in 3715.3499 ms
2025-06-10 19:00:19.518 +05:00 [DBG] 'ApplicationDbContext' disposed.
2025-06-10 19:00:19.524 +05:00 [DBG] Disposing connection to database 'ExtractifyDB' on server 'DESKTOP-6R2M2KQ'.
2025-06-10 19:00:19.530 +05:00 [DBG] Disposed connection to database '' on server '' (5ms).
2025-06-10 19:00:19.541 +05:00 [INF] Request finished HTTP/2 GET https://localhost:7142/api/ScrapingTasks - 500 null application/json; charset=utf-8 3775.8779ms
2025-06-10 19:00:30.543 +05:00 [INF] Request starting HTTP/2 GET https://localhost:7142/api/ScrapingTasks - null null
2025-06-10 19:00:30.547 +05:00 [DBG] 1 candidate(s) found for the request path '/api/ScrapingTasks'
2025-06-10 19:00:30.552 +05:00 [DBG] Endpoint 'Extractify.Api.Controllers.ScrapingTasksController.GetAllTasks (Extractify.Api)' with route pattern 'api/ScrapingTasks' is valid for the request path '/api/ScrapingTasks'
2025-06-10 19:00:30.558 +05:00 [DBG] Request matched endpoint 'Extractify.Api.Controllers.ScrapingTasksController.GetAllTasks (Extractify.Api)'
2025-06-10 19:00:30.560 +05:00 [DBG] Static files was skipped as the request already matched an endpoint.
2025-06-10 19:00:30.562 +05:00 [DBG] The request has an origin header: 'http://localhost:4200'.
2025-06-10 19:00:30.564 +05:00 [INF] CORS policy execution successful.
2025-06-10 19:00:30.565 +05:00 [INF] Executing endpoint 'Extractify.Api.Controllers.ScrapingTasksController.GetAllTasks (Extractify.Api)'
2025-06-10 19:00:30.566 +05:00 [INF] Route matched with {action = "GetAllTasks", controller = "ScrapingTasks"}. Executing controller action with signature System.Threading.Tasks.Task`1[Microsoft.AspNetCore.Mvc.IActionResult] GetAllTasks() on controller Extractify.Api.Controllers.ScrapingTasksController (Extractify.Api).
2025-06-10 19:00:30.568 +05:00 [DBG] Execution plan of authorization filters (in the following order): ["None"]
2025-06-10 19:00:30.572 +05:00 [DBG] Execution plan of resource filters (in the following order): ["None"]
2025-06-10 19:00:30.573 +05:00 [DBG] Execution plan of action filters (in the following order): ["Microsoft.AspNetCore.Mvc.ModelBinding.UnsupportedContentTypeFilter (Order: -3000)","Microsoft.AspNetCore.Mvc.Infrastructure.ModelStateInvalidFilter (Order: -2000)"]
2025-06-10 19:00:30.576 +05:00 [DBG] Execution plan of exception filters (in the following order): ["None"]
2025-06-10 19:00:30.577 +05:00 [DBG] Execution plan of result filters (in the following order): ["Microsoft.AspNetCore.Mvc.Infrastructure.ClientErrorResultFilter (Order: -2000)"]
2025-06-10 19:00:30.579 +05:00 [DBG] Executing controller factory for controller Extractify.Api.Controllers.ScrapingTasksController (Extractify.Api)
2025-06-10 19:00:30.581 +05:00 [DBG] Executed controller factory for controller Extractify.Api.Controllers.ScrapingTasksController (Extractify.Api)
2025-06-10 19:00:30.625 +05:00 [INF] Executing action method Extractify.Api.Controllers.ScrapingTasksController.GetAllTasks (Extractify.Api) - Validation state: "Valid"
2025-06-10 19:00:30.698 +05:00 [DBG] Entity Framework Core 8.0.16 initialized 'ApplicationDbContext' using provider 'Microsoft.EntityFrameworkCore.SqlServer:8.0.16' with options: None
2025-06-10 19:00:30.707 +05:00 [DBG] Creating DbConnection.
2025-06-10 19:00:30.712 +05:00 [DBG] Created DbConnection. (5ms).
2025-06-10 19:00:30.713 +05:00 [DBG] Opening connection to database 'ExtractifyDB' on server 'DESKTOP-6R2M2KQ'.
2025-06-10 19:00:30.716 +05:00 [DBG] Opened connection to database 'ExtractifyDB' on server 'DESKTOP-6R2M2KQ'.
2025-06-10 19:00:30.721 +05:00 [DBG] Creating DbCommand for 'ExecuteReader'.
2025-06-10 19:00:30.722 +05:00 [DBG] Created DbCommand for 'ExecuteReader' (1ms).
2025-06-10 19:00:30.725 +05:00 [DBG] Initialized DbCommand for 'ExecuteReader' (3ms).
2025-06-10 19:00:30.727 +05:00 [DBG] Executing DbCommand [Parameters=[], CommandType='"Text"', CommandTimeout='30']
SELECT [s].[ScrapingTaskId], [s].[CompletedAt], [s].[CreatedAt], [s].[ImageSelector], [s].[Selector], [s].[Status], [s].[Url]
FROM [ScrapingTasks] AS [s]
2025-06-10 19:00:30.749 +05:00 [ERR] Failed executing DbCommand (21ms) [Parameters=[], CommandType='"Text"', CommandTimeout='30']
SELECT [s].[ScrapingTaskId], [s].[CompletedAt], [s].[CreatedAt], [s].[ImageSelector], [s].[Selector], [s].[Status], [s].[Url]
FROM [ScrapingTasks] AS [s]
2025-06-10 19:00:30.752 +05:00 [DBG] Closing connection to database 'ExtractifyDB' on server 'DESKTOP-6R2M2KQ'.
2025-06-10 19:00:30.768 +05:00 [DBG] Closed connection to database 'ExtractifyDB' on server 'DESKTOP-6R2M2KQ' (16ms).
2025-06-10 19:00:30.776 +05:00 [ERR] An exception occurred while iterating over the results of a query for context type 'Extractify.Infrastructure.Data.ApplicationDbContext'.
Microsoft.Data.SqlClient.SqlException (0x80131904): Invalid column name 'ImageSelector'.
   at Microsoft.Data.SqlClient.SqlCommand.<>c.<ExecuteDbDataReaderAsync>b__211_0(Task`1 result)
   at System.Threading.Tasks.ContinuationResultTaskFromResultTask`2.InnerInvoke()
   at System.Threading.ExecutionContext.RunInternal(ExecutionContext executionContext, ContextCallback callback, Object state)
--- End of stack trace from previous location ---
   at System.Threading.ExecutionContext.RunInternal(ExecutionContext executionContext, ContextCallback callback, Object state)
   at System.Threading.Tasks.Task.ExecuteWithThreadLocal(Task& currentTaskSlot, Thread threadPoolThread)
--- End of stack trace from previous location ---
   at Microsoft.EntityFrameworkCore.Storage.RelationalCommand.ExecuteReaderAsync(RelationalCommandParameterObject parameterObject, CancellationToken cancellationToken)
   at Microsoft.EntityFrameworkCore.Storage.RelationalCommand.ExecuteReaderAsync(RelationalCommandParameterObject parameterObject, CancellationToken cancellationToken)
   at Microsoft.EntityFrameworkCore.Query.Internal.SingleQueryingEnumerable`1.AsyncEnumerator.InitializeReaderAsync(AsyncEnumerator enumerator, CancellationToken cancellationToken)
   at Microsoft.EntityFrameworkCore.SqlServer.Storage.Internal.SqlServerExecutionStrategy.ExecuteAsync[TState,TResult](TState state, Func`4 operation, Func`4 verifySucceeded, CancellationToken cancellationToken)
   at Microsoft.EntityFrameworkCore.Query.Internal.SingleQueryingEnumerable`1.AsyncEnumerator.MoveNextAsync()
ClientConnectionId:2a1d3e92-680c-40ea-83f9-4b5674315737
Error Number:207,State:1,Class:16
Microsoft.Data.SqlClient.SqlException (0x80131904): Invalid column name 'ImageSelector'.
   at Microsoft.Data.SqlClient.SqlCommand.<>c.<ExecuteDbDataReaderAsync>b__211_0(Task`1 result)
   at System.Threading.Tasks.ContinuationResultTaskFromResultTask`2.InnerInvoke()
   at System.Threading.ExecutionContext.RunInternal(ExecutionContext executionContext, ContextCallback callback, Object state)
--- End of stack trace from previous location ---
   at System.Threading.ExecutionContext.RunInternal(ExecutionContext executionContext, ContextCallback callback, Object state)
   at System.Threading.Tasks.Task.ExecuteWithThreadLocal(Task& currentTaskSlot, Thread threadPoolThread)
--- End of stack trace from previous location ---
   at Microsoft.EntityFrameworkCore.Storage.RelationalCommand.ExecuteReaderAsync(RelationalCommandParameterObject parameterObject, CancellationToken cancellationToken)
   at Microsoft.EntityFrameworkCore.Storage.RelationalCommand.ExecuteReaderAsync(RelationalCommandParameterObject parameterObject, CancellationToken cancellationToken)
   at Microsoft.EntityFrameworkCore.Query.Internal.SingleQueryingEnumerable`1.AsyncEnumerator.InitializeReaderAsync(AsyncEnumerator enumerator, CancellationToken cancellationToken)
   at Microsoft.EntityFrameworkCore.SqlServer.Storage.Internal.SqlServerExecutionStrategy.ExecuteAsync[TState,TResult](TState state, Func`4 operation, Func`4 verifySucceeded, CancellationToken cancellationToken)
   at Microsoft.EntityFrameworkCore.Query.Internal.SingleQueryingEnumerable`1.AsyncEnumerator.MoveNextAsync()
ClientConnectionId:2a1d3e92-680c-40ea-83f9-4b5674315737
Error Number:207,State:1,Class:16
2025-06-10 19:00:31.012 +05:00 [INF] Executed action method Extractify.Api.Controllers.ScrapingTasksController.GetAllTasks (Extractify.Api), returned result Microsoft.AspNetCore.Mvc.ObjectResult in 383.8799ms.
2025-06-10 19:00:31.016 +05:00 [DBG] List of registered output formatters, in the following order: ["Microsoft.AspNetCore.Mvc.Formatters.HttpNoContentOutputFormatter","Microsoft.AspNetCore.Mvc.Formatters.StringOutputFormatter","Microsoft.AspNetCore.Mvc.Formatters.StreamOutputFormatter","Microsoft.AspNetCore.Mvc.Formatters.SystemTextJsonOutputFormatter"]
2025-06-10 19:00:31.020 +05:00 [DBG] No information found on request to perform content negotiation.
2025-06-10 19:00:31.022 +05:00 [DBG] Attempting to select an output formatter without using a content type as no explicit content types were specified for the response.
2025-06-10 19:00:31.023 +05:00 [DBG] Attempting to select the first formatter in the output formatters list which can write the result.
2025-06-10 19:00:31.025 +05:00 [DBG] Selected output formatter 'Microsoft.AspNetCore.Mvc.Formatters.SystemTextJsonOutputFormatter' and content type 'application/json' to write the response.
2025-06-10 19:00:31.026 +05:00 [INF] Executing ObjectResult, writing value of type '<>f__AnonymousType1`2[[System.String, System.Private.CoreLib, Version=8.0.0.0, Culture=neutral, PublicKeyToken=7cec85d7bea7798e],[System.String, System.Private.CoreLib, Version=8.0.0.0, Culture=neutral, PublicKeyToken=7cec85d7bea7798e]]'.
2025-06-10 19:00:31.029 +05:00 [INF] Executed action Extractify.Api.Controllers.ScrapingTasksController.GetAllTasks (Extractify.Api) in 449.8519ms
2025-06-10 19:00:31.031 +05:00 [INF] Executed endpoint 'Extractify.Api.Controllers.ScrapingTasksController.GetAllTasks (Extractify.Api)'
2025-06-10 19:00:31.033 +05:00 [ERR] HTTP GET /api/ScrapingTasks responded 500 in 471.2304 ms
2025-06-10 19:00:31.035 +05:00 [DBG] 'ApplicationDbContext' disposed.
2025-06-10 19:00:31.037 +05:00 [DBG] Disposing connection to database 'ExtractifyDB' on server 'DESKTOP-6R2M2KQ'.
2025-06-10 19:00:31.039 +05:00 [DBG] Disposed connection to database '' on server '' (1ms).
2025-06-10 19:00:31.041 +05:00 [INF] Request finished HTTP/2 GET https://localhost:7142/api/ScrapingTasks - 500 null application/json; charset=utf-8 498.9432ms
2025-06-10 19:00:50.395 +05:00 [INF] Request starting HTTP/2 GET https://localhost:7142/api/ScrapingTasks - null null
2025-06-10 19:00:50.401 +05:00 [DBG] 1 candidate(s) found for the request path '/api/ScrapingTasks'
2025-06-10 19:00:50.403 +05:00 [DBG] Endpoint 'Extractify.Api.Controllers.ScrapingTasksController.GetAllTasks (Extractify.Api)' with route pattern 'api/ScrapingTasks' is valid for the request path '/api/ScrapingTasks'
2025-06-10 19:00:50.405 +05:00 [DBG] Request matched endpoint 'Extractify.Api.Controllers.ScrapingTasksController.GetAllTasks (Extractify.Api)'
2025-06-10 19:00:50.407 +05:00 [DBG] Static files was skipped as the request already matched an endpoint.
2025-06-10 19:00:50.408 +05:00 [DBG] The request has an origin header: 'http://localhost:4200'.
2025-06-10 19:00:50.439 +05:00 [INF] CORS policy execution successful.
2025-06-10 19:00:50.440 +05:00 [INF] Executing endpoint 'Extractify.Api.Controllers.ScrapingTasksController.GetAllTasks (Extractify.Api)'
2025-06-10 19:00:50.443 +05:00 [INF] Route matched with {action = "GetAllTasks", controller = "ScrapingTasks"}. Executing controller action with signature System.Threading.Tasks.Task`1[Microsoft.AspNetCore.Mvc.IActionResult] GetAllTasks() on controller Extractify.Api.Controllers.ScrapingTasksController (Extractify.Api).
2025-06-10 19:00:50.451 +05:00 [DBG] Execution plan of authorization filters (in the following order): ["None"]
2025-06-10 19:00:50.454 +05:00 [DBG] Execution plan of resource filters (in the following order): ["None"]
2025-06-10 19:00:50.455 +05:00 [DBG] Execution plan of action filters (in the following order): ["Microsoft.AspNetCore.Mvc.ModelBinding.UnsupportedContentTypeFilter (Order: -3000)","Microsoft.AspNetCore.Mvc.Infrastructure.ModelStateInvalidFilter (Order: -2000)"]
2025-06-10 19:00:50.458 +05:00 [DBG] Execution plan of exception filters (in the following order): ["None"]
2025-06-10 19:00:50.460 +05:00 [DBG] Execution plan of result filters (in the following order): ["Microsoft.AspNetCore.Mvc.Infrastructure.ClientErrorResultFilter (Order: -2000)"]
2025-06-10 19:00:50.462 +05:00 [DBG] Executing controller factory for controller Extractify.Api.Controllers.ScrapingTasksController (Extractify.Api)
2025-06-10 19:00:50.470 +05:00 [DBG] Executed controller factory for controller Extractify.Api.Controllers.ScrapingTasksController (Extractify.Api)
2025-06-10 19:00:50.512 +05:00 [INF] Executing action method Extractify.Api.Controllers.ScrapingTasksController.GetAllTasks (Extractify.Api) - Validation state: "Valid"
2025-06-10 19:00:55.745 +05:00 [DBG] Entity Framework Core 8.0.16 initialized 'ApplicationDbContext' using provider 'Microsoft.EntityFrameworkCore.SqlServer:8.0.16' with options: None
2025-06-10 19:00:55.750 +05:00 [DBG] Creating DbConnection.
2025-06-10 19:00:55.752 +05:00 [DBG] Created DbConnection. (1ms).
2025-06-10 19:00:55.755 +05:00 [DBG] Opening connection to database 'ExtractifyDB' on server 'DESKTOP-6R2M2KQ'.
2025-06-10 19:00:55.759 +05:00 [DBG] Opened connection to database 'ExtractifyDB' on server 'DESKTOP-6R2M2KQ'.
2025-06-10 19:00:55.761 +05:00 [DBG] Creating DbCommand for 'ExecuteReader'.
2025-06-10 19:00:55.763 +05:00 [DBG] Created DbCommand for 'ExecuteReader' (1ms).
2025-06-10 19:00:55.766 +05:00 [DBG] Initialized DbCommand for 'ExecuteReader' (5ms).
2025-06-10 19:00:55.770 +05:00 [DBG] Executing DbCommand [Parameters=[], CommandType='"Text"', CommandTimeout='30']
SELECT [s].[ScrapingTaskId], [s].[CompletedAt], [s].[CreatedAt], [s].[ImageSelector], [s].[Selector], [s].[Status], [s].[Url]
FROM [ScrapingTasks] AS [s]
2025-06-10 19:00:55.817 +05:00 [ERR] Failed executing DbCommand (47ms) [Parameters=[], CommandType='"Text"', CommandTimeout='30']
SELECT [s].[ScrapingTaskId], [s].[CompletedAt], [s].[CreatedAt], [s].[ImageSelector], [s].[Selector], [s].[Status], [s].[Url]
FROM [ScrapingTasks] AS [s]
2025-06-10 19:00:55.821 +05:00 [DBG] Closing connection to database 'ExtractifyDB' on server 'DESKTOP-6R2M2KQ'.
2025-06-10 19:00:55.823 +05:00 [DBG] Closed connection to database 'ExtractifyDB' on server 'DESKTOP-6R2M2KQ' (1ms).
2025-06-10 19:00:55.827 +05:00 [ERR] An exception occurred while iterating over the results of a query for context type 'Extractify.Infrastructure.Data.ApplicationDbContext'.
Microsoft.Data.SqlClient.SqlException (0x80131904): Invalid column name 'ImageSelector'.
   at Microsoft.Data.SqlClient.SqlCommand.<>c.<ExecuteDbDataReaderAsync>b__211_0(Task`1 result)
   at System.Threading.Tasks.ContinuationResultTaskFromResultTask`2.InnerInvoke()
   at System.Threading.ExecutionContext.RunInternal(ExecutionContext executionContext, ContextCallback callback, Object state)
--- End of stack trace from previous location ---
   at System.Threading.ExecutionContext.RunInternal(ExecutionContext executionContext, ContextCallback callback, Object state)
   at System.Threading.Tasks.Task.ExecuteWithThreadLocal(Task& currentTaskSlot, Thread threadPoolThread)
--- End of stack trace from previous location ---
   at Microsoft.EntityFrameworkCore.Storage.RelationalCommand.ExecuteReaderAsync(RelationalCommandParameterObject parameterObject, CancellationToken cancellationToken)
   at Microsoft.EntityFrameworkCore.Storage.RelationalCommand.ExecuteReaderAsync(RelationalCommandParameterObject parameterObject, CancellationToken cancellationToken)
   at Microsoft.EntityFrameworkCore.Query.Internal.SingleQueryingEnumerable`1.AsyncEnumerator.InitializeReaderAsync(AsyncEnumerator enumerator, CancellationToken cancellationToken)
   at Microsoft.EntityFrameworkCore.SqlServer.Storage.Internal.SqlServerExecutionStrategy.ExecuteAsync[TState,TResult](TState state, Func`4 operation, Func`4 verifySucceeded, CancellationToken cancellationToken)
   at Microsoft.EntityFrameworkCore.Query.Internal.SingleQueryingEnumerable`1.AsyncEnumerator.MoveNextAsync()
ClientConnectionId:2a1d3e92-680c-40ea-83f9-4b5674315737
Error Number:207,State:1,Class:16
Microsoft.Data.SqlClient.SqlException (0x80131904): Invalid column name 'ImageSelector'.
   at Microsoft.Data.SqlClient.SqlCommand.<>c.<ExecuteDbDataReaderAsync>b__211_0(Task`1 result)
   at System.Threading.Tasks.ContinuationResultTaskFromResultTask`2.InnerInvoke()
   at System.Threading.ExecutionContext.RunInternal(ExecutionContext executionContext, ContextCallback callback, Object state)
--- End of stack trace from previous location ---
   at System.Threading.ExecutionContext.RunInternal(ExecutionContext executionContext, ContextCallback callback, Object state)
   at System.Threading.Tasks.Task.ExecuteWithThreadLocal(Task& currentTaskSlot, Thread threadPoolThread)
--- End of stack trace from previous location ---
   at Microsoft.EntityFrameworkCore.Storage.RelationalCommand.ExecuteReaderAsync(RelationalCommandParameterObject parameterObject, CancellationToken cancellationToken)
   at Microsoft.EntityFrameworkCore.Storage.RelationalCommand.ExecuteReaderAsync(RelationalCommandParameterObject parameterObject, CancellationToken cancellationToken)
   at Microsoft.EntityFrameworkCore.Query.Internal.SingleQueryingEnumerable`1.AsyncEnumerator.InitializeReaderAsync(AsyncEnumerator enumerator, CancellationToken cancellationToken)
   at Microsoft.EntityFrameworkCore.SqlServer.Storage.Internal.SqlServerExecutionStrategy.ExecuteAsync[TState,TResult](TState state, Func`4 operation, Func`4 verifySucceeded, CancellationToken cancellationToken)
   at Microsoft.EntityFrameworkCore.Query.Internal.SingleQueryingEnumerable`1.AsyncEnumerator.MoveNextAsync()
ClientConnectionId:2a1d3e92-680c-40ea-83f9-4b5674315737
Error Number:207,State:1,Class:16
2025-06-10 19:00:56.184 +05:00 [INF] Executed action method Extractify.Api.Controllers.ScrapingTasksController.GetAllTasks (Extractify.Api), returned result Microsoft.AspNetCore.Mvc.ObjectResult in 5668.4617ms.
2025-06-10 19:00:56.187 +05:00 [DBG] List of registered output formatters, in the following order: ["Microsoft.AspNetCore.Mvc.Formatters.HttpNoContentOutputFormatter","Microsoft.AspNetCore.Mvc.Formatters.StringOutputFormatter","Microsoft.AspNetCore.Mvc.Formatters.StreamOutputFormatter","Microsoft.AspNetCore.Mvc.Formatters.SystemTextJsonOutputFormatter"]
2025-06-10 19:00:56.189 +05:00 [DBG] No information found on request to perform content negotiation.
2025-06-10 19:00:56.190 +05:00 [DBG] Attempting to select an output formatter without using a content type as no explicit content types were specified for the response.
2025-06-10 19:00:56.192 +05:00 [DBG] Attempting to select the first formatter in the output formatters list which can write the result.
2025-06-10 19:00:56.193 +05:00 [DBG] Selected output formatter 'Microsoft.AspNetCore.Mvc.Formatters.SystemTextJsonOutputFormatter' and content type 'application/json' to write the response.
2025-06-10 19:00:56.196 +05:00 [INF] Executing ObjectResult, writing value of type '<>f__AnonymousType1`2[[System.String, System.Private.CoreLib, Version=8.0.0.0, Culture=neutral, PublicKeyToken=7cec85d7bea7798e],[System.String, System.Private.CoreLib, Version=8.0.0.0, Culture=neutral, PublicKeyToken=7cec85d7bea7798e]]'.
2025-06-10 19:00:56.198 +05:00 [INF] Executed action Extractify.Api.Controllers.ScrapingTasksController.GetAllTasks (Extractify.Api) in 5735.9346ms
2025-06-10 19:00:56.200 +05:00 [INF] Executed endpoint 'Extractify.Api.Controllers.ScrapingTasksController.GetAllTasks (Extractify.Api)'
2025-06-10 19:00:56.201 +05:00 [ERR] HTTP GET /api/ScrapingTasks responded 500 in 5793.3622 ms
2025-06-10 19:00:56.204 +05:00 [DBG] 'ApplicationDbContext' disposed.
2025-06-10 19:00:56.205 +05:00 [DBG] Disposing connection to database 'ExtractifyDB' on server 'DESKTOP-6R2M2KQ'.
2025-06-10 19:00:56.207 +05:00 [DBG] Disposed connection to database '' on server '' (1ms).
2025-06-10 19:00:56.209 +05:00 [INF] Request finished HTTP/2 GET https://localhost:7142/api/ScrapingTasks - 500 null application/json; charset=utf-8 5814.0465ms
2025-06-10 19:01:12.031 +05:00 [INF] Request starting HTTP/2 GET https://localhost:7142/api/ScrapingTasks - null null
2025-06-10 19:01:12.036 +05:00 [DBG] 1 candidate(s) found for the request path '/api/ScrapingTasks'
2025-06-10 19:01:12.038 +05:00 [DBG] Endpoint 'Extractify.Api.Controllers.ScrapingTasksController.GetAllTasks (Extractify.Api)' with route pattern 'api/ScrapingTasks' is valid for the request path '/api/ScrapingTasks'
2025-06-10 19:01:12.040 +05:00 [DBG] Request matched endpoint 'Extractify.Api.Controllers.ScrapingTasksController.GetAllTasks (Extractify.Api)'
2025-06-10 19:01:12.042 +05:00 [DBG] Static files was skipped as the request already matched an endpoint.
2025-06-10 19:01:12.044 +05:00 [DBG] The request has an origin header: 'http://localhost:4200'.
2025-06-10 19:01:12.045 +05:00 [INF] CORS policy execution successful.
2025-06-10 19:01:12.046 +05:00 [INF] Executing endpoint 'Extractify.Api.Controllers.ScrapingTasksController.GetAllTasks (Extractify.Api)'
2025-06-10 19:01:12.048 +05:00 [INF] Route matched with {action = "GetAllTasks", controller = "ScrapingTasks"}. Executing controller action with signature System.Threading.Tasks.Task`1[Microsoft.AspNetCore.Mvc.IActionResult] GetAllTasks() on controller Extractify.Api.Controllers.ScrapingTasksController (Extractify.Api).
2025-06-10 19:01:12.053 +05:00 [DBG] Execution plan of authorization filters (in the following order): ["None"]
2025-06-10 19:01:12.055 +05:00 [DBG] Execution plan of resource filters (in the following order): ["None"]
2025-06-10 19:01:12.058 +05:00 [DBG] Execution plan of action filters (in the following order): ["Microsoft.AspNetCore.Mvc.ModelBinding.UnsupportedContentTypeFilter (Order: -3000)","Microsoft.AspNetCore.Mvc.Infrastructure.ModelStateInvalidFilter (Order: -2000)"]
2025-06-10 19:01:12.061 +05:00 [DBG] Execution plan of exception filters (in the following order): ["None"]
2025-06-10 19:01:12.063 +05:00 [DBG] Execution plan of result filters (in the following order): ["Microsoft.AspNetCore.Mvc.Infrastructure.ClientErrorResultFilter (Order: -2000)"]
2025-06-10 19:01:12.068 +05:00 [DBG] Executing controller factory for controller Extractify.Api.Controllers.ScrapingTasksController (Extractify.Api)
2025-06-10 19:01:12.070 +05:00 [DBG] Executed controller factory for controller Extractify.Api.Controllers.ScrapingTasksController (Extractify.Api)
2025-06-10 19:01:12.094 +05:00 [INF] Executing action method Extractify.Api.Controllers.ScrapingTasksController.GetAllTasks (Extractify.Api) - Validation state: "Valid"
2025-06-10 19:01:15.974 +05:00 [DBG] Entity Framework Core 8.0.16 initialized 'ApplicationDbContext' using provider 'Microsoft.EntityFrameworkCore.SqlServer:8.0.16' with options: None
2025-06-10 19:01:15.978 +05:00 [DBG] Creating DbConnection.
2025-06-10 19:01:15.980 +05:00 [DBG] Created DbConnection. (1ms).
2025-06-10 19:01:15.981 +05:00 [DBG] Opening connection to database 'ExtractifyDB' on server 'DESKTOP-6R2M2KQ'.
2025-06-10 19:01:15.983 +05:00 [DBG] Opened connection to database 'ExtractifyDB' on server 'DESKTOP-6R2M2KQ'.
2025-06-10 19:01:15.984 +05:00 [DBG] Creating DbCommand for 'ExecuteReader'.
2025-06-10 19:01:15.986 +05:00 [DBG] Created DbCommand for 'ExecuteReader' (1ms).
2025-06-10 19:01:15.987 +05:00 [DBG] Initialized DbCommand for 'ExecuteReader' (3ms).
2025-06-10 19:01:15.990 +05:00 [DBG] Executing DbCommand [Parameters=[], CommandType='"Text"', CommandTimeout='30']
SELECT [s].[ScrapingTaskId], [s].[CompletedAt], [s].[CreatedAt], [s].[ImageSelector], [s].[Selector], [s].[Status], [s].[Url]
FROM [ScrapingTasks] AS [s]
2025-06-10 19:01:16.028 +05:00 [ERR] Failed executing DbCommand (38ms) [Parameters=[], CommandType='"Text"', CommandTimeout='30']
SELECT [s].[ScrapingTaskId], [s].[CompletedAt], [s].[CreatedAt], [s].[ImageSelector], [s].[Selector], [s].[Status], [s].[Url]
FROM [ScrapingTasks] AS [s]
2025-06-10 19:01:16.031 +05:00 [DBG] Closing connection to database 'ExtractifyDB' on server 'DESKTOP-6R2M2KQ'.
2025-06-10 19:01:16.032 +05:00 [DBG] Closed connection to database 'ExtractifyDB' on server 'DESKTOP-6R2M2KQ' (1ms).
2025-06-10 19:01:16.037 +05:00 [ERR] An exception occurred while iterating over the results of a query for context type 'Extractify.Infrastructure.Data.ApplicationDbContext'.
Microsoft.Data.SqlClient.SqlException (0x80131904): Invalid column name 'ImageSelector'.
   at Microsoft.Data.SqlClient.SqlCommand.<>c.<ExecuteDbDataReaderAsync>b__211_0(Task`1 result)
   at System.Threading.Tasks.ContinuationResultTaskFromResultTask`2.InnerInvoke()
   at System.Threading.ExecutionContext.RunInternal(ExecutionContext executionContext, ContextCallback callback, Object state)
--- End of stack trace from previous location ---
   at System.Threading.ExecutionContext.RunInternal(ExecutionContext executionContext, ContextCallback callback, Object state)
   at System.Threading.Tasks.Task.ExecuteWithThreadLocal(Task& currentTaskSlot, Thread threadPoolThread)
--- End of stack trace from previous location ---
   at Microsoft.EntityFrameworkCore.Storage.RelationalCommand.ExecuteReaderAsync(RelationalCommandParameterObject parameterObject, CancellationToken cancellationToken)
   at Microsoft.EntityFrameworkCore.Storage.RelationalCommand.ExecuteReaderAsync(RelationalCommandParameterObject parameterObject, CancellationToken cancellationToken)
   at Microsoft.EntityFrameworkCore.Query.Internal.SingleQueryingEnumerable`1.AsyncEnumerator.InitializeReaderAsync(AsyncEnumerator enumerator, CancellationToken cancellationToken)
   at Microsoft.EntityFrameworkCore.SqlServer.Storage.Internal.SqlServerExecutionStrategy.ExecuteAsync[TState,TResult](TState state, Func`4 operation, Func`4 verifySucceeded, CancellationToken cancellationToken)
   at Microsoft.EntityFrameworkCore.Query.Internal.SingleQueryingEnumerable`1.AsyncEnumerator.MoveNextAsync()
ClientConnectionId:2a1d3e92-680c-40ea-83f9-4b5674315737
Error Number:207,State:1,Class:16
Microsoft.Data.SqlClient.SqlException (0x80131904): Invalid column name 'ImageSelector'.
   at Microsoft.Data.SqlClient.SqlCommand.<>c.<ExecuteDbDataReaderAsync>b__211_0(Task`1 result)
   at System.Threading.Tasks.ContinuationResultTaskFromResultTask`2.InnerInvoke()
   at System.Threading.ExecutionContext.RunInternal(ExecutionContext executionContext, ContextCallback callback, Object state)
--- End of stack trace from previous location ---
   at System.Threading.ExecutionContext.RunInternal(ExecutionContext executionContext, ContextCallback callback, Object state)
   at System.Threading.Tasks.Task.ExecuteWithThreadLocal(Task& currentTaskSlot, Thread threadPoolThread)
--- End of stack trace from previous location ---
   at Microsoft.EntityFrameworkCore.Storage.RelationalCommand.ExecuteReaderAsync(RelationalCommandParameterObject parameterObject, CancellationToken cancellationToken)
   at Microsoft.EntityFrameworkCore.Storage.RelationalCommand.ExecuteReaderAsync(RelationalCommandParameterObject parameterObject, CancellationToken cancellationToken)
   at Microsoft.EntityFrameworkCore.Query.Internal.SingleQueryingEnumerable`1.AsyncEnumerator.InitializeReaderAsync(AsyncEnumerator enumerator, CancellationToken cancellationToken)
   at Microsoft.EntityFrameworkCore.SqlServer.Storage.Internal.SqlServerExecutionStrategy.ExecuteAsync[TState,TResult](TState state, Func`4 operation, Func`4 verifySucceeded, CancellationToken cancellationToken)
   at Microsoft.EntityFrameworkCore.Query.Internal.SingleQueryingEnumerable`1.AsyncEnumerator.MoveNextAsync()
ClientConnectionId:2a1d3e92-680c-40ea-83f9-4b5674315737
Error Number:207,State:1,Class:16
2025-06-10 19:01:16.333 +05:00 [INF] Executed action method Extractify.Api.Controllers.ScrapingTasksController.GetAllTasks (Extractify.Api), returned result Microsoft.AspNetCore.Mvc.ObjectResult in 4236.2665ms.
2025-06-10 19:01:16.337 +05:00 [DBG] List of registered output formatters, in the following order: ["Microsoft.AspNetCore.Mvc.Formatters.HttpNoContentOutputFormatter","Microsoft.AspNetCore.Mvc.Formatters.StringOutputFormatter","Microsoft.AspNetCore.Mvc.Formatters.StreamOutputFormatter","Microsoft.AspNetCore.Mvc.Formatters.SystemTextJsonOutputFormatter"]
2025-06-10 19:01:16.340 +05:00 [DBG] No information found on request to perform content negotiation.
2025-06-10 19:01:16.341 +05:00 [DBG] Attempting to select an output formatter without using a content type as no explicit content types were specified for the response.
2025-06-10 19:01:16.343 +05:00 [DBG] Attempting to select the first formatter in the output formatters list which can write the result.
2025-06-10 19:01:16.344 +05:00 [DBG] Selected output formatter 'Microsoft.AspNetCore.Mvc.Formatters.SystemTextJsonOutputFormatter' and content type 'application/json' to write the response.
2025-06-10 19:01:16.346 +05:00 [INF] Executing ObjectResult, writing value of type '<>f__AnonymousType1`2[[System.String, System.Private.CoreLib, Version=8.0.0.0, Culture=neutral, PublicKeyToken=7cec85d7bea7798e],[System.String, System.Private.CoreLib, Version=8.0.0.0, Culture=neutral, PublicKeyToken=7cec85d7bea7798e]]'.
2025-06-10 19:01:16.349 +05:00 [INF] Executed action Extractify.Api.Controllers.ScrapingTasksController.GetAllTasks (Extractify.Api) in 4281.5996ms
2025-06-10 19:01:16.351 +05:00 [INF] Executed endpoint 'Extractify.Api.Controllers.ScrapingTasksController.GetAllTasks (Extractify.Api)'
2025-06-10 19:01:16.353 +05:00 [ERR] HTTP GET /api/ScrapingTasks responded 500 in 4309.2564 ms
2025-06-10 19:01:16.355 +05:00 [DBG] 'ApplicationDbContext' disposed.
2025-06-10 19:01:16.356 +05:00 [DBG] Disposing connection to database 'ExtractifyDB' on server 'DESKTOP-6R2M2KQ'.
2025-06-10 19:01:16.358 +05:00 [DBG] Disposed connection to database '' on server '' (1ms).
2025-06-10 19:01:16.360 +05:00 [INF] Request finished HTTP/2 GET https://localhost:7142/api/ScrapingTasks - 500 null application/json; charset=utf-8 4329.0698ms
2025-06-10 19:02:19.646 +05:00 [INF] Validating DI for IScraperClient
2025-06-10 19:02:19.736 +05:00 [INF] Validating DI for IScrapingService
2025-06-10 19:02:19.983 +05:00 [DBG] An 'IServiceProvider' was created for internal use by Entity Framework.
2025-06-10 19:02:20.181 +05:00 [INF] DI validation successful
