2025-06-10 19:02:20.386 +05:00 [DBG] Registered model binder providers, in the following order: ["Microsoft.AspNetCore.Mvc.ModelBinding.Binders.BinderTypeModelBinderProvider","Microsoft.AspNetCore.Mvc.ModelBinding.Binders.ServicesModelBinderProvider","Microsoft.AspNetCore.Mvc.ModelBinding.Binders.BodyModelBinderProvider","Microsoft.AspNetCore.Mvc.ModelBinding.Binders.HeaderModelBinderProvider","Microsoft.AspNetCore.Mvc.ModelBinding.Binders.FloatingPointTypeModelBinderProvider","Microsoft.AspNetCore.Mvc.ModelBinding.Binders.EnumTypeModelBinderProvider","Microsoft.AspNetCore.Mvc.ModelBinding.Binders.DateTimeModelBinderProvider","Microsoft.AspNetCore.Mvc.ModelBinding.Binders.SimpleTypeModelBinderProvider","Microsoft.AspNetCore.Mvc.ModelBinding.Binders.TryParseModelBinderProvider","Microsoft.AspNetCore.Mvc.ModelBinding.Binders.CancellationTokenModelBinderProvider","Microsoft.AspNetCore.Mvc.ModelBinding.Binders.ByteArrayModelBinderProvider","Microsoft.AspNetCore.Mvc.ModelBinding.Binders.FormFileModelBinderProvider","Microsoft.AspNetCore.Mvc.ModelBinding.Binders.FormCollectionModelBinderProvider","Microsoft.AspNetCore.Mvc.ModelBinding.Binders.KeyValuePairModelBinderProvider","Microsoft.AspNetCore.Mvc.ModelBinding.Binders.DictionaryModelBinderProvider","Microsoft.AspNetCore.Mvc.ModelBinding.Binders.ArrayModelBinderProvider","Microsoft.AspNetCore.Mvc.ModelBinding.Binders.CollectionModelBinderProvider","Microsoft.AspNetCore.Mvc.ModelBinding.Binders.ComplexObjectModelBinderProvider"]
2025-06-10 19:02:20.471 +05:00 [DBG] Hosting starting
2025-06-10 19:02:20.776 +05:00 [INF] Now listening on: https://localhost:7142
2025-06-10 19:02:20.777 +05:00 [INF] Now listening on: http://localhost:5217
2025-06-10 19:02:20.779 +05:00 [DBG] Loaded hosting startup assembly Extractify.Api
2025-06-10 19:02:20.780 +05:00 [DBG] Loaded hosting startup assembly Microsoft.WebTools.ApiEndpointDiscovery
2025-06-10 19:02:20.781 +05:00 [DBG] Loaded hosting startup assembly Microsoft.AspNetCore.Watch.BrowserRefresh
2025-06-10 19:02:20.782 +05:00 [DBG] Loaded hosting startup assembly Microsoft.WebTools.BrowserLink.Net
2025-06-10 19:02:20.878 +05:00 [DBG] Connection id "0HND84TLFUDCO" accepted.
2025-06-10 19:02:20.885 +05:00 [DBG] Connection id "0HND84TLFUDCO" received FIN.
2025-06-10 19:02:20.906 +05:00 [DBG] Connection id "0HND84TLFUDCO" started.
2025-06-10 19:02:21.089 +05:00 [INF] Application started. Press Ctrl+C to shut down.
2025-06-10 19:02:21.098 +05:00 [INF] Hosting environment: Development
2025-06-10 19:02:21.099 +05:00 [INF] Content root path: F:\codeFirst\Extractify\Extractify
2025-06-10 19:02:21.100 +05:00 [DBG] Hosting started
2025-06-10 19:02:21.516 +05:00 [DBG] Failed to authenticate HTTPS connection.
System.IO.IOException: Received an unexpected EOF or 0 bytes from the transport stream.
   at System.Net.Security.SslStream.ReceiveHandshakeFrameAsync[TIOAdapter](CancellationToken cancellationToken)
   at System.Net.Security.SslStream.ForceAuthenticationAsync[TIOAdapter](Boolean receiveFirst, Byte[] reAuthenticationData, CancellationToken cancellationToken)
   at System.Net.Security.SslStream.ProcessAuthenticationWithTelemetryAsync(Boolean isAsync, CancellationToken cancellationToken)
   at Microsoft.AspNetCore.Server.Kestrel.Https.Internal.HttpsConnectionMiddleware.OnConnectionAsync(ConnectionContext context)
2025-06-10 19:02:21.661 +05:00 [DBG] Connection id "0HND84TLFUDCO" stopped.
2025-06-10 19:02:21.686 +05:00 [DBG] Connection id "0HND84TLFUDCO" sending FIN because: "The Socket transport's send loop completed gracefully."
2025-06-10 19:02:25.613 +05:00 [DBG] Connection id "0HND84TLFUDCP" accepted.
2025-06-10 19:02:25.975 +05:00 [DBG] Connection id "0HND84TLFUDCP" started.
2025-06-10 19:02:26.115 +05:00 [DBG] Connection 0HND84TLFUDCP established using the following protocol: "Tls12"
2025-06-10 19:02:26.244 +05:00 [INF] Request starting HTTP/2 GET https://localhost:7142/swagger/index.html - null null
2025-06-10 19:02:26.736 +05:00 [DBG] Wildcard detected, all requests with hosts will be allowed.
2025-06-10 19:02:26.801 +05:00 [DBG] No candidates found for the request path '/swagger/index.html'
2025-06-10 19:02:26.803 +05:00 [DBG] Request did not match any endpoints
2025-06-10 19:02:27.018 +05:00 [DBG] Response markup is scheduled to include Browser Link script injection.
2025-06-10 19:02:27.037 +05:00 [DBG] Response markup is scheduled to include browser refresh script injection.
2025-06-10 19:02:27.164 +05:00 [DBG] Response markup was updated to include Browser Link script injection.
2025-06-10 19:02:27.178 +05:00 [DBG] Response markup was updated to include browser refresh script injection.
2025-06-10 19:02:27.192 +05:00 [INF] Request finished HTTP/2 GET https://localhost:7142/swagger/index.html - 200 null text/html;charset=utf-8 948.0592ms
2025-06-10 19:02:27.676 +05:00 [INF] Request starting HTTP/2 GET https://localhost:7142/_framework/aspnetcore-browser-refresh.js - null null
2025-06-10 19:02:28.233 +05:00 [INF] Request starting HTTP/2 GET https://localhost:7142/_vs/browserLink - null null
2025-06-10 19:02:28.299 +05:00 [INF] Request finished HTTP/2 GET https://localhost:7142/_framework/aspnetcore-browser-refresh.js - 200 13764 application/javascript; charset=utf-8 618.3963ms
2025-06-10 19:02:28.306 +05:00 [INF] Request starting HTTP/2 GET https://localhost:7142/_framework/aspnetcore-browser-refresh.js - null null
2025-06-10 19:02:28.483 +05:00 [INF] Request finished HTTP/2 GET https://localhost:7142/_vs/browserLink - 200 null text/javascript; charset=UTF-8 249.6722ms
2025-06-10 19:02:28.580 +05:00 [INF] Request finished HTTP/2 GET https://localhost:7142/_framework/aspnetcore-browser-refresh.js - 200 13764 application/javascript; charset=utf-8 273.7963ms
2025-06-10 19:02:29.436 +05:00 [INF] Request starting HTTP/2 GET https://localhost:7142/swagger/v1/swagger.json - null null
2025-06-10 19:02:29.444 +05:00 [DBG] No candidates found for the request path '/swagger/v1/swagger.json'
2025-06-10 19:02:29.447 +05:00 [DBG] Request did not match any endpoints
2025-06-10 19:02:29.512 +05:00 [INF] Request finished HTTP/2 GET https://localhost:7142/swagger/v1/swagger.json - 200 null application/json;charset=utf-8 75.6845ms
2025-06-10 19:02:32.158 +05:00 [DBG] Connection id "0HND84TLFUDCP" received FIN.
2025-06-10 19:02:32.162 +05:00 [DBG] The connection queue processing loop for 0HND84TLFUDCP completed.
2025-06-10 19:02:32.166 +05:00 [DBG] Connection id "0HND84TLFUDCP" is closed. The last processed stream ID was 9.
2025-06-10 19:02:32.169 +05:00 [DBG] Connection id "0HND84TLFUDCP" sending FIN because: "The Socket transport's send loop completed gracefully."
2025-06-10 19:02:32.183 +05:00 [DBG] Connection id "0HND84TLFUDCP" stopped.
2025-06-10 19:02:34.568 +05:00 [DBG] Connection id "0HND84TLFUDCQ" accepted.
2025-06-10 19:02:34.585 +05:00 [DBG] Connection id "0HND84TLFUDCQ" started.
2025-06-10 19:02:34.611 +05:00 [DBG] Connection 0HND84TLFUDCQ established using the following protocol: "Tls12"
2025-06-10 19:02:34.639 +05:00 [INF] Request starting HTTP/2 GET https://localhost:7142/api/ScrapingTasks - null null
2025-06-10 19:02:34.648 +05:00 [DBG] 1 candidate(s) found for the request path '/api/ScrapingTasks'
2025-06-10 19:02:34.656 +05:00 [DBG] Endpoint 'Extractify.Api.Controllers.ScrapingTasksController.GetAllTasks (Extractify.Api)' with route pattern 'api/ScrapingTasks' is valid for the request path '/api/ScrapingTasks'
2025-06-10 19:02:34.660 +05:00 [DBG] Request matched endpoint 'Extractify.Api.Controllers.ScrapingTasksController.GetAllTasks (Extractify.Api)'
2025-06-10 19:02:34.669 +05:00 [DBG] Static files was skipped as the request already matched an endpoint.
2025-06-10 19:02:34.677 +05:00 [DBG] The request has an origin header: 'http://localhost:4200'.
2025-06-10 19:02:34.680 +05:00 [INF] CORS policy execution successful.
2025-06-10 19:02:34.685 +05:00 [INF] Executing endpoint 'Extractify.Api.Controllers.ScrapingTasksController.GetAllTasks (Extractify.Api)'
2025-06-10 19:02:34.725 +05:00 [INF] Route matched with {action = "GetAllTasks", controller = "ScrapingTasks"}. Executing controller action with signature System.Threading.Tasks.Task`1[Microsoft.AspNetCore.Mvc.IActionResult] GetAllTasks() on controller Extractify.Api.Controllers.ScrapingTasksController (Extractify.Api).
2025-06-10 19:02:34.731 +05:00 [DBG] Execution plan of authorization filters (in the following order): ["None"]
2025-06-10 19:02:34.733 +05:00 [DBG] Execution plan of resource filters (in the following order): ["None"]
2025-06-10 19:02:34.736 +05:00 [DBG] Execution plan of action filters (in the following order): ["Microsoft.AspNetCore.Mvc.ModelBinding.UnsupportedContentTypeFilter (Order: -3000)","Microsoft.AspNetCore.Mvc.Infrastructure.ModelStateInvalidFilter (Order: -2000)"]
2025-06-10 19:02:34.741 +05:00 [DBG] Execution plan of exception filters (in the following order): ["None"]
2025-06-10 19:02:34.743 +05:00 [DBG] Execution plan of result filters (in the following order): ["Microsoft.AspNetCore.Mvc.Infrastructure.ClientErrorResultFilter (Order: -2000)"]
2025-06-10 19:02:34.748 +05:00 [DBG] Executing controller factory for controller Extractify.Api.Controllers.ScrapingTasksController (Extractify.Api)
2025-06-10 19:02:34.771 +05:00 [DBG] Executed controller factory for controller Extractify.Api.Controllers.ScrapingTasksController (Extractify.Api)
2025-06-10 19:02:34.895 +05:00 [INF] Executing action method Extractify.Api.Controllers.ScrapingTasksController.GetAllTasks (Extractify.Api) - Validation state: "Valid"
2025-06-10 19:02:41.798 +05:00 [DBG] Entity Framework Core 8.0.16 initialized 'ApplicationDbContext' using provider 'Microsoft.EntityFrameworkCore.SqlServer:8.0.16' with options: None
2025-06-10 19:02:41.882 +05:00 [DBG] Compiling query expression: 
'DbSet<ScrapingTask>()'
2025-06-10 19:02:42.237 +05:00 [DBG] Generated query execution expression: 
'queryContext => new SingleQueryingEnumerable<ScrapingTask>(
    (RelationalQueryContext)queryContext, 
    RelationalCommandCache.QueryExpression(
        Projection Mapping:
            EmptyProjectionMember -> Dictionary<IProperty, int> { [Property: ScrapingTask.ScrapingTaskId (int) Required PK AfterSave:Throw ValueGenerated.OnAdd, 0], [Property: ScrapingTask.CompletedAt (DateTime?), 1], [Property: ScrapingTask.CreatedAt (DateTime) Required, 2], [Property: ScrapingTask.ImageSelector (string), 3], [Property: ScrapingTask.Selector (string) Required, 4], [Property: ScrapingTask.Status (string) Required, 5], [Property: ScrapingTask.Url (string) Required, 6] }
        SELECT s.ScrapingTaskId, s.CompletedAt, s.CreatedAt, s.ImageSelector, s.Selector, s.Status, s.Url
        FROM ScrapingTasks AS s), 
    null, 
    Func<QueryContext, DbDataReader, ResultContext, SingleQueryResultCoordinator, ScrapingTask>, 
    Extractify.Infrastructure.Data.ApplicationDbContext, 
    False, 
    False, 
    True
)'
2025-06-10 19:02:42.307 +05:00 [DBG] Creating DbConnection.
2025-06-10 19:02:42.351 +05:00 [DBG] Created DbConnection. (41ms).
2025-06-10 19:02:42.357 +05:00 [DBG] Opening connection to database 'ExtractifyDB' on server 'DESKTOP-6R2M2KQ'.
2025-06-10 19:02:43.368 +05:00 [DBG] Opened connection to database 'ExtractifyDB' on server 'DESKTOP-6R2M2KQ'.
2025-06-10 19:02:43.376 +05:00 [DBG] Creating DbCommand for 'ExecuteReader'.
2025-06-10 19:02:43.383 +05:00 [DBG] Created DbCommand for 'ExecuteReader' (7ms).
2025-06-10 19:02:43.388 +05:00 [DBG] Initialized DbCommand for 'ExecuteReader' (13ms).
2025-06-10 19:02:43.403 +05:00 [DBG] Executing DbCommand [Parameters=[], CommandType='"Text"', CommandTimeout='30']
SELECT [s].[ScrapingTaskId], [s].[CompletedAt], [s].[CreatedAt], [s].[ImageSelector], [s].[Selector], [s].[Status], [s].[Url]
FROM [ScrapingTasks] AS [s]
2025-06-10 19:02:43.480 +05:00 [ERR] Failed executing DbCommand (70ms) [Parameters=[], CommandType='"Text"', CommandTimeout='30']
SELECT [s].[ScrapingTaskId], [s].[CompletedAt], [s].[CreatedAt], [s].[ImageSelector], [s].[Selector], [s].[Status], [s].[Url]
FROM [ScrapingTasks] AS [s]
2025-06-10 19:02:43.505 +05:00 [DBG] Closing connection to database 'ExtractifyDB' on server 'DESKTOP-6R2M2KQ'.
2025-06-10 19:02:43.540 +05:00 [DBG] Closed connection to database 'ExtractifyDB' on server 'DESKTOP-6R2M2KQ' (19ms).
2025-06-10 19:02:43.560 +05:00 [ERR] An exception occurred while iterating over the results of a query for context type 'Extractify.Infrastructure.Data.ApplicationDbContext'.
Microsoft.Data.SqlClient.SqlException (0x80131904): Invalid column name 'ImageSelector'.
   at Microsoft.Data.SqlClient.SqlCommand.<>c.<ExecuteDbDataReaderAsync>b__211_0(Task`1 result)
   at System.Threading.Tasks.ContinuationResultTaskFromResultTask`2.InnerInvoke()
   at System.Threading.ExecutionContext.RunInternal(ExecutionContext executionContext, ContextCallback callback, Object state)
--- End of stack trace from previous location ---
   at System.Threading.ExecutionContext.RunInternal(ExecutionContext executionContext, ContextCallback callback, Object state)
   at System.Threading.Tasks.Task.ExecuteWithThreadLocal(Task& currentTaskSlot, Thread threadPoolThread)
--- End of stack trace from previous location ---
   at Microsoft.EntityFrameworkCore.Storage.RelationalCommand.ExecuteReaderAsync(RelationalCommandParameterObject parameterObject, CancellationToken cancellationToken)
   at Microsoft.EntityFrameworkCore.Storage.RelationalCommand.ExecuteReaderAsync(RelationalCommandParameterObject parameterObject, CancellationToken cancellationToken)
   at Microsoft.EntityFrameworkCore.Query.Internal.SingleQueryingEnumerable`1.AsyncEnumerator.InitializeReaderAsync(AsyncEnumerator enumerator, CancellationToken cancellationToken)
   at Microsoft.EntityFrameworkCore.SqlServer.Storage.Internal.SqlServerExecutionStrategy.ExecuteAsync[TState,TResult](TState state, Func`4 operation, Func`4 verifySucceeded, CancellationToken cancellationToken)
   at Microsoft.EntityFrameworkCore.Query.Internal.SingleQueryingEnumerable`1.AsyncEnumerator.MoveNextAsync()
ClientConnectionId:8db5cdca-c99c-4b9a-8d5a-6b99962fa70c
Error Number:207,State:1,Class:16
Microsoft.Data.SqlClient.SqlException (0x80131904): Invalid column name 'ImageSelector'.
   at Microsoft.Data.SqlClient.SqlCommand.<>c.<ExecuteDbDataReaderAsync>b__211_0(Task`1 result)
   at System.Threading.Tasks.ContinuationResultTaskFromResultTask`2.InnerInvoke()
   at System.Threading.ExecutionContext.RunInternal(ExecutionContext executionContext, ContextCallback callback, Object state)
--- End of stack trace from previous location ---
   at System.Threading.ExecutionContext.RunInternal(ExecutionContext executionContext, ContextCallback callback, Object state)
   at System.Threading.Tasks.Task.ExecuteWithThreadLocal(Task& currentTaskSlot, Thread threadPoolThread)
--- End of stack trace from previous location ---
   at Microsoft.EntityFrameworkCore.Storage.RelationalCommand.ExecuteReaderAsync(RelationalCommandParameterObject parameterObject, CancellationToken cancellationToken)
   at Microsoft.EntityFrameworkCore.Storage.RelationalCommand.ExecuteReaderAsync(RelationalCommandParameterObject parameterObject, CancellationToken cancellationToken)
   at Microsoft.EntityFrameworkCore.Query.Internal.SingleQueryingEnumerable`1.AsyncEnumerator.InitializeReaderAsync(AsyncEnumerator enumerator, CancellationToken cancellationToken)
   at Microsoft.EntityFrameworkCore.SqlServer.Storage.Internal.SqlServerExecutionStrategy.ExecuteAsync[TState,TResult](TState state, Func`4 operation, Func`4 verifySucceeded, CancellationToken cancellationToken)
   at Microsoft.EntityFrameworkCore.Query.Internal.SingleQueryingEnumerable`1.AsyncEnumerator.MoveNextAsync()
ClientConnectionId:8db5cdca-c99c-4b9a-8d5a-6b99962fa70c
Error Number:207,State:1,Class:16
2025-06-10 19:04:51.645 +05:00 [INF] Validating DI for IScraperClient
2025-06-10 19:04:51.744 +05:00 [INF] Validating DI for IScrapingService
2025-06-10 19:04:51.985 +05:00 [DBG] An 'IServiceProvider' was created for internal use by Entity Framework.
2025-06-10 19:04:52.241 +05:00 [INF] DI validation successful
