2025-06-11 16:47:52.225 +05:00 [DBG] Registered model binder providers, in the following order: ["Microsoft.AspNetCore.Mvc.ModelBinding.Binders.BinderTypeModelBinderProvider","Microsoft.AspNetCore.Mvc.ModelBinding.Binders.ServicesModelBinderProvider","Microsoft.AspNetCore.Mvc.ModelBinding.Binders.BodyModelBinderProvider","Microsoft.AspNetCore.Mvc.ModelBinding.Binders.HeaderModelBinderProvider","Microsoft.AspNetCore.Mvc.ModelBinding.Binders.FloatingPointTypeModelBinderProvider","Microsoft.AspNetCore.Mvc.ModelBinding.Binders.EnumTypeModelBinderProvider","Microsoft.AspNetCore.Mvc.ModelBinding.Binders.DateTimeModelBinderProvider","Microsoft.AspNetCore.Mvc.ModelBinding.Binders.SimpleTypeModelBinderProvider","Microsoft.AspNetCore.Mvc.ModelBinding.Binders.TryParseModelBinderProvider","Microsoft.AspNetCore.Mvc.ModelBinding.Binders.CancellationTokenModelBinderProvider","Microsoft.AspNetCore.Mvc.ModelBinding.Binders.ByteArrayModelBinderProvider","Microsoft.AspNetCore.Mvc.ModelBinding.Binders.FormFileModelBinderProvider","Microsoft.AspNetCore.Mvc.ModelBinding.Binders.FormCollectionModelBinderProvider","Microsoft.AspNetCore.Mvc.ModelBinding.Binders.KeyValuePairModelBinderProvider","Microsoft.AspNetCore.Mvc.ModelBinding.Binders.DictionaryModelBinderProvider","Microsoft.AspNetCore.Mvc.ModelBinding.Binders.ArrayModelBinderProvider","Microsoft.AspNetCore.Mvc.ModelBinding.Binders.CollectionModelBinderProvider","Microsoft.AspNetCore.Mvc.ModelBinding.Binders.ComplexObjectModelBinderProvider"]
2025-06-11 16:47:52.303 +05:00 [DBG] Hosting starting
2025-06-11 16:47:52.568 +05:00 [INF] Now listening on: https://localhost:7142
2025-06-11 16:47:52.570 +05:00 [INF] Now listening on: http://localhost:5217
2025-06-11 16:47:52.571 +05:00 [DBG] Loaded hosting startup assembly Extractify.Api
2025-06-11 16:47:52.572 +05:00 [DBG] Loaded hosting startup assembly Microsoft.WebTools.ApiEndpointDiscovery
2025-06-11 16:47:52.574 +05:00 [DBG] Loaded hosting startup assembly Microsoft.AspNetCore.Watch.BrowserRefresh
2025-06-11 16:47:52.575 +05:00 [DBG] Loaded hosting startup assembly Microsoft.WebTools.BrowserLink.Net
2025-06-11 16:47:52.681 +05:00 [INF] Application started. Press Ctrl+C to shut down.
2025-06-11 16:47:52.682 +05:00 [INF] Hosting environment: Development
2025-06-11 16:47:52.683 +05:00 [INF] Content root path: F:\codeFirst\Extractify\Extractify
2025-06-11 16:47:52.685 +05:00 [DBG] Hosting started
2025-06-11 16:47:52.756 +05:00 [DBG] Connection id "0HND8RN66UCHL" accepted.
2025-06-11 16:47:52.767 +05:00 [DBG] Connection id "0HND8RN66UCHL" started.
2025-06-11 16:47:52.899 +05:00 [DBG] Connection id "0HND8RN66UCHM" accepted.
2025-06-11 16:47:52.923 +05:00 [DBG] Connection id "0HND8RN66UCHL" received FIN.
2025-06-11 16:47:52.928 +05:00 [DBG] Connection id "0HND8RN66UCHM" received FIN.
2025-06-11 16:47:52.928 +05:00 [DBG] Connection id "0HND8RN66UCHM" started.
2025-06-11 16:47:52.963 +05:00 [DBG] Failed to authenticate HTTPS connection.
System.IO.IOException: Received an unexpected EOF or 0 bytes from the transport stream.
   at System.Net.Security.SslStream.ReceiveHandshakeFrameAsync[TIOAdapter](CancellationToken cancellationToken)
   at System.Net.Security.SslStream.ForceAuthenticationAsync[TIOAdapter](Boolean receiveFirst, Byte[] reAuthenticationData, CancellationToken cancellationToken)
   at System.Net.Security.SslStream.ProcessAuthenticationWithTelemetryAsync(Boolean isAsync, CancellationToken cancellationToken)
   at Microsoft.AspNetCore.Server.Kestrel.Https.Internal.HttpsConnectionMiddleware.OnConnectionAsync(ConnectionContext context)
2025-06-11 16:47:52.955 +05:00 [DBG] Failed to authenticate HTTPS connection.
System.IO.IOException: Received an unexpected EOF or 0 bytes from the transport stream.
   at System.Net.Security.SslStream.ReceiveHandshakeFrameAsync[TIOAdapter](CancellationToken cancellationToken)
   at System.Net.Security.SslStream.ForceAuthenticationAsync[TIOAdapter](Boolean receiveFirst, Byte[] reAuthenticationData, CancellationToken cancellationToken)
   at System.Net.Security.SslStream.ProcessAuthenticationWithTelemetryAsync(Boolean isAsync, CancellationToken cancellationToken)
   at Microsoft.AspNetCore.Server.Kestrel.Https.Internal.HttpsConnectionMiddleware.OnConnectionAsync(ConnectionContext context)
2025-06-11 16:47:53.083 +05:00 [DBG] Connection id "0HND8RN66UCHM" stopped.
2025-06-11 16:47:53.084 +05:00 [DBG] Connection id "0HND8RN66UCHL" stopped.
2025-06-11 16:47:53.091 +05:00 [DBG] Connection id "0HND8RN66UCHM" sending FIN because: "The Socket transport's send loop completed gracefully."
2025-06-11 16:47:53.091 +05:00 [DBG] Connection id "0HND8RN66UCHL" sending FIN because: "The Socket transport's send loop completed gracefully."
2025-06-11 16:47:53.557 +05:00 [DBG] Connection id "0HND8RN66UCHN" accepted.
2025-06-11 16:47:53.566 +05:00 [DBG] Connection id "0HND8RN66UCHN" started.
2025-06-11 16:47:53.680 +05:00 [DBG] Connection 0HND8RN66UCHN established using the following protocol: "Tls12"
2025-06-11 16:47:53.800 +05:00 [INF] Request starting HTTP/2 GET https://localhost:7142/swagger/index.html - null null
2025-06-11 16:47:54.185 +05:00 [DBG] Wildcard detected, all requests with hosts will be allowed.
2025-06-11 16:47:54.220 +05:00 [DBG] No candidates found for the request path '/swagger/index.html'
2025-06-11 16:47:54.224 +05:00 [DBG] Request did not match any endpoints
2025-06-11 16:47:54.365 +05:00 [DBG] Response markup is scheduled to include Browser Link script injection.
2025-06-11 16:47:54.369 +05:00 [DBG] Response markup is scheduled to include browser refresh script injection.
2025-06-11 16:47:54.413 +05:00 [DBG] Response markup was updated to include Browser Link script injection.
2025-06-11 16:47:54.418 +05:00 [DBG] Response markup was updated to include browser refresh script injection.
2025-06-11 16:47:54.426 +05:00 [INF] Request finished HTTP/2 GET https://localhost:7142/swagger/index.html - 200 null text/html;charset=utf-8 634.9627ms
2025-06-11 16:47:54.534 +05:00 [INF] Request starting HTTP/2 GET https://localhost:7142/_framework/aspnetcore-browser-refresh.js - null null
2025-06-11 16:47:54.571 +05:00 [INF] Request finished HTTP/2 GET https://localhost:7142/_framework/aspnetcore-browser-refresh.js - 200 13764 application/javascript; charset=utf-8 37.1868ms
2025-06-11 16:47:55.112 +05:00 [INF] Request starting HTTP/2 GET https://localhost:7142/_vs/browserLink - null null
2025-06-11 16:47:55.234 +05:00 [INF] Request finished HTTP/2 GET https://localhost:7142/_vs/browserLink - 200 null text/javascript; charset=UTF-8 122.1008ms
2025-06-11 16:47:56.160 +05:00 [INF] Request starting HTTP/2 GET https://localhost:7142/swagger/v1/swagger.json - null null
2025-06-11 16:47:56.167 +05:00 [DBG] No candidates found for the request path '/swagger/v1/swagger.json'
2025-06-11 16:47:56.169 +05:00 [DBG] Request did not match any endpoints
2025-06-11 16:47:56.295 +05:00 [INF] Request finished HTTP/2 GET https://localhost:7142/swagger/v1/swagger.json - 200 null application/json;charset=utf-8 135.1788ms
2025-06-11 16:48:15.448 +05:00 [INF] Request starting HTTP/2 POST https://localhost:7142/api/ScrapingTasks - application/json 218
2025-06-11 16:48:15.501 +05:00 [DBG] 1 candidate(s) found for the request path '/api/ScrapingTasks'
2025-06-11 16:48:15.513 +05:00 [DBG] Endpoint 'Extractify.Api.Controllers.ScrapingTasksController.CreateTask (Extractify.Api)' with route pattern 'api/ScrapingTasks' is valid for the request path '/api/ScrapingTasks'
2025-06-11 16:48:15.521 +05:00 [DBG] Request matched endpoint 'Extractify.Api.Controllers.ScrapingTasksController.CreateTask (Extractify.Api)'
2025-06-11 16:48:15.531 +05:00 [DBG] Static files was skipped as the request already matched an endpoint.
2025-06-11 16:48:15.543 +05:00 [DBG] The request has an origin header: 'https://localhost:7142'.
2025-06-11 16:48:15.547 +05:00 [INF] CORS policy execution failed.
2025-06-11 16:48:15.549 +05:00 [INF] Request origin https://localhost:7142 does not have permission to access the resource.
2025-06-11 16:48:15.558 +05:00 [INF] Executing endpoint 'Extractify.Api.Controllers.ScrapingTasksController.CreateTask (Extractify.Api)'
2025-06-11 16:48:15.606 +05:00 [INF] Route matched with {action = "CreateTask", controller = "ScrapingTasks"}. Executing controller action with signature System.Threading.Tasks.Task`1[Microsoft.AspNetCore.Mvc.IActionResult] CreateTask(Extractify.Application.DTOs.ScrapingTaskDto) on controller Extractify.Api.Controllers.ScrapingTasksController (Extractify.Api).
2025-06-11 16:48:15.614 +05:00 [DBG] Execution plan of authorization filters (in the following order): ["None"]
2025-06-11 16:48:15.620 +05:00 [DBG] Execution plan of resource filters (in the following order): ["None"]
2025-06-11 16:48:15.693 +05:00 [DBG] Execution plan of action filters (in the following order): ["Microsoft.AspNetCore.Mvc.ModelBinding.UnsupportedContentTypeFilter (Order: -3000)","Microsoft.AspNetCore.Mvc.Infrastructure.ModelStateInvalidFilter (Order: -2000)"]
2025-06-11 16:48:15.699 +05:00 [DBG] Execution plan of exception filters (in the following order): ["None"]
2025-06-11 16:48:15.704 +05:00 [DBG] Execution plan of result filters (in the following order): ["Microsoft.AspNetCore.Mvc.Infrastructure.ClientErrorResultFilter (Order: -2000)"]
2025-06-11 16:48:15.711 +05:00 [DBG] Executing controller factory for controller Extractify.Api.Controllers.ScrapingTasksController (Extractify.Api)
2025-06-11 16:48:15.766 +05:00 [DBG] Executed controller factory for controller Extractify.Api.Controllers.ScrapingTasksController (Extractify.Api)
2025-06-11 16:48:15.796 +05:00 [DBG] Attempting to bind parameter 'request' of type 'Extractify.Application.DTOs.ScrapingTaskDto' ...
2025-06-11 16:48:15.806 +05:00 [DBG] Attempting to bind parameter 'request' of type 'Extractify.Application.DTOs.ScrapingTaskDto' using the name '' in request data ...
2025-06-11 16:48:15.812 +05:00 [DBG] Selected input formatter 'Microsoft.AspNetCore.Mvc.Formatters.SystemTextJsonInputFormatter' for content type 'application/json'.
2025-06-11 16:48:15.844 +05:00 [DBG] Connection id "0HND8RN66UCHN", Request id "0HND8RN66UCHN:00000009": started reading request body.
2025-06-11 16:48:15.846 +05:00 [DBG] Connection id "0HND8RN66UCHN", Request id "0HND8RN66UCHN:00000009": done reading request body.
2025-06-11 16:48:15.866 +05:00 [DBG] JSON input formatter succeeded, deserializing to type 'Extractify.Application.DTOs.ScrapingTaskDto'
2025-06-11 16:48:15.872 +05:00 [DBG] Done attempting to bind parameter 'request' of type 'Extractify.Application.DTOs.ScrapingTaskDto'.
2025-06-11 16:48:15.875 +05:00 [DBG] Done attempting to bind parameter 'request' of type 'Extractify.Application.DTOs.ScrapingTaskDto'.
2025-06-11 16:48:15.877 +05:00 [DBG] Attempting to validate the bound parameter 'request' of type 'Extractify.Application.DTOs.ScrapingTaskDto' ...
2025-06-11 16:48:15.909 +05:00 [DBG] Done attempting to validate the bound parameter 'request' of type 'Extractify.Application.DTOs.ScrapingTaskDto'.
2025-06-11 16:48:15.919 +05:00 [DBG] The request has model state errors, returning an error response.
2025-06-11 16:48:15.924 +05:00 [DBG] Request was short circuited at action filter 'Microsoft.AspNetCore.Mvc.Infrastructure.ModelStateInvalidFilter'.
2025-06-11 16:48:15.933 +05:00 [DBG] List of registered output formatters, in the following order: ["Microsoft.AspNetCore.Mvc.Formatters.HttpNoContentOutputFormatter","Microsoft.AspNetCore.Mvc.Formatters.StringOutputFormatter","Microsoft.AspNetCore.Mvc.Formatters.StreamOutputFormatter","Microsoft.AspNetCore.Mvc.Formatters.SystemTextJsonOutputFormatter"]
2025-06-11 16:48:15.944 +05:00 [DBG] No information found on request to perform content negotiation.
2025-06-11 16:48:15.949 +05:00 [DBG] Attempting to select the first output formatter in the output formatters list which supports a content type from the explicitly specified content types '["application/problem+json","application/problem+xml","application/problem+json","application/problem+xml"]'.
2025-06-11 16:48:15.966 +05:00 [DBG] Selected output formatter 'Microsoft.AspNetCore.Mvc.Formatters.SystemTextJsonOutputFormatter' and content type 'application/problem+json' to write the response.
2025-06-11 16:48:15.978 +05:00 [INF] Executing BadRequestObjectResult, writing value of type 'Microsoft.AspNetCore.Mvc.ValidationProblemDetails'.
2025-06-11 16:48:16.033 +05:00 [INF] Executed action Extractify.Api.Controllers.ScrapingTasksController.CreateTask (Extractify.Api) in 319.5285ms
2025-06-11 16:48:16.039 +05:00 [INF] Executed endpoint 'Extractify.Api.Controllers.ScrapingTasksController.CreateTask (Extractify.Api)'
2025-06-11 16:48:16.048 +05:00 [INF] HTTP POST /api/ScrapingTasks responded 400 in 504.3592 ms
2025-06-11 16:48:16.058 +05:00 [INF] Request finished HTTP/2 POST https://localhost:7142/api/ScrapingTasks - 400 null application/problem+json; charset=utf-8 609.8355ms
2025-06-11 16:48:49.156 +05:00 [INF] Validating DI for IScraperClient
2025-06-11 16:48:49.292 +05:00 [INF] Validating DI for IScrapingService
2025-06-11 16:48:49.532 +05:00 [DBG] An 'IServiceProvider' was created for internal use by Entity Framework.
2025-06-11 16:48:49.761 +05:00 [INF] DI validation successful
