2025-06-05 20:09:00.733 +05:00 [DBG] Registered model binder providers, in the following order: ["Microsoft.AspNetCore.Mvc.ModelBinding.Binders.BinderTypeModelBinderProvider","Microsoft.AspNetCore.Mvc.ModelBinding.Binders.ServicesModelBinderProvider","Microsoft.AspNetCore.Mvc.ModelBinding.Binders.BodyModelBinderProvider","Microsoft.AspNetCore.Mvc.ModelBinding.Binders.HeaderModelBinderProvider","Microsoft.AspNetCore.Mvc.ModelBinding.Binders.FloatingPointTypeModelBinderProvider","Microsoft.AspNetCore.Mvc.ModelBinding.Binders.EnumTypeModelBinderProvider","Microsoft.AspNetCore.Mvc.ModelBinding.Binders.DateTimeModelBinderProvider","Microsoft.AspNetCore.Mvc.ModelBinding.Binders.SimpleTypeModelBinderProvider","Microsoft.AspNetCore.Mvc.ModelBinding.Binders.TryParseModelBinderProvider","Microsoft.AspNetCore.Mvc.ModelBinding.Binders.CancellationTokenModelBinderProvider","Microsoft.AspNetCore.Mvc.ModelBinding.Binders.ByteArrayModelBinderProvider","Microsoft.AspNetCore.Mvc.ModelBinding.Binders.FormFileModelBinderProvider","Microsoft.AspNetCore.Mvc.ModelBinding.Binders.FormCollectionModelBinderProvider","Microsoft.AspNetCore.Mvc.ModelBinding.Binders.KeyValuePairModelBinderProvider","Microsoft.AspNetCore.Mvc.ModelBinding.Binders.DictionaryModelBinderProvider","Microsoft.AspNetCore.Mvc.ModelBinding.Binders.ArrayModelBinderProvider","Microsoft.AspNetCore.Mvc.ModelBinding.Binders.CollectionModelBinderProvider","Microsoft.AspNetCore.Mvc.ModelBinding.Binders.ComplexObjectModelBinderProvider"]
2025-06-05 20:09:00.839 +05:00 [DBG] Hosting starting
2025-06-05 20:09:01.150 +05:00 [INF] Now listening on: https://localhost:7142
2025-06-05 20:09:01.151 +05:00 [INF] Now listening on: http://localhost:5217
2025-06-05 20:09:01.152 +05:00 [DBG] Loaded hosting startup assembly Extractify.Api
2025-06-05 20:09:01.153 +05:00 [DBG] Loaded hosting startup assembly Microsoft.WebTools.ApiEndpointDiscovery
2025-06-05 20:09:01.155 +05:00 [DBG] Loaded hosting startup assembly Microsoft.AspNetCore.Watch.BrowserRefresh
2025-06-05 20:09:01.156 +05:00 [DBG] Loaded hosting startup assembly Microsoft.WebTools.BrowserLink.Net
2025-06-05 20:09:01.262 +05:00 [INF] Application started. Press Ctrl+C to shut down.
2025-06-05 20:09:01.319 +05:00 [INF] Hosting environment: Development
2025-06-05 20:09:01.321 +05:00 [INF] Content root path: F:\codeFirst\Extractify\Extractify
2025-06-05 20:09:01.322 +05:00 [DBG] Hosting started
2025-06-05 20:09:01.559 +05:00 [DBG] Connection id "0HND48BJOBMLQ" received FIN.
2025-06-05 20:09:01.567 +05:00 [DBG] Connection id "0HND48BJOBMLQ" accepted.
2025-06-05 20:09:01.569 +05:00 [DBG] Connection id "0HND48BJOBMLQ" started.
2025-06-05 20:09:01.850 +05:00 [DBG] Failed to authenticate HTTPS connection.
System.IO.IOException: Received an unexpected EOF or 0 bytes from the transport stream.
   at System.Net.Security.SslStream.ReceiveHandshakeFrameAsync[TIOAdapter](CancellationToken cancellationToken)
   at System.Net.Security.SslStream.ForceAuthenticationAsync[TIOAdapter](Boolean receiveFirst, Byte[] reAuthenticationData, CancellationToken cancellationToken)
   at System.Net.Security.SslStream.ProcessAuthenticationWithTelemetryAsync(Boolean isAsync, CancellationToken cancellationToken)
   at Microsoft.AspNetCore.Server.Kestrel.Https.Internal.HttpsConnectionMiddleware.OnConnectionAsync(ConnectionContext context)
2025-06-05 20:09:01.945 +05:00 [DBG] Connection id "0HND48BJOBMLQ" stopped.
2025-06-05 20:09:01.982 +05:00 [DBG] Connection id "0HND48BJOBMLQ" sending FIN because: "The Socket transport's send loop completed gracefully."
2025-06-05 20:09:02.357 +05:00 [DBG] Connection id "0HND48BJOBMLR" accepted.
2025-06-05 20:09:02.603 +05:00 [DBG] Connection id "0HND48BJOBMLR" started.
2025-06-05 20:09:02.685 +05:00 [DBG] Connection 0HND48BJOBMLR established using the following protocol: "Tls12"
2025-06-05 20:09:02.908 +05:00 [INF] Request starting HTTP/2 GET https://localhost:7142/swagger/index.html - null null
2025-06-05 20:09:03.393 +05:00 [DBG] Wildcard detected, all requests with hosts will be allowed.
2025-06-05 20:09:03.432 +05:00 [DBG] No candidates found for the request path '/swagger/index.html'
2025-06-05 20:09:03.435 +05:00 [DBG] Request did not match any endpoints
2025-06-05 20:09:03.555 +05:00 [DBG] Response markup is scheduled to include Browser Link script injection.
2025-06-05 20:09:03.559 +05:00 [DBG] Response markup is scheduled to include browser refresh script injection.
2025-06-05 20:09:03.597 +05:00 [DBG] Response markup was updated to include Browser Link script injection.
2025-06-05 20:09:03.599 +05:00 [DBG] Response markup was updated to include browser refresh script injection.
2025-06-05 20:09:03.605 +05:00 [INF] Request finished HTTP/2 GET https://localhost:7142/swagger/index.html - 200 null text/html;charset=utf-8 705.8388ms
2025-06-05 20:09:03.724 +05:00 [INF] Request starting HTTP/2 GET https://localhost:7142/_framework/aspnetcore-browser-refresh.js - null null
2025-06-05 20:09:03.748 +05:00 [INF] Request finished HTTP/2 GET https://localhost:7142/_framework/aspnetcore-browser-refresh.js - 200 13764 application/javascript; charset=utf-8 24.7236ms
2025-06-05 20:09:04.285 +05:00 [INF] Request starting HTTP/2 GET https://localhost:7142/_vs/browserLink - null null
2025-06-05 20:09:04.399 +05:00 [INF] Request finished HTTP/2 GET https://localhost:7142/_vs/browserLink - 200 null text/javascript; charset=UTF-8 114.8035ms
2025-06-05 20:09:05.512 +05:00 [INF] Request starting HTTP/2 GET https://localhost:7142/swagger/v1/swagger.json - null null
2025-06-05 20:09:05.518 +05:00 [DBG] No candidates found for the request path '/swagger/v1/swagger.json'
2025-06-05 20:09:05.522 +05:00 [DBG] Request did not match any endpoints
2025-06-05 20:09:05.543 +05:00 [INF] Request finished HTTP/2 GET https://localhost:7142/swagger/v1/swagger.json - 200 null application/json;charset=utf-8 31.4497ms
2025-06-05 20:09:22.642 +05:00 [INF] Request starting HTTP/2 POST https://localhost:7142/api/ScrapingTasks - application/json 209
2025-06-05 20:09:22.652 +05:00 [DBG] 1 candidate(s) found for the request path '/api/ScrapingTasks'
2025-06-05 20:09:22.659 +05:00 [DBG] Endpoint 'Extractify.Api.Controllers.ScrapingTasksController.CreateTask (Extractify.Api)' with route pattern 'api/ScrapingTasks' is valid for the request path '/api/ScrapingTasks'
2025-06-05 20:09:22.662 +05:00 [DBG] Request matched endpoint 'Extractify.Api.Controllers.ScrapingTasksController.CreateTask (Extractify.Api)'
2025-06-05 20:09:22.666 +05:00 [DBG] Static files was skipped as the request already matched an endpoint.
2025-06-05 20:09:22.672 +05:00 [DBG] The request has an origin header: 'https://localhost:7142'.
2025-06-05 20:09:22.675 +05:00 [INF] CORS policy execution failed.
2025-06-05 20:09:22.677 +05:00 [INF] Request origin https://localhost:7142 does not have permission to access the resource.
2025-06-05 20:09:22.685 +05:00 [INF] Executing endpoint 'Extractify.Api.Controllers.ScrapingTasksController.CreateTask (Extractify.Api)'
2025-06-05 20:09:22.746 +05:00 [INF] Route matched with {action = "CreateTask", controller = "ScrapingTasks"}. Executing controller action with signature System.Threading.Tasks.Task`1[Microsoft.AspNetCore.Mvc.IActionResult] CreateTask(Extractify.Application.DTOs.ScrapingTaskDto) on controller Extractify.Api.Controllers.ScrapingTasksController (Extractify.Api).
2025-06-05 20:09:22.751 +05:00 [DBG] Execution plan of authorization filters (in the following order): ["None"]
2025-06-05 20:09:22.753 +05:00 [DBG] Execution plan of resource filters (in the following order): ["None"]
2025-06-05 20:09:22.756 +05:00 [DBG] Execution plan of action filters (in the following order): ["Microsoft.AspNetCore.Mvc.ModelBinding.UnsupportedContentTypeFilter (Order: -3000)","Microsoft.AspNetCore.Mvc.Infrastructure.ModelStateInvalidFilter (Order: -2000)"]
2025-06-05 20:09:22.760 +05:00 [DBG] Execution plan of exception filters (in the following order): ["None"]
2025-06-05 20:09:22.762 +05:00 [DBG] Execution plan of result filters (in the following order): ["Microsoft.AspNetCore.Mvc.Infrastructure.ClientErrorResultFilter (Order: -2000)"]
2025-06-05 20:09:22.765 +05:00 [DBG] Executing controller factory for controller Extractify.Api.Controllers.ScrapingTasksController (Extractify.Api)
2025-06-05 20:09:22.783 +05:00 [DBG] Executed controller factory for controller Extractify.Api.Controllers.ScrapingTasksController (Extractify.Api)
2025-06-05 20:09:22.801 +05:00 [DBG] Attempting to bind parameter 'request' of type 'Extractify.Application.DTOs.ScrapingTaskDto' ...
2025-06-05 20:09:22.807 +05:00 [DBG] Attempting to bind parameter 'request' of type 'Extractify.Application.DTOs.ScrapingTaskDto' using the name '' in request data ...
2025-06-05 20:09:22.811 +05:00 [DBG] Selected input formatter 'Microsoft.AspNetCore.Mvc.Formatters.SystemTextJsonInputFormatter' for content type 'application/json'.
2025-06-05 20:09:22.830 +05:00 [DBG] Connection id "0HND48BJOBMLR", Request id "0HND48BJOBMLR:00000009": started reading request body.
2025-06-05 20:09:22.832 +05:00 [DBG] Connection id "0HND48BJOBMLR", Request id "0HND48BJOBMLR:00000009": done reading request body.
2025-06-05 20:09:22.844 +05:00 [DBG] JSON input formatter succeeded, deserializing to type 'Extractify.Application.DTOs.ScrapingTaskDto'
2025-06-05 20:09:22.845 +05:00 [DBG] Done attempting to bind parameter 'request' of type 'Extractify.Application.DTOs.ScrapingTaskDto'.
2025-06-05 20:09:22.847 +05:00 [DBG] Done attempting to bind parameter 'request' of type 'Extractify.Application.DTOs.ScrapingTaskDto'.
2025-06-05 20:09:22.848 +05:00 [DBG] Attempting to validate the bound parameter 'request' of type 'Extractify.Application.DTOs.ScrapingTaskDto' ...
2025-06-05 20:09:22.863 +05:00 [DBG] Done attempting to validate the bound parameter 'request' of type 'Extractify.Application.DTOs.ScrapingTaskDto'.
2025-06-05 20:09:22.980 +05:00 [INF] Executing action method Extractify.Api.Controllers.ScrapingTasksController.CreateTask (Extractify.Api) - Validation state: "Valid"
2025-06-05 20:09:34.262 +05:00 [DBG] Entity Framework Core 8.0.16 initialized 'ApplicationDbContext' using provider 'Microsoft.EntityFrameworkCore.SqlServer:8.0.16' with options: None
2025-06-05 20:09:34.328 +05:00 [DBG] 'ApplicationDbContext' generated a temporary value for the property 'ScrapingTask.ScrapingTaskId'. Consider using 'DbContextOptionsBuilder.EnableSensitiveDataLogging' to see key values.
2025-06-05 20:09:34.400 +05:00 [DBG] Context 'ApplicationDbContext' started tracking 'ScrapingTask' entity. Consider using 'DbContextOptionsBuilder.EnableSensitiveDataLogging' to see key values.
2025-06-05 20:09:35.043 +05:00 [DBG] SaveChanges starting for 'ApplicationDbContext'.
2025-06-05 20:09:35.054 +05:00 [DBG] DetectChanges starting for 'ApplicationDbContext'.
2025-06-05 20:09:35.073 +05:00 [DBG] DetectChanges completed for 'ApplicationDbContext'.
2025-06-05 20:09:35.153 +05:00 [DBG] Creating DbConnection.
2025-06-05 20:09:35.199 +05:00 [DBG] Created DbConnection. (45ms).
2025-06-05 20:09:35.205 +05:00 [DBG] Opening connection to database 'ExtractifyDB' on server 'DESKTOP-6R2M2KQ'.
2025-06-05 20:09:35.722 +05:00 [DBG] Opened connection to database 'ExtractifyDB' on server 'DESKTOP-6R2M2KQ'.
2025-06-05 20:09:35.742 +05:00 [DBG] Creating DbCommand for 'ExecuteReader'.
2025-06-05 20:09:35.755 +05:00 [DBG] Created DbCommand for 'ExecuteReader' (7ms).
2025-06-05 20:09:35.767 +05:00 [DBG] Initialized DbCommand for 'ExecuteReader' (26ms).
2025-06-05 20:09:35.778 +05:00 [DBG] Executing DbCommand [Parameters=[@p0='?' (DbType = DateTime2), @p1='?' (DbType = DateTime2), @p2='?' (Size = 4000), @p3='?' (Size = 4000), @p4='?' (Size = 4000)], CommandType='"Text"', CommandTimeout='30']
SET IMPLICIT_TRANSACTIONS OFF;
SET NOCOUNT ON;
INSERT INTO [ScrapingTasks] ([CompletedAt], [CreatedAt], [Selector], [Status], [Url])
OUTPUT INSERTED.[ScrapingTaskId]
VALUES (@p0, @p1, @p2, @p3, @p4);
2025-06-05 20:09:35.858 +05:00 [INF] Executed DbCommand (83ms) [Parameters=[@p0='?' (DbType = DateTime2), @p1='?' (DbType = DateTime2), @p2='?' (Size = 4000), @p3='?' (Size = 4000), @p4='?' (Size = 4000)], CommandType='"Text"', CommandTimeout='30']
SET IMPLICIT_TRANSACTIONS OFF;
SET NOCOUNT ON;
INSERT INTO [ScrapingTasks] ([CompletedAt], [CreatedAt], [Selector], [Status], [Url])
OUTPUT INSERTED.[ScrapingTaskId]
VALUES (@p0, @p1, @p2, @p3, @p4);
2025-06-05 20:09:35.878 +05:00 [DBG] The foreign key property 'ScrapingTask.ScrapingTaskId' was detected as changed. Consider using 'DbContextOptionsBuilder.EnableSensitiveDataLogging' to see property values.
2025-06-05 20:09:35.894 +05:00 [DBG] Closing data reader to 'ExtractifyDB' on server 'DESKTOP-6R2M2KQ'.
2025-06-05 20:09:35.903 +05:00 [DBG] A data reader for 'ExtractifyDB' on server 'DESKTOP-6R2M2KQ' is being disposed after spending 37ms reading results.
2025-06-05 20:09:35.908 +05:00 [DBG] Closing connection to database 'ExtractifyDB' on server 'DESKTOP-6R2M2KQ'.
2025-06-05 20:09:35.916 +05:00 [DBG] Closed connection to database 'ExtractifyDB' on server 'DESKTOP-6R2M2KQ' (7ms).
2025-06-05 20:09:35.929 +05:00 [DBG] An entity of type 'ScrapingTask' tracked by 'ApplicationDbContext' changed state from '"Added"' to '"Unchanged"'. Consider using 'DbContextOptionsBuilder.EnableSensitiveDataLogging' to see key values.
2025-06-05 20:09:35.936 +05:00 [DBG] SaveChanges completed for 'ApplicationDbContext' with 1 entities written to the database.
2025-06-05 20:09:49.498 +05:00 [INF] Executed action method Extractify.Api.Controllers.ScrapingTasksController.CreateTask (Extractify.Api), returned result Microsoft.AspNetCore.Mvc.CreatedAtActionResult in 26512.7765ms.
2025-06-05 20:09:49.506 +05:00 [DBG] List of registered output formatters, in the following order: ["Microsoft.AspNetCore.Mvc.Formatters.HttpNoContentOutputFormatter","Microsoft.AspNetCore.Mvc.Formatters.StringOutputFormatter","Microsoft.AspNetCore.Mvc.Formatters.StreamOutputFormatter","Microsoft.AspNetCore.Mvc.Formatters.SystemTextJsonOutputFormatter"]
2025-06-05 20:09:49.512 +05:00 [DBG] No information found on request to perform content negotiation.
2025-06-05 20:09:49.513 +05:00 [DBG] Attempting to select an output formatter without using a content type as no explicit content types were specified for the response.
2025-06-05 20:09:49.514 +05:00 [DBG] Attempting to select the first formatter in the output formatters list which can write the result.
2025-06-05 20:09:49.517 +05:00 [DBG] Selected output formatter 'Microsoft.AspNetCore.Mvc.Formatters.SystemTextJsonOutputFormatter' and content type 'application/json' to write the response.
2025-06-05 20:09:49.519 +05:00 [INF] Executing CreatedAtActionResult, writing value of type 'Extractify.Application.DTOs.ScrapingTaskDto'.
2025-06-05 20:09:49.537 +05:00 [DBG] Found the endpoints ["Extractify.Api.Controllers.ScrapingTasksController.GetTask (Extractify.Api)"] for address (id=[1],action=[GetTask],controller=[ScrapingTasks])
2025-06-05 20:09:49.543 +05:00 [DBG] Successfully processed template api/ScrapingTasks/{id} for Extractify.Api.Controllers.ScrapingTasksController.GetTask (Extractify.Api) resulting in /api/ScrapingTasks/1 and 
2025-06-05 20:09:49.546 +05:00 [DBG] Link generation succeeded for endpoints ["Extractify.Api.Controllers.ScrapingTasksController.GetTask (Extractify.Api)"] with result /api/ScrapingTasks/1
2025-06-05 20:09:49.561 +05:00 [INF] Executed action Extractify.Api.Controllers.ScrapingTasksController.CreateTask (Extractify.Api) in 26793.4939ms
2025-06-05 20:09:49.564 +05:00 [INF] Executed endpoint 'Extractify.Api.Controllers.ScrapingTasksController.CreateTask (Extractify.Api)'
2025-06-05 20:09:49.569 +05:00 [INF] HTTP POST /api/ScrapingTasks responded 201 in 26897.8609 ms
2025-06-05 20:09:49.574 +05:00 [DBG] 'ApplicationDbContext' disposed.
2025-06-05 20:09:49.578 +05:00 [DBG] Disposing connection to database 'ExtractifyDB' on server 'DESKTOP-6R2M2KQ'.
2025-06-05 20:09:49.581 +05:00 [DBG] Disposed connection to database '' on server '' (3ms).
2025-06-05 20:09:49.585 +05:00 [INF] Request finished HTTP/2 POST https://localhost:7142/api/ScrapingTasks - 201 null application/json; charset=utf-8 26943.0794ms
2025-06-05 20:11:29.841 +05:00 [INF] Request starting HTTP/2 POST https://localhost:7142/api/ScrapingTasks - application/json 209
2025-06-05 20:11:29.876 +05:00 [DBG] 1 candidate(s) found for the request path '/api/ScrapingTasks'
2025-06-05 20:11:29.878 +05:00 [DBG] Endpoint 'Extractify.Api.Controllers.ScrapingTasksController.CreateTask (Extractify.Api)' with route pattern 'api/ScrapingTasks' is valid for the request path '/api/ScrapingTasks'
2025-06-05 20:11:29.880 +05:00 [DBG] Request matched endpoint 'Extractify.Api.Controllers.ScrapingTasksController.CreateTask (Extractify.Api)'
2025-06-05 20:11:29.881 +05:00 [DBG] Static files was skipped as the request already matched an endpoint.
2025-06-05 20:11:29.882 +05:00 [DBG] The request has an origin header: 'https://localhost:7142'.
2025-06-05 20:11:29.883 +05:00 [INF] CORS policy execution failed.
2025-06-05 20:11:29.884 +05:00 [INF] Request origin https://localhost:7142 does not have permission to access the resource.
2025-06-05 20:11:29.886 +05:00 [INF] Executing endpoint 'Extractify.Api.Controllers.ScrapingTasksController.CreateTask (Extractify.Api)'
2025-06-05 20:11:29.887 +05:00 [INF] Route matched with {action = "CreateTask", controller = "ScrapingTasks"}. Executing controller action with signature System.Threading.Tasks.Task`1[Microsoft.AspNetCore.Mvc.IActionResult] CreateTask(Extractify.Application.DTOs.ScrapingTaskDto) on controller Extractify.Api.Controllers.ScrapingTasksController (Extractify.Api).
2025-06-05 20:11:29.892 +05:00 [DBG] Execution plan of authorization filters (in the following order): ["None"]
2025-06-05 20:11:29.893 +05:00 [DBG] Execution plan of resource filters (in the following order): ["None"]
2025-06-05 20:11:29.895 +05:00 [DBG] Execution plan of action filters (in the following order): ["Microsoft.AspNetCore.Mvc.ModelBinding.UnsupportedContentTypeFilter (Order: -3000)","Microsoft.AspNetCore.Mvc.Infrastructure.ModelStateInvalidFilter (Order: -2000)"]
2025-06-05 20:11:29.897 +05:00 [DBG] Execution plan of exception filters (in the following order): ["None"]
2025-06-05 20:11:29.899 +05:00 [DBG] Execution plan of result filters (in the following order): ["Microsoft.AspNetCore.Mvc.Infrastructure.ClientErrorResultFilter (Order: -2000)"]
2025-06-05 20:11:29.901 +05:00 [DBG] Executing controller factory for controller Extractify.Api.Controllers.ScrapingTasksController (Extractify.Api)
2025-06-05 20:11:29.903 +05:00 [DBG] Executed controller factory for controller Extractify.Api.Controllers.ScrapingTasksController (Extractify.Api)
2025-06-05 20:11:29.907 +05:00 [DBG] Attempting to bind parameter 'request' of type 'Extractify.Application.DTOs.ScrapingTaskDto' ...
2025-06-05 20:11:29.909 +05:00 [DBG] Attempting to bind parameter 'request' of type 'Extractify.Application.DTOs.ScrapingTaskDto' using the name '' in request data ...
2025-06-05 20:11:29.911 +05:00 [DBG] Selected input formatter 'Microsoft.AspNetCore.Mvc.Formatters.SystemTextJsonInputFormatter' for content type 'application/json'.
2025-06-05 20:11:29.912 +05:00 [DBG] Connection id "0HND48BJOBMLR", Request id "0HND48BJOBMLR:0000000B": started reading request body.
2025-06-05 20:11:29.914 +05:00 [DBG] Connection id "0HND48BJOBMLR", Request id "0HND48BJOBMLR:0000000B": done reading request body.
2025-06-05 20:11:29.916 +05:00 [DBG] JSON input formatter succeeded, deserializing to type 'Extractify.Application.DTOs.ScrapingTaskDto'
2025-06-05 20:11:29.917 +05:00 [DBG] Done attempting to bind parameter 'request' of type 'Extractify.Application.DTOs.ScrapingTaskDto'.
2025-06-05 20:11:29.918 +05:00 [DBG] Done attempting to bind parameter 'request' of type 'Extractify.Application.DTOs.ScrapingTaskDto'.
2025-06-05 20:11:29.919 +05:00 [DBG] Attempting to validate the bound parameter 'request' of type 'Extractify.Application.DTOs.ScrapingTaskDto' ...
2025-06-05 20:11:29.922 +05:00 [DBG] Done attempting to validate the bound parameter 'request' of type 'Extractify.Application.DTOs.ScrapingTaskDto'.
2025-06-05 20:11:29.953 +05:00 [INF] Executing action method Extractify.Api.Controllers.ScrapingTasksController.CreateTask (Extractify.Api) - Validation state: "Valid"
2025-06-05 20:11:40.109 +05:00 [DBG] Entity Framework Core 8.0.16 initialized 'ApplicationDbContext' using provider 'Microsoft.EntityFrameworkCore.SqlServer:8.0.16' with options: None
2025-06-05 20:11:40.114 +05:00 [DBG] 'ApplicationDbContext' generated a temporary value for the property 'ScrapingTask.ScrapingTaskId'. Consider using 'DbContextOptionsBuilder.EnableSensitiveDataLogging' to see key values.
2025-06-05 20:11:40.116 +05:00 [DBG] Context 'ApplicationDbContext' started tracking 'ScrapingTask' entity. Consider using 'DbContextOptionsBuilder.EnableSensitiveDataLogging' to see key values.
2025-06-05 20:11:40.118 +05:00 [DBG] SaveChanges starting for 'ApplicationDbContext'.
2025-06-05 20:11:40.121 +05:00 [DBG] DetectChanges starting for 'ApplicationDbContext'.
2025-06-05 20:11:40.122 +05:00 [DBG] DetectChanges completed for 'ApplicationDbContext'.
2025-06-05 20:11:40.125 +05:00 [DBG] Creating DbConnection.
2025-06-05 20:11:40.126 +05:00 [DBG] Created DbConnection. (1ms).
2025-06-05 20:11:40.128 +05:00 [DBG] Opening connection to database 'ExtractifyDB' on server 'DESKTOP-6R2M2KQ'.
2025-06-05 20:11:40.130 +05:00 [DBG] Opened connection to database 'ExtractifyDB' on server 'DESKTOP-6R2M2KQ'.
2025-06-05 20:11:40.131 +05:00 [DBG] Creating DbCommand for 'ExecuteReader'.
2025-06-05 20:11:40.132 +05:00 [DBG] Created DbCommand for 'ExecuteReader' (1ms).
2025-06-05 20:11:40.134 +05:00 [DBG] Initialized DbCommand for 'ExecuteReader' (2ms).
2025-06-05 20:11:40.137 +05:00 [DBG] Executing DbCommand [Parameters=[@p0='?' (DbType = DateTime2), @p1='?' (DbType = DateTime2), @p2='?' (Size = 4000), @p3='?' (Size = 4000), @p4='?' (Size = 4000)], CommandType='"Text"', CommandTimeout='30']
SET IMPLICIT_TRANSACTIONS OFF;
SET NOCOUNT ON;
INSERT INTO [ScrapingTasks] ([CompletedAt], [CreatedAt], [Selector], [Status], [Url])
OUTPUT INSERTED.[ScrapingTaskId]
VALUES (@p0, @p1, @p2, @p3, @p4);
2025-06-05 20:11:40.171 +05:00 [INF] Executed DbCommand (35ms) [Parameters=[@p0='?' (DbType = DateTime2), @p1='?' (DbType = DateTime2), @p2='?' (Size = 4000), @p3='?' (Size = 4000), @p4='?' (Size = 4000)], CommandType='"Text"', CommandTimeout='30']
SET IMPLICIT_TRANSACTIONS OFF;
SET NOCOUNT ON;
INSERT INTO [ScrapingTasks] ([CompletedAt], [CreatedAt], [Selector], [Status], [Url])
OUTPUT INSERTED.[ScrapingTaskId]
VALUES (@p0, @p1, @p2, @p3, @p4);
2025-06-05 20:11:40.174 +05:00 [DBG] The foreign key property 'ScrapingTask.ScrapingTaskId' was detected as changed. Consider using 'DbContextOptionsBuilder.EnableSensitiveDataLogging' to see property values.
2025-06-05 20:11:40.176 +05:00 [DBG] Closing data reader to 'ExtractifyDB' on server 'DESKTOP-6R2M2KQ'.
2025-06-05 20:11:40.178 +05:00 [DBG] A data reader for 'ExtractifyDB' on server 'DESKTOP-6R2M2KQ' is being disposed after spending 3ms reading results.
2025-06-05 20:11:40.180 +05:00 [DBG] Closing connection to database 'ExtractifyDB' on server 'DESKTOP-6R2M2KQ'.
2025-06-05 20:11:40.181 +05:00 [DBG] Closed connection to database 'ExtractifyDB' on server 'DESKTOP-6R2M2KQ' (1ms).
2025-06-05 20:11:40.185 +05:00 [DBG] An entity of type 'ScrapingTask' tracked by 'ApplicationDbContext' changed state from '"Added"' to '"Unchanged"'. Consider using 'DbContextOptionsBuilder.EnableSensitiveDataLogging' to see key values.
2025-06-05 20:11:40.188 +05:00 [DBG] SaveChanges completed for 'ApplicationDbContext' with 1 entities written to the database.
2025-06-05 20:11:41.650 +05:00 [INF] Executed action method Extractify.Api.Controllers.ScrapingTasksController.CreateTask (Extractify.Api), returned result Microsoft.AspNetCore.Mvc.CreatedAtActionResult in 11692.9061ms.
2025-06-05 20:11:41.655 +05:00 [DBG] List of registered output formatters, in the following order: ["Microsoft.AspNetCore.Mvc.Formatters.HttpNoContentOutputFormatter","Microsoft.AspNetCore.Mvc.Formatters.StringOutputFormatter","Microsoft.AspNetCore.Mvc.Formatters.StreamOutputFormatter","Microsoft.AspNetCore.Mvc.Formatters.SystemTextJsonOutputFormatter"]
2025-06-05 20:11:41.658 +05:00 [DBG] No information found on request to perform content negotiation.
2025-06-05 20:11:41.658 +05:00 [DBG] Attempting to select an output formatter without using a content type as no explicit content types were specified for the response.
2025-06-05 20:11:41.660 +05:00 [DBG] Attempting to select the first formatter in the output formatters list which can write the result.
2025-06-05 20:11:41.661 +05:00 [DBG] Selected output formatter 'Microsoft.AspNetCore.Mvc.Formatters.SystemTextJsonOutputFormatter' and content type 'application/json' to write the response.
2025-06-05 20:11:41.662 +05:00 [INF] Executing CreatedAtActionResult, writing value of type 'Extractify.Application.DTOs.ScrapingTaskDto'.
2025-06-05 20:11:41.729 +05:00 [DBG] Found the endpoints ["Extractify.Api.Controllers.ScrapingTasksController.GetTask (Extractify.Api)"] for address (id=[2],action=[GetTask],controller=[ScrapingTasks])
2025-06-05 20:11:41.731 +05:00 [DBG] Successfully processed template api/ScrapingTasks/{id} for Extractify.Api.Controllers.ScrapingTasksController.GetTask (Extractify.Api) resulting in /api/ScrapingTasks/2 and 
2025-06-05 20:11:41.733 +05:00 [DBG] Link generation succeeded for endpoints ["Extractify.Api.Controllers.ScrapingTasksController.GetTask (Extractify.Api)"] with result /api/ScrapingTasks/2
2025-06-05 20:11:44.416 +05:00 [INF] Executed action Extractify.Api.Controllers.ScrapingTasksController.CreateTask (Extractify.Api) in 14515.6375ms
2025-06-05 20:11:44.419 +05:00 [INF] Executed endpoint 'Extractify.Api.Controllers.ScrapingTasksController.CreateTask (Extractify.Api)'
2025-06-05 20:11:48.277 +05:00 [INF] HTTP POST /api/ScrapingTasks responded 201 in 18394.9493 ms
2025-06-05 20:11:49.822 +05:00 [DBG] 'ApplicationDbContext' disposed.
2025-06-05 20:11:49.826 +05:00 [DBG] Disposing connection to database 'ExtractifyDB' on server 'DESKTOP-6R2M2KQ'.
2025-06-05 20:11:49.830 +05:00 [DBG] Disposed connection to database '' on server '' (4ms).
2025-06-05 20:11:50.404 +05:00 [INF] Request finished HTTP/2 POST https://localhost:7142/api/ScrapingTasks - 201 null application/json; charset=utf-8 20563.0003ms
